ARM GAS  /tmp/cculMQ8i.s 			page 1


   1              		.syntax unified
   2              		.cpu cortex-m0plus
   3              		.fpu softvfp
   4              		.eabi_attribute 20, 1
   5              		.eabi_attribute 21, 1
   6              		.eabi_attribute 23, 3
   7              		.eabi_attribute 24, 1
   8              		.eabi_attribute 25, 1
   9              		.eabi_attribute 26, 1
  10              		.eabi_attribute 30, 1
  11              		.eabi_attribute 34, 0
  12              		.eabi_attribute 18, 4
  13              		.thumb
  14              		.syntax unified
  15              		.file	"ssd1306_fonts.c"
  16              		.text
  17              	.Ltext0:
  18              		.cfi_sections	.debug_frame
  19              		.global	Font_11x18
  20              		.section	.data.Font_11x18,"aw",%progbits
  21              		.align	2
  24              	Font_11x18:
  25 0000 0B       		.byte	11
  26 0001 12       		.byte	18
  27 0002 0000     		.space	2
  28 0004 00000000 		.word	Font11x18
  29              		.section	.rodata.Font11x18,"a",%progbits
  30              		.align	2
  33              	Font11x18:
  34 0000 0000     		.short	0
  35 0002 0000     		.short	0
  36 0004 0000     		.short	0
  37 0006 0000     		.short	0
  38 0008 0000     		.short	0
  39 000a 0000     		.short	0
  40 000c 0000     		.short	0
  41 000e 0000     		.short	0
  42 0010 0000     		.short	0
  43 0012 0000     		.short	0
  44 0014 0000     		.short	0
  45 0016 0000     		.short	0
  46 0018 0000     		.short	0
  47 001a 0000     		.short	0
  48 001c 0000     		.short	0
  49 001e 0000     		.short	0
  50 0020 0000     		.short	0
  51 0022 0000     		.short	0
  52 0024 0000     		.short	0
  53 0026 000C     		.short	3072
  54 0028 000C     		.short	3072
  55 002a 000C     		.short	3072
  56 002c 000C     		.short	3072
  57 002e 000C     		.short	3072
  58 0030 000C     		.short	3072
  59 0032 000C     		.short	3072
  60 0034 000C     		.short	3072
  61 0036 000C     		.short	3072
ARM GAS  /tmp/cculMQ8i.s 			page 2


  62 0038 000C     		.short	3072
  63 003a 000C     		.short	3072
  64 003c 0000     		.short	0
  65 003e 000C     		.short	3072
  66 0040 000C     		.short	3072
  67 0042 0000     		.short	0
  68 0044 0000     		.short	0
  69 0046 0000     		.short	0
  70 0048 0000     		.short	0
  71 004a 001B     		.short	6912
  72 004c 001B     		.short	6912
  73 004e 001B     		.short	6912
  74 0050 001B     		.short	6912
  75 0052 001B     		.short	6912
  76 0054 0000     		.short	0
  77 0056 0000     		.short	0
  78 0058 0000     		.short	0
  79 005a 0000     		.short	0
  80 005c 0000     		.short	0
  81 005e 0000     		.short	0
  82 0060 0000     		.short	0
  83 0062 0000     		.short	0
  84 0064 0000     		.short	0
  85 0066 0000     		.short	0
  86 0068 0000     		.short	0
  87 006a 0000     		.short	0
  88 006c 0000     		.short	0
  89 006e 8019     		.short	6528
  90 0070 8019     		.short	6528
  91 0072 8019     		.short	6528
  92 0074 8019     		.short	6528
  93 0076 C07F     		.short	32704
  94 0078 C07F     		.short	32704
  95 007a 8019     		.short	6528
  96 007c 0033     		.short	13056
  97 007e C07F     		.short	32704
  98 0080 C07F     		.short	32704
  99 0082 0033     		.short	13056
 100 0084 0033     		.short	13056
 101 0086 0033     		.short	13056
 102 0088 0033     		.short	13056
 103 008a 0000     		.short	0
 104 008c 0000     		.short	0
 105 008e 0000     		.short	0
 106 0090 0000     		.short	0
 107 0092 001E     		.short	7680
 108 0094 003F     		.short	16128
 109 0096 8075     		.short	30080
 110 0098 8065     		.short	25984
 111 009a 0074     		.short	29696
 112 009c 003C     		.short	15360
 113 009e 001E     		.short	7680
 114 00a0 0007     		.short	1792
 115 00a2 8005     		.short	1408
 116 00a4 8065     		.short	25984
 117 00a6 8065     		.short	25984
 118 00a8 8075     		.short	30080
ARM GAS  /tmp/cculMQ8i.s 			page 3


 119 00aa 003F     		.short	16128
 120 00ac 001E     		.short	7680
 121 00ae 0004     		.short	1024
 122 00b0 0004     		.short	1024
 123 00b2 0000     		.short	0
 124 00b4 0000     		.short	0
 125 00b6 0070     		.short	28672
 126 00b8 00D8     		.short	-10240
 127 00ba 40D8     		.short	-10176
 128 00bc C0D8     		.short	-10048
 129 00be 80D9     		.short	-9856
 130 00c0 0073     		.short	29440
 131 00c2 0006     		.short	1536
 132 00c4 000C     		.short	3072
 133 00c6 801B     		.short	7040
 134 00c8 C036     		.short	14016
 135 00ca C066     		.short	26304
 136 00cc C046     		.short	18112
 137 00ce C006     		.short	1728
 138 00d0 8003     		.short	896
 139 00d2 0000     		.short	0
 140 00d4 0000     		.short	0
 141 00d6 0000     		.short	0
 142 00d8 0000     		.short	0
 143 00da 001E     		.short	7680
 144 00dc 003F     		.short	16128
 145 00de 0033     		.short	13056
 146 00e0 0033     		.short	13056
 147 00e2 0033     		.short	13056
 148 00e4 001E     		.short	7680
 149 00e6 000C     		.short	3072
 150 00e8 C03C     		.short	15552
 151 00ea C066     		.short	26304
 152 00ec 8063     		.short	25472
 153 00ee 8061     		.short	24960
 154 00f0 8063     		.short	25472
 155 00f2 C03E     		.short	16064
 156 00f4 801C     		.short	7296
 157 00f6 0000     		.short	0
 158 00f8 0000     		.short	0
 159 00fa 0000     		.short	0
 160 00fc 0000     		.short	0
 161 00fe 000C     		.short	3072
 162 0100 000C     		.short	3072
 163 0102 000C     		.short	3072
 164 0104 000C     		.short	3072
 165 0106 000C     		.short	3072
 166 0108 0000     		.short	0
 167 010a 0000     		.short	0
 168 010c 0000     		.short	0
 169 010e 0000     		.short	0
 170 0110 0000     		.short	0
 171 0112 0000     		.short	0
 172 0114 0000     		.short	0
 173 0116 0000     		.short	0
 174 0118 0000     		.short	0
 175 011a 0000     		.short	0
ARM GAS  /tmp/cculMQ8i.s 			page 4


 176 011c 0000     		.short	0
 177 011e 0000     		.short	0
 178 0120 8000     		.short	128
 179 0122 0001     		.short	256
 180 0124 0003     		.short	768
 181 0126 0006     		.short	1536
 182 0128 0006     		.short	1536
 183 012a 0004     		.short	1024
 184 012c 000C     		.short	3072
 185 012e 000C     		.short	3072
 186 0130 000C     		.short	3072
 187 0132 000C     		.short	3072
 188 0134 000C     		.short	3072
 189 0136 000C     		.short	3072
 190 0138 0004     		.short	1024
 191 013a 0006     		.short	1536
 192 013c 0006     		.short	1536
 193 013e 0003     		.short	768
 194 0140 0001     		.short	256
 195 0142 8000     		.short	128
 196 0144 0020     		.short	8192
 197 0146 0010     		.short	4096
 198 0148 0018     		.short	6144
 199 014a 000C     		.short	3072
 200 014c 000C     		.short	3072
 201 014e 0004     		.short	1024
 202 0150 0006     		.short	1536
 203 0152 0006     		.short	1536
 204 0154 0006     		.short	1536
 205 0156 0006     		.short	1536
 206 0158 0006     		.short	1536
 207 015a 0006     		.short	1536
 208 015c 0004     		.short	1024
 209 015e 000C     		.short	3072
 210 0160 000C     		.short	3072
 211 0162 0018     		.short	6144
 212 0164 0010     		.short	4096
 213 0166 0020     		.short	8192
 214 0168 0000     		.short	0
 215 016a 000C     		.short	3072
 216 016c 002D     		.short	11520
 217 016e 003F     		.short	16128
 218 0170 001E     		.short	7680
 219 0172 0033     		.short	13056
 220 0174 0000     		.short	0
 221 0176 0000     		.short	0
 222 0178 0000     		.short	0
 223 017a 0000     		.short	0
 224 017c 0000     		.short	0
 225 017e 0000     		.short	0
 226 0180 0000     		.short	0
 227 0182 0000     		.short	0
 228 0184 0000     		.short	0
 229 0186 0000     		.short	0
 230 0188 0000     		.short	0
 231 018a 0000     		.short	0
 232 018c 0000     		.short	0
ARM GAS  /tmp/cculMQ8i.s 			page 5


 233 018e 0000     		.short	0
 234 0190 0000     		.short	0
 235 0192 000C     		.short	3072
 236 0194 000C     		.short	3072
 237 0196 000C     		.short	3072
 238 0198 000C     		.short	3072
 239 019a C0FF     		.short	-64
 240 019c C0FF     		.short	-64
 241 019e 000C     		.short	3072
 242 01a0 000C     		.short	3072
 243 01a2 000C     		.short	3072
 244 01a4 000C     		.short	3072
 245 01a6 0000     		.short	0
 246 01a8 0000     		.short	0
 247 01aa 0000     		.short	0
 248 01ac 0000     		.short	0
 249 01ae 0000     		.short	0
 250 01b0 0000     		.short	0
 251 01b2 0000     		.short	0
 252 01b4 0000     		.short	0
 253 01b6 0000     		.short	0
 254 01b8 0000     		.short	0
 255 01ba 0000     		.short	0
 256 01bc 0000     		.short	0
 257 01be 0000     		.short	0
 258 01c0 0000     		.short	0
 259 01c2 0000     		.short	0
 260 01c4 0000     		.short	0
 261 01c6 0000     		.short	0
 262 01c8 0000     		.short	0
 263 01ca 000C     		.short	3072
 264 01cc 000C     		.short	3072
 265 01ce 0004     		.short	1024
 266 01d0 0004     		.short	1024
 267 01d2 0008     		.short	2048
 268 01d4 0000     		.short	0
 269 01d6 0000     		.short	0
 270 01d8 0000     		.short	0
 271 01da 0000     		.short	0
 272 01dc 0000     		.short	0
 273 01de 0000     		.short	0
 274 01e0 0000     		.short	0
 275 01e2 0000     		.short	0
 276 01e4 0000     		.short	0
 277 01e6 001E     		.short	7680
 278 01e8 001E     		.short	7680
 279 01ea 0000     		.short	0
 280 01ec 0000     		.short	0
 281 01ee 0000     		.short	0
 282 01f0 0000     		.short	0
 283 01f2 0000     		.short	0
 284 01f4 0000     		.short	0
 285 01f6 0000     		.short	0
 286 01f8 0000     		.short	0
 287 01fa 0000     		.short	0
 288 01fc 0000     		.short	0
 289 01fe 0000     		.short	0
ARM GAS  /tmp/cculMQ8i.s 			page 6


 290 0200 0000     		.short	0
 291 0202 0000     		.short	0
 292 0204 0000     		.short	0
 293 0206 0000     		.short	0
 294 0208 0000     		.short	0
 295 020a 0000     		.short	0
 296 020c 0000     		.short	0
 297 020e 0000     		.short	0
 298 0210 0000     		.short	0
 299 0212 000C     		.short	3072
 300 0214 000C     		.short	3072
 301 0216 0000     		.short	0
 302 0218 0000     		.short	0
 303 021a 0000     		.short	0
 304 021c 0000     		.short	0
 305 021e 0003     		.short	768
 306 0220 0003     		.short	768
 307 0222 0003     		.short	768
 308 0224 0006     		.short	1536
 309 0226 0006     		.short	1536
 310 0228 0006     		.short	1536
 311 022a 0006     		.short	1536
 312 022c 000C     		.short	3072
 313 022e 000C     		.short	3072
 314 0230 000C     		.short	3072
 315 0232 000C     		.short	3072
 316 0234 0018     		.short	6144
 317 0236 0018     		.short	6144
 318 0238 0018     		.short	6144
 319 023a 0000     		.short	0
 320 023c 0000     		.short	0
 321 023e 0000     		.short	0
 322 0240 0000     		.short	0
 323 0242 001E     		.short	7680
 324 0244 003F     		.short	16128
 325 0246 0033     		.short	13056
 326 0248 8061     		.short	24960
 327 024a 8061     		.short	24960
 328 024c 8061     		.short	24960
 329 024e 806D     		.short	28032
 330 0250 806D     		.short	28032
 331 0252 8061     		.short	24960
 332 0254 8061     		.short	24960
 333 0256 8061     		.short	24960
 334 0258 0033     		.short	13056
 335 025a 003F     		.short	16128
 336 025c 001E     		.short	7680
 337 025e 0000     		.short	0
 338 0260 0000     		.short	0
 339 0262 0000     		.short	0
 340 0264 0000     		.short	0
 341 0266 0006     		.short	1536
 342 0268 000E     		.short	3584
 343 026a 001E     		.short	7680
 344 026c 0036     		.short	13824
 345 026e 0026     		.short	9728
 346 0270 0006     		.short	1536
ARM GAS  /tmp/cculMQ8i.s 			page 7


 347 0272 0006     		.short	1536
 348 0274 0006     		.short	1536
 349 0276 0006     		.short	1536
 350 0278 0006     		.short	1536
 351 027a 0006     		.short	1536
 352 027c 0006     		.short	1536
 353 027e 0006     		.short	1536
 354 0280 0006     		.short	1536
 355 0282 0000     		.short	0
 356 0284 0000     		.short	0
 357 0286 0000     		.short	0
 358 0288 0000     		.short	0
 359 028a 001E     		.short	7680
 360 028c 003F     		.short	16128
 361 028e 8073     		.short	29568
 362 0290 8061     		.short	24960
 363 0292 8061     		.short	24960
 364 0294 8001     		.short	384
 365 0296 0003     		.short	768
 366 0298 0006     		.short	1536
 367 029a 000C     		.short	3072
 368 029c 0018     		.short	6144
 369 029e 0030     		.short	12288
 370 02a0 0060     		.short	24576
 371 02a2 807F     		.short	32640
 372 02a4 807F     		.short	32640
 373 02a6 0000     		.short	0
 374 02a8 0000     		.short	0
 375 02aa 0000     		.short	0
 376 02ac 0000     		.short	0
 377 02ae 001C     		.short	7168
 378 02b0 003E     		.short	15872
 379 02b2 0063     		.short	25344
 380 02b4 0063     		.short	25344
 381 02b6 0003     		.short	768
 382 02b8 000E     		.short	3584
 383 02ba 000E     		.short	3584
 384 02bc 0003     		.short	768
 385 02be 8001     		.short	384
 386 02c0 8001     		.short	384
 387 02c2 8061     		.short	24960
 388 02c4 8073     		.short	29568
 389 02c6 003F     		.short	16128
 390 02c8 001E     		.short	7680
 391 02ca 0000     		.short	0
 392 02cc 0000     		.short	0
 393 02ce 0000     		.short	0
 394 02d0 0000     		.short	0
 395 02d2 0006     		.short	1536
 396 02d4 000E     		.short	3584
 397 02d6 000E     		.short	3584
 398 02d8 001E     		.short	7680
 399 02da 001E     		.short	7680
 400 02dc 0016     		.short	5632
 401 02de 0036     		.short	13824
 402 02e0 0036     		.short	13824
 403 02e2 0066     		.short	26112
ARM GAS  /tmp/cculMQ8i.s 			page 8


 404 02e4 807F     		.short	32640
 405 02e6 807F     		.short	32640
 406 02e8 0006     		.short	1536
 407 02ea 0006     		.short	1536
 408 02ec 0006     		.short	1536
 409 02ee 0000     		.short	0
 410 02f0 0000     		.short	0
 411 02f2 0000     		.short	0
 412 02f4 0000     		.short	0
 413 02f6 007F     		.short	32512
 414 02f8 007F     		.short	32512
 415 02fa 0060     		.short	24576
 416 02fc 0060     		.short	24576
 417 02fe 0060     		.short	24576
 418 0300 006E     		.short	28160
 419 0302 007F     		.short	32512
 420 0304 8063     		.short	25472
 421 0306 8001     		.short	384
 422 0308 8001     		.short	384
 423 030a 8061     		.short	24960
 424 030c 8073     		.short	29568
 425 030e 003F     		.short	16128
 426 0310 001E     		.short	7680
 427 0312 0000     		.short	0
 428 0314 0000     		.short	0
 429 0316 0000     		.short	0
 430 0318 0000     		.short	0
 431 031a 001E     		.short	7680
 432 031c 003F     		.short	16128
 433 031e 8033     		.short	13184
 434 0320 8061     		.short	24960
 435 0322 0060     		.short	24576
 436 0324 006E     		.short	28160
 437 0326 007F     		.short	32512
 438 0328 8073     		.short	29568
 439 032a 8061     		.short	24960
 440 032c 8061     		.short	24960
 441 032e 8061     		.short	24960
 442 0330 8033     		.short	13184
 443 0332 003F     		.short	16128
 444 0334 001E     		.short	7680
 445 0336 0000     		.short	0
 446 0338 0000     		.short	0
 447 033a 0000     		.short	0
 448 033c 0000     		.short	0
 449 033e 807F     		.short	32640
 450 0340 807F     		.short	32640
 451 0342 8001     		.short	384
 452 0344 0003     		.short	768
 453 0346 0003     		.short	768
 454 0348 0006     		.short	1536
 455 034a 0006     		.short	1536
 456 034c 000C     		.short	3072
 457 034e 000C     		.short	3072
 458 0350 000C     		.short	3072
 459 0352 0008     		.short	2048
 460 0354 0018     		.short	6144
ARM GAS  /tmp/cculMQ8i.s 			page 9


 461 0356 0018     		.short	6144
 462 0358 0018     		.short	6144
 463 035a 0000     		.short	0
 464 035c 0000     		.short	0
 465 035e 0000     		.short	0
 466 0360 0000     		.short	0
 467 0362 001E     		.short	7680
 468 0364 003F     		.short	16128
 469 0366 8063     		.short	25472
 470 0368 8061     		.short	24960
 471 036a 8061     		.short	24960
 472 036c 0021     		.short	8448
 473 036e 001E     		.short	7680
 474 0370 003F     		.short	16128
 475 0372 8061     		.short	24960
 476 0374 8061     		.short	24960
 477 0376 8061     		.short	24960
 478 0378 8061     		.short	24960
 479 037a 003F     		.short	16128
 480 037c 001E     		.short	7680
 481 037e 0000     		.short	0
 482 0380 0000     		.short	0
 483 0382 0000     		.short	0
 484 0384 0000     		.short	0
 485 0386 001E     		.short	7680
 486 0388 003F     		.short	16128
 487 038a 0073     		.short	29440
 488 038c 8061     		.short	24960
 489 038e 8061     		.short	24960
 490 0390 8061     		.short	24960
 491 0392 8073     		.short	29568
 492 0394 803F     		.short	16256
 493 0396 801D     		.short	7552
 494 0398 8001     		.short	384
 495 039a 8061     		.short	24960
 496 039c 0073     		.short	29440
 497 039e 003F     		.short	16128
 498 03a0 001E     		.short	7680
 499 03a2 0000     		.short	0
 500 03a4 0000     		.short	0
 501 03a6 0000     		.short	0
 502 03a8 0000     		.short	0
 503 03aa 0000     		.short	0
 504 03ac 0000     		.short	0
 505 03ae 0000     		.short	0
 506 03b0 0000     		.short	0
 507 03b2 000C     		.short	3072
 508 03b4 000C     		.short	3072
 509 03b6 0000     		.short	0
 510 03b8 0000     		.short	0
 511 03ba 0000     		.short	0
 512 03bc 0000     		.short	0
 513 03be 0000     		.short	0
 514 03c0 0000     		.short	0
 515 03c2 000C     		.short	3072
 516 03c4 000C     		.short	3072
 517 03c6 0000     		.short	0
ARM GAS  /tmp/cculMQ8i.s 			page 10


 518 03c8 0000     		.short	0
 519 03ca 0000     		.short	0
 520 03cc 0000     		.short	0
 521 03ce 0000     		.short	0
 522 03d0 0000     		.short	0
 523 03d2 0000     		.short	0
 524 03d4 0000     		.short	0
 525 03d6 0000     		.short	0
 526 03d8 000C     		.short	3072
 527 03da 000C     		.short	3072
 528 03dc 0000     		.short	0
 529 03de 0000     		.short	0
 530 03e0 0000     		.short	0
 531 03e2 0000     		.short	0
 532 03e4 0000     		.short	0
 533 03e6 000C     		.short	3072
 534 03e8 000C     		.short	3072
 535 03ea 0004     		.short	1024
 536 03ec 0004     		.short	1024
 537 03ee 0008     		.short	2048
 538 03f0 0000     		.short	0
 539 03f2 0000     		.short	0
 540 03f4 0000     		.short	0
 541 03f6 0000     		.short	0
 542 03f8 8000     		.short	128
 543 03fa 8003     		.short	896
 544 03fc 000E     		.short	3584
 545 03fe 0038     		.short	14336
 546 0400 0060     		.short	24576
 547 0402 0038     		.short	14336
 548 0404 000E     		.short	3584
 549 0406 8003     		.short	896
 550 0408 8000     		.short	128
 551 040a 0000     		.short	0
 552 040c 0000     		.short	0
 553 040e 0000     		.short	0
 554 0410 0000     		.short	0
 555 0412 0000     		.short	0
 556 0414 0000     		.short	0
 557 0416 0000     		.short	0
 558 0418 0000     		.short	0
 559 041a 0000     		.short	0
 560 041c 0000     		.short	0
 561 041e 807F     		.short	32640
 562 0420 807F     		.short	32640
 563 0422 0000     		.short	0
 564 0424 0000     		.short	0
 565 0426 807F     		.short	32640
 566 0428 807F     		.short	32640
 567 042a 0000     		.short	0
 568 042c 0000     		.short	0
 569 042e 0000     		.short	0
 570 0430 0000     		.short	0
 571 0432 0000     		.short	0
 572 0434 0000     		.short	0
 573 0436 0000     		.short	0
 574 0438 0000     		.short	0
ARM GAS  /tmp/cculMQ8i.s 			page 11


 575 043a 0000     		.short	0
 576 043c 0000     		.short	0
 577 043e 0000     		.short	0
 578 0440 0040     		.short	16384
 579 0442 0070     		.short	28672
 580 0444 001C     		.short	7168
 581 0446 0007     		.short	1792
 582 0448 8001     		.short	384
 583 044a 0007     		.short	1792
 584 044c 001C     		.short	7168
 585 044e 0070     		.short	28672
 586 0450 0040     		.short	16384
 587 0452 0000     		.short	0
 588 0454 0000     		.short	0
 589 0456 0000     		.short	0
 590 0458 0000     		.short	0
 591 045a 0000     		.short	0
 592 045c 0000     		.short	0
 593 045e 001F     		.short	7936
 594 0460 803F     		.short	16256
 595 0462 C071     		.short	29120
 596 0464 C060     		.short	24768
 597 0466 C000     		.short	192
 598 0468 C001     		.short	448
 599 046a 8003     		.short	896
 600 046c 0007     		.short	1792
 601 046e 000E     		.short	3584
 602 0470 000C     		.short	3072
 603 0472 000C     		.short	3072
 604 0474 0000     		.short	0
 605 0476 000C     		.short	3072
 606 0478 000C     		.short	3072
 607 047a 0000     		.short	0
 608 047c 0000     		.short	0
 609 047e 0000     		.short	0
 610 0480 0000     		.short	0
 611 0482 001E     		.short	7680
 612 0484 003F     		.short	16128
 613 0486 8031     		.short	12672
 614 0488 8071     		.short	29056
 615 048a 8063     		.short	25472
 616 048c 806F     		.short	28544
 617 048e 806D     		.short	28032
 618 0490 806D     		.short	28032
 619 0492 806F     		.short	28544
 620 0494 8067     		.short	26496
 621 0496 0060     		.short	24576
 622 0498 0032     		.short	12800
 623 049a 003E     		.short	15872
 624 049c 001C     		.short	7168
 625 049e 0000     		.short	0
 626 04a0 0000     		.short	0
 627 04a2 0000     		.short	0
 628 04a4 0000     		.short	0
 629 04a6 000E     		.short	3584
 630 04a8 000E     		.short	3584
 631 04aa 001B     		.short	6912
ARM GAS  /tmp/cculMQ8i.s 			page 12


 632 04ac 001B     		.short	6912
 633 04ae 001B     		.short	6912
 634 04b0 001B     		.short	6912
 635 04b2 8031     		.short	12672
 636 04b4 8031     		.short	12672
 637 04b6 803F     		.short	16256
 638 04b8 803F     		.short	16256
 639 04ba 8031     		.short	12672
 640 04bc C060     		.short	24768
 641 04be C060     		.short	24768
 642 04c0 C060     		.short	24768
 643 04c2 0000     		.short	0
 644 04c4 0000     		.short	0
 645 04c6 0000     		.short	0
 646 04c8 0000     		.short	0
 647 04ca 007C     		.short	31744
 648 04cc 007E     		.short	32256
 649 04ce 0063     		.short	25344
 650 04d0 0063     		.short	25344
 651 04d2 0063     		.short	25344
 652 04d4 0063     		.short	25344
 653 04d6 007E     		.short	32256
 654 04d8 007E     		.short	32256
 655 04da 0063     		.short	25344
 656 04dc 8061     		.short	24960
 657 04de 8061     		.short	24960
 658 04e0 8063     		.short	25472
 659 04e2 007F     		.short	32512
 660 04e4 007E     		.short	32256
 661 04e6 0000     		.short	0
 662 04e8 0000     		.short	0
 663 04ea 0000     		.short	0
 664 04ec 0000     		.short	0
 665 04ee 001E     		.short	7680
 666 04f0 003F     		.short	16128
 667 04f2 8031     		.short	12672
 668 04f4 8061     		.short	24960
 669 04f6 0060     		.short	24576
 670 04f8 0060     		.short	24576
 671 04fa 0060     		.short	24576
 672 04fc 0060     		.short	24576
 673 04fe 0060     		.short	24576
 674 0500 0060     		.short	24576
 675 0502 8061     		.short	24960
 676 0504 8031     		.short	12672
 677 0506 003F     		.short	16128
 678 0508 001E     		.short	7680
 679 050a 0000     		.short	0
 680 050c 0000     		.short	0
 681 050e 0000     		.short	0
 682 0510 0000     		.short	0
 683 0512 007C     		.short	31744
 684 0514 007F     		.short	32512
 685 0516 0063     		.short	25344
 686 0518 8063     		.short	25472
 687 051a 8061     		.short	24960
 688 051c 8061     		.short	24960
ARM GAS  /tmp/cculMQ8i.s 			page 13


 689 051e 8061     		.short	24960
 690 0520 8061     		.short	24960
 691 0522 8061     		.short	24960
 692 0524 8061     		.short	24960
 693 0526 0063     		.short	25344
 694 0528 0063     		.short	25344
 695 052a 007E     		.short	32256
 696 052c 007C     		.short	31744
 697 052e 0000     		.short	0
 698 0530 0000     		.short	0
 699 0532 0000     		.short	0
 700 0534 0000     		.short	0
 701 0536 807F     		.short	32640
 702 0538 807F     		.short	32640
 703 053a 0060     		.short	24576
 704 053c 0060     		.short	24576
 705 053e 0060     		.short	24576
 706 0540 0060     		.short	24576
 707 0542 007F     		.short	32512
 708 0544 007F     		.short	32512
 709 0546 0060     		.short	24576
 710 0548 0060     		.short	24576
 711 054a 0060     		.short	24576
 712 054c 0060     		.short	24576
 713 054e 807F     		.short	32640
 714 0550 807F     		.short	32640
 715 0552 0000     		.short	0
 716 0554 0000     		.short	0
 717 0556 0000     		.short	0
 718 0558 0000     		.short	0
 719 055a 807F     		.short	32640
 720 055c 807F     		.short	32640
 721 055e 0060     		.short	24576
 722 0560 0060     		.short	24576
 723 0562 0060     		.short	24576
 724 0564 0060     		.short	24576
 725 0566 007F     		.short	32512
 726 0568 007F     		.short	32512
 727 056a 0060     		.short	24576
 728 056c 0060     		.short	24576
 729 056e 0060     		.short	24576
 730 0570 0060     		.short	24576
 731 0572 0060     		.short	24576
 732 0574 0060     		.short	24576
 733 0576 0000     		.short	0
 734 0578 0000     		.short	0
 735 057a 0000     		.short	0
 736 057c 0000     		.short	0
 737 057e 001E     		.short	7680
 738 0580 003F     		.short	16128
 739 0582 8031     		.short	12672
 740 0584 8061     		.short	24960
 741 0586 0060     		.short	24576
 742 0588 0060     		.short	24576
 743 058a 0060     		.short	24576
 744 058c 8063     		.short	25472
 745 058e 8063     		.short	25472
ARM GAS  /tmp/cculMQ8i.s 			page 14


 746 0590 8061     		.short	24960
 747 0592 8061     		.short	24960
 748 0594 8031     		.short	12672
 749 0596 803F     		.short	16256
 750 0598 001E     		.short	7680
 751 059a 0000     		.short	0
 752 059c 0000     		.short	0
 753 059e 0000     		.short	0
 754 05a0 0000     		.short	0
 755 05a2 8061     		.short	24960
 756 05a4 8061     		.short	24960
 757 05a6 8061     		.short	24960
 758 05a8 8061     		.short	24960
 759 05aa 8061     		.short	24960
 760 05ac 8061     		.short	24960
 761 05ae 807F     		.short	32640
 762 05b0 807F     		.short	32640
 763 05b2 8061     		.short	24960
 764 05b4 8061     		.short	24960
 765 05b6 8061     		.short	24960
 766 05b8 8061     		.short	24960
 767 05ba 8061     		.short	24960
 768 05bc 8061     		.short	24960
 769 05be 0000     		.short	0
 770 05c0 0000     		.short	0
 771 05c2 0000     		.short	0
 772 05c4 0000     		.short	0
 773 05c6 003F     		.short	16128
 774 05c8 003F     		.short	16128
 775 05ca 000C     		.short	3072
 776 05cc 000C     		.short	3072
 777 05ce 000C     		.short	3072
 778 05d0 000C     		.short	3072
 779 05d2 000C     		.short	3072
 780 05d4 000C     		.short	3072
 781 05d6 000C     		.short	3072
 782 05d8 000C     		.short	3072
 783 05da 000C     		.short	3072
 784 05dc 000C     		.short	3072
 785 05de 003F     		.short	16128
 786 05e0 003F     		.short	16128
 787 05e2 0000     		.short	0
 788 05e4 0000     		.short	0
 789 05e6 0000     		.short	0
 790 05e8 0000     		.short	0
 791 05ea 8001     		.short	384
 792 05ec 8001     		.short	384
 793 05ee 8001     		.short	384
 794 05f0 8001     		.short	384
 795 05f2 8001     		.short	384
 796 05f4 8001     		.short	384
 797 05f6 8001     		.short	384
 798 05f8 8001     		.short	384
 799 05fa 8001     		.short	384
 800 05fc 8061     		.short	24960
 801 05fe 8061     		.short	24960
 802 0600 8073     		.short	29568
ARM GAS  /tmp/cculMQ8i.s 			page 15


 803 0602 003F     		.short	16128
 804 0604 001E     		.short	7680
 805 0606 0000     		.short	0
 806 0608 0000     		.short	0
 807 060a 0000     		.short	0
 808 060c 0000     		.short	0
 809 060e C060     		.short	24768
 810 0610 8061     		.short	24960
 811 0612 0063     		.short	25344
 812 0614 0066     		.short	26112
 813 0616 0066     		.short	26112
 814 0618 006C     		.short	27648
 815 061a 0078     		.short	30720
 816 061c 007C     		.short	31744
 817 061e 0066     		.short	26112
 818 0620 0066     		.short	26112
 819 0622 0063     		.short	25344
 820 0624 8061     		.short	24960
 821 0626 8061     		.short	24960
 822 0628 C060     		.short	24768
 823 062a 0000     		.short	0
 824 062c 0000     		.short	0
 825 062e 0000     		.short	0
 826 0630 0000     		.short	0
 827 0632 0060     		.short	24576
 828 0634 0060     		.short	24576
 829 0636 0060     		.short	24576
 830 0638 0060     		.short	24576
 831 063a 0060     		.short	24576
 832 063c 0060     		.short	24576
 833 063e 0060     		.short	24576
 834 0640 0060     		.short	24576
 835 0642 0060     		.short	24576
 836 0644 0060     		.short	24576
 837 0646 0060     		.short	24576
 838 0648 0060     		.short	24576
 839 064a 807F     		.short	32640
 840 064c 807F     		.short	32640
 841 064e 0000     		.short	0
 842 0650 0000     		.short	0
 843 0652 0000     		.short	0
 844 0654 0000     		.short	0
 845 0656 C071     		.short	29120
 846 0658 C071     		.short	29120
 847 065a C07B     		.short	31680
 848 065c C07A     		.short	31424
 849 065e C06A     		.short	27328
 850 0660 C06A     		.short	27328
 851 0662 C06E     		.short	28352
 852 0664 C064     		.short	25792
 853 0666 C060     		.short	24768
 854 0668 C060     		.short	24768
 855 066a C060     		.short	24768
 856 066c C060     		.short	24768
 857 066e C060     		.short	24768
 858 0670 C060     		.short	24768
 859 0672 0000     		.short	0
ARM GAS  /tmp/cculMQ8i.s 			page 16


 860 0674 0000     		.short	0
 861 0676 0000     		.short	0
 862 0678 0000     		.short	0
 863 067a 8071     		.short	29056
 864 067c 8071     		.short	29056
 865 067e 8079     		.short	31104
 866 0680 8079     		.short	31104
 867 0682 8079     		.short	31104
 868 0684 806D     		.short	28032
 869 0686 806D     		.short	28032
 870 0688 806D     		.short	28032
 871 068a 8065     		.short	25984
 872 068c 8067     		.short	26496
 873 068e 8067     		.short	26496
 874 0690 8067     		.short	26496
 875 0692 8063     		.short	25472
 876 0694 8063     		.short	25472
 877 0696 0000     		.short	0
 878 0698 0000     		.short	0
 879 069a 0000     		.short	0
 880 069c 0000     		.short	0
 881 069e 001E     		.short	7680
 882 06a0 003F     		.short	16128
 883 06a2 0033     		.short	13056
 884 06a4 8061     		.short	24960
 885 06a6 8061     		.short	24960
 886 06a8 8061     		.short	24960
 887 06aa 8061     		.short	24960
 888 06ac 8061     		.short	24960
 889 06ae 8061     		.short	24960
 890 06b0 8061     		.short	24960
 891 06b2 8061     		.short	24960
 892 06b4 0033     		.short	13056
 893 06b6 003F     		.short	16128
 894 06b8 001E     		.short	7680
 895 06ba 0000     		.short	0
 896 06bc 0000     		.short	0
 897 06be 0000     		.short	0
 898 06c0 0000     		.short	0
 899 06c2 007E     		.short	32256
 900 06c4 007F     		.short	32512
 901 06c6 8063     		.short	25472
 902 06c8 8061     		.short	24960
 903 06ca 8061     		.short	24960
 904 06cc 8061     		.short	24960
 905 06ce 8063     		.short	25472
 906 06d0 007F     		.short	32512
 907 06d2 007E     		.short	32256
 908 06d4 0060     		.short	24576
 909 06d6 0060     		.short	24576
 910 06d8 0060     		.short	24576
 911 06da 0060     		.short	24576
 912 06dc 0060     		.short	24576
 913 06de 0000     		.short	0
 914 06e0 0000     		.short	0
 915 06e2 0000     		.short	0
 916 06e4 0000     		.short	0
ARM GAS  /tmp/cculMQ8i.s 			page 17


 917 06e6 001E     		.short	7680
 918 06e8 003F     		.short	16128
 919 06ea 0033     		.short	13056
 920 06ec 8061     		.short	24960
 921 06ee 8061     		.short	24960
 922 06f0 8061     		.short	24960
 923 06f2 8061     		.short	24960
 924 06f4 8061     		.short	24960
 925 06f6 8061     		.short	24960
 926 06f8 8065     		.short	25984
 927 06fa 8067     		.short	26496
 928 06fc 0033     		.short	13056
 929 06fe 803F     		.short	16256
 930 0700 401E     		.short	7744
 931 0702 0000     		.short	0
 932 0704 0000     		.short	0
 933 0706 0000     		.short	0
 934 0708 0000     		.short	0
 935 070a 007E     		.short	32256
 936 070c 007F     		.short	32512
 937 070e 8063     		.short	25472
 938 0710 8061     		.short	24960
 939 0712 8061     		.short	24960
 940 0714 8063     		.short	25472
 941 0716 007F     		.short	32512
 942 0718 007E     		.short	32256
 943 071a 0066     		.short	26112
 944 071c 0063     		.short	25344
 945 071e 0063     		.short	25344
 946 0720 8061     		.short	24960
 947 0722 8061     		.short	24960
 948 0724 C060     		.short	24768
 949 0726 0000     		.short	0
 950 0728 0000     		.short	0
 951 072a 0000     		.short	0
 952 072c 0000     		.short	0
 953 072e 000E     		.short	3584
 954 0730 001F     		.short	7936
 955 0732 8031     		.short	12672
 956 0734 8031     		.short	12672
 957 0736 0030     		.short	12288
 958 0738 0038     		.short	14336
 959 073a 001E     		.short	7680
 960 073c 0007     		.short	1792
 961 073e 8003     		.short	896
 962 0740 8061     		.short	24960
 963 0742 8061     		.short	24960
 964 0744 8031     		.short	12672
 965 0746 003F     		.short	16128
 966 0748 001E     		.short	7680
 967 074a 0000     		.short	0
 968 074c 0000     		.short	0
 969 074e 0000     		.short	0
 970 0750 0000     		.short	0
 971 0752 C0FF     		.short	-64
 972 0754 C0FF     		.short	-64
 973 0756 000C     		.short	3072
ARM GAS  /tmp/cculMQ8i.s 			page 18


 974 0758 000C     		.short	3072
 975 075a 000C     		.short	3072
 976 075c 000C     		.short	3072
 977 075e 000C     		.short	3072
 978 0760 000C     		.short	3072
 979 0762 000C     		.short	3072
 980 0764 000C     		.short	3072
 981 0766 000C     		.short	3072
 982 0768 000C     		.short	3072
 983 076a 000C     		.short	3072
 984 076c 000C     		.short	3072
 985 076e 0000     		.short	0
 986 0770 0000     		.short	0
 987 0772 0000     		.short	0
 988 0774 0000     		.short	0
 989 0776 8061     		.short	24960
 990 0778 8061     		.short	24960
 991 077a 8061     		.short	24960
 992 077c 8061     		.short	24960
 993 077e 8061     		.short	24960
 994 0780 8061     		.short	24960
 995 0782 8061     		.short	24960
 996 0784 8061     		.short	24960
 997 0786 8061     		.short	24960
 998 0788 8061     		.short	24960
 999 078a 8061     		.short	24960
 1000 078c 8073     		.short	29568
 1001 078e 003F     		.short	16128
 1002 0790 001E     		.short	7680
 1003 0792 0000     		.short	0
 1004 0794 0000     		.short	0
 1005 0796 0000     		.short	0
 1006 0798 0000     		.short	0
 1007 079a C060     		.short	24768
 1008 079c C060     		.short	24768
 1009 079e C060     		.short	24768
 1010 07a0 8031     		.short	12672
 1011 07a2 8031     		.short	12672
 1012 07a4 8031     		.short	12672
 1013 07a6 001B     		.short	6912
 1014 07a8 001B     		.short	6912
 1015 07aa 001B     		.short	6912
 1016 07ac 001B     		.short	6912
 1017 07ae 000E     		.short	3584
 1018 07b0 000E     		.short	3584
 1019 07b2 000E     		.short	3584
 1020 07b4 0004     		.short	1024
 1021 07b6 0000     		.short	0
 1022 07b8 0000     		.short	0
 1023 07ba 0000     		.short	0
 1024 07bc 0000     		.short	0
 1025 07be C0C0     		.short	-16192
 1026 07c0 C0C0     		.short	-16192
 1027 07c2 C0C0     		.short	-16192
 1028 07c4 C0C0     		.short	-16192
 1029 07c6 C0C0     		.short	-16192
 1030 07c8 C0CC     		.short	-13120
ARM GAS  /tmp/cculMQ8i.s 			page 19


 1031 07ca 804C     		.short	19584
 1032 07cc 804C     		.short	19584
 1033 07ce 805E     		.short	24192
 1034 07d0 8052     		.short	21120
 1035 07d2 8052     		.short	21120
 1036 07d4 8073     		.short	29568
 1037 07d6 8061     		.short	24960
 1038 07d8 8061     		.short	24960
 1039 07da 0000     		.short	0
 1040 07dc 0000     		.short	0
 1041 07de 0000     		.short	0
 1042 07e0 0000     		.short	0
 1043 07e2 C0C0     		.short	-16192
 1044 07e4 8060     		.short	24704
 1045 07e6 8061     		.short	24960
 1046 07e8 0033     		.short	13056
 1047 07ea 003B     		.short	15104
 1048 07ec 001E     		.short	7680
 1049 07ee 000C     		.short	3072
 1050 07f0 000C     		.short	3072
 1051 07f2 001E     		.short	7680
 1052 07f4 001F     		.short	7936
 1053 07f6 003B     		.short	15104
 1054 07f8 8071     		.short	29056
 1055 07fa 8061     		.short	24960
 1056 07fc C0C0     		.short	-16192
 1057 07fe 0000     		.short	0
 1058 0800 0000     		.short	0
 1059 0802 0000     		.short	0
 1060 0804 0000     		.short	0
 1061 0806 C0C0     		.short	-16192
 1062 0808 8061     		.short	24960
 1063 080a 8061     		.short	24960
 1064 080c 0033     		.short	13056
 1065 080e 0033     		.short	13056
 1066 0810 001E     		.short	7680
 1067 0812 001E     		.short	7680
 1068 0814 000C     		.short	3072
 1069 0816 000C     		.short	3072
 1070 0818 000C     		.short	3072
 1071 081a 000C     		.short	3072
 1072 081c 000C     		.short	3072
 1073 081e 000C     		.short	3072
 1074 0820 000C     		.short	3072
 1075 0822 0000     		.short	0
 1076 0824 0000     		.short	0
 1077 0826 0000     		.short	0
 1078 0828 0000     		.short	0
 1079 082a 803F     		.short	16256
 1080 082c 803F     		.short	16256
 1081 082e 8001     		.short	384
 1082 0830 0003     		.short	768
 1083 0832 0003     		.short	768
 1084 0834 0006     		.short	1536
 1085 0836 000C     		.short	3072
 1086 0838 000C     		.short	3072
 1087 083a 0018     		.short	6144
ARM GAS  /tmp/cculMQ8i.s 			page 20


 1088 083c 0018     		.short	6144
 1089 083e 0030     		.short	12288
 1090 0840 0060     		.short	24576
 1091 0842 807F     		.short	32640
 1092 0844 807F     		.short	32640
 1093 0846 0000     		.short	0
 1094 0848 0000     		.short	0
 1095 084a 0000     		.short	0
 1096 084c 000F     		.short	3840
 1097 084e 000F     		.short	3840
 1098 0850 000C     		.short	3072
 1099 0852 000C     		.short	3072
 1100 0854 000C     		.short	3072
 1101 0856 000C     		.short	3072
 1102 0858 000C     		.short	3072
 1103 085a 000C     		.short	3072
 1104 085c 000C     		.short	3072
 1105 085e 000C     		.short	3072
 1106 0860 000C     		.short	3072
 1107 0862 000C     		.short	3072
 1108 0864 000C     		.short	3072
 1109 0866 000C     		.short	3072
 1110 0868 000C     		.short	3072
 1111 086a 000C     		.short	3072
 1112 086c 000F     		.short	3840
 1113 086e 000F     		.short	3840
 1114 0870 0000     		.short	0
 1115 0872 0018     		.short	6144
 1116 0874 0018     		.short	6144
 1117 0876 0018     		.short	6144
 1118 0878 000C     		.short	3072
 1119 087a 000C     		.short	3072
 1120 087c 000C     		.short	3072
 1121 087e 000C     		.short	3072
 1122 0880 0006     		.short	1536
 1123 0882 0006     		.short	1536
 1124 0884 0006     		.short	1536
 1125 0886 0006     		.short	1536
 1126 0888 0003     		.short	768
 1127 088a 0003     		.short	768
 1128 088c 0003     		.short	768
 1129 088e 0000     		.short	0
 1130 0890 0000     		.short	0
 1131 0892 0000     		.short	0
 1132 0894 001E     		.short	7680
 1133 0896 001E     		.short	7680
 1134 0898 0006     		.short	1536
 1135 089a 0006     		.short	1536
 1136 089c 0006     		.short	1536
 1137 089e 0006     		.short	1536
 1138 08a0 0006     		.short	1536
 1139 08a2 0006     		.short	1536
 1140 08a4 0006     		.short	1536
 1141 08a6 0006     		.short	1536
 1142 08a8 0006     		.short	1536
 1143 08aa 0006     		.short	1536
 1144 08ac 0006     		.short	1536
ARM GAS  /tmp/cculMQ8i.s 			page 21


 1145 08ae 0006     		.short	1536
 1146 08b0 0006     		.short	1536
 1147 08b2 0006     		.short	1536
 1148 08b4 001E     		.short	7680
 1149 08b6 001E     		.short	7680
 1150 08b8 0000     		.short	0
 1151 08ba 000C     		.short	3072
 1152 08bc 000C     		.short	3072
 1153 08be 001E     		.short	7680
 1154 08c0 0012     		.short	4608
 1155 08c2 0033     		.short	13056
 1156 08c4 0033     		.short	13056
 1157 08c6 8061     		.short	24960
 1158 08c8 8061     		.short	24960
 1159 08ca 0000     		.short	0
 1160 08cc 0000     		.short	0
 1161 08ce 0000     		.short	0
 1162 08d0 0000     		.short	0
 1163 08d2 0000     		.short	0
 1164 08d4 0000     		.short	0
 1165 08d6 0000     		.short	0
 1166 08d8 0000     		.short	0
 1167 08da 0000     		.short	0
 1168 08dc 0000     		.short	0
 1169 08de 0000     		.short	0
 1170 08e0 0000     		.short	0
 1171 08e2 0000     		.short	0
 1172 08e4 0000     		.short	0
 1173 08e6 0000     		.short	0
 1174 08e8 0000     		.short	0
 1175 08ea 0000     		.short	0
 1176 08ec 0000     		.short	0
 1177 08ee 0000     		.short	0
 1178 08f0 0000     		.short	0
 1179 08f2 0000     		.short	0
 1180 08f4 0000     		.short	0
 1181 08f6 0000     		.short	0
 1182 08f8 0000     		.short	0
 1183 08fa 0000     		.short	0
 1184 08fc E0FF     		.short	-32
 1185 08fe 0000     		.short	0
 1186 0900 0000     		.short	0
 1187 0902 0038     		.short	14336
 1188 0904 0018     		.short	6144
 1189 0906 000C     		.short	3072
 1190 0908 0000     		.short	0
 1191 090a 0000     		.short	0
 1192 090c 0000     		.short	0
 1193 090e 0000     		.short	0
 1194 0910 0000     		.short	0
 1195 0912 0000     		.short	0
 1196 0914 0000     		.short	0
 1197 0916 0000     		.short	0
 1198 0918 0000     		.short	0
 1199 091a 0000     		.short	0
 1200 091c 0000     		.short	0
 1201 091e 0000     		.short	0
ARM GAS  /tmp/cculMQ8i.s 			page 22


 1202 0920 0000     		.short	0
 1203 0922 0000     		.short	0
 1204 0924 0000     		.short	0
 1205 0926 0000     		.short	0
 1206 0928 0000     		.short	0
 1207 092a 0000     		.short	0
 1208 092c 0000     		.short	0
 1209 092e 001F     		.short	7936
 1210 0930 803F     		.short	16256
 1211 0932 8061     		.short	24960
 1212 0934 8001     		.short	384
 1213 0936 801F     		.short	8064
 1214 0938 803F     		.short	16256
 1215 093a 8061     		.short	24960
 1216 093c 8063     		.short	25472
 1217 093e 807F     		.short	32640
 1218 0940 C038     		.short	14528
 1219 0942 0000     		.short	0
 1220 0944 0000     		.short	0
 1221 0946 0000     		.short	0
 1222 0948 0000     		.short	0
 1223 094a 0060     		.short	24576
 1224 094c 0060     		.short	24576
 1225 094e 0060     		.short	24576
 1226 0950 0060     		.short	24576
 1227 0952 006E     		.short	28160
 1228 0954 007F     		.short	32512
 1229 0956 8073     		.short	29568
 1230 0958 8061     		.short	24960
 1231 095a 8061     		.short	24960
 1232 095c 8061     		.short	24960
 1233 095e 8061     		.short	24960
 1234 0960 8073     		.short	29568
 1235 0962 007F     		.short	32512
 1236 0964 006E     		.short	28160
 1237 0966 0000     		.short	0
 1238 0968 0000     		.short	0
 1239 096a 0000     		.short	0
 1240 096c 0000     		.short	0
 1241 096e 0000     		.short	0
 1242 0970 0000     		.short	0
 1243 0972 0000     		.short	0
 1244 0974 0000     		.short	0
 1245 0976 001E     		.short	7680
 1246 0978 003F     		.short	16128
 1247 097a 8073     		.short	29568
 1248 097c 8061     		.short	24960
 1249 097e 0060     		.short	24576
 1250 0980 0060     		.short	24576
 1251 0982 8061     		.short	24960
 1252 0984 8073     		.short	29568
 1253 0986 003F     		.short	16128
 1254 0988 001E     		.short	7680
 1255 098a 0000     		.short	0
 1256 098c 0000     		.short	0
 1257 098e 0000     		.short	0
 1258 0990 0000     		.short	0
ARM GAS  /tmp/cculMQ8i.s 			page 23


 1259 0992 8001     		.short	384
 1260 0994 8001     		.short	384
 1261 0996 8001     		.short	384
 1262 0998 8001     		.short	384
 1263 099a 801D     		.short	7552
 1264 099c 803F     		.short	16256
 1265 099e 8073     		.short	29568
 1266 09a0 8061     		.short	24960
 1267 09a2 8061     		.short	24960
 1268 09a4 8061     		.short	24960
 1269 09a6 8061     		.short	24960
 1270 09a8 8073     		.short	29568
 1271 09aa 803F     		.short	16256
 1272 09ac 801D     		.short	7552
 1273 09ae 0000     		.short	0
 1274 09b0 0000     		.short	0
 1275 09b2 0000     		.short	0
 1276 09b4 0000     		.short	0
 1277 09b6 0000     		.short	0
 1278 09b8 0000     		.short	0
 1279 09ba 0000     		.short	0
 1280 09bc 0000     		.short	0
 1281 09be 001E     		.short	7680
 1282 09c0 003F     		.short	16128
 1283 09c2 0073     		.short	29440
 1284 09c4 8061     		.short	24960
 1285 09c6 807F     		.short	32640
 1286 09c8 807F     		.short	32640
 1287 09ca 0060     		.short	24576
 1288 09cc 8071     		.short	29056
 1289 09ce 003F     		.short	16128
 1290 09d0 001E     		.short	7680
 1291 09d2 0000     		.short	0
 1292 09d4 0000     		.short	0
 1293 09d6 0000     		.short	0
 1294 09d8 0000     		.short	0
 1295 09da C007     		.short	1984
 1296 09dc C00F     		.short	4032
 1297 09de 000C     		.short	3072
 1298 09e0 000C     		.short	3072
 1299 09e2 807F     		.short	32640
 1300 09e4 807F     		.short	32640
 1301 09e6 000C     		.short	3072
 1302 09e8 000C     		.short	3072
 1303 09ea 000C     		.short	3072
 1304 09ec 000C     		.short	3072
 1305 09ee 000C     		.short	3072
 1306 09f0 000C     		.short	3072
 1307 09f2 000C     		.short	3072
 1308 09f4 000C     		.short	3072
 1309 09f6 0000     		.short	0
 1310 09f8 0000     		.short	0
 1311 09fa 0000     		.short	0
 1312 09fc 0000     		.short	0
 1313 09fe 0000     		.short	0
 1314 0a00 0000     		.short	0
 1315 0a02 0000     		.short	0
ARM GAS  /tmp/cculMQ8i.s 			page 24


 1316 0a04 801D     		.short	7552
 1317 0a06 803F     		.short	16256
 1318 0a08 8073     		.short	29568
 1319 0a0a 8061     		.short	24960
 1320 0a0c 8061     		.short	24960
 1321 0a0e 8061     		.short	24960
 1322 0a10 8061     		.short	24960
 1323 0a12 8073     		.short	29568
 1324 0a14 803F     		.short	16256
 1325 0a16 801D     		.short	7552
 1326 0a18 8001     		.short	384
 1327 0a1a 8063     		.short	25472
 1328 0a1c 007F     		.short	32512
 1329 0a1e 003E     		.short	15872
 1330 0a20 0000     		.short	0
 1331 0a22 0060     		.short	24576
 1332 0a24 0060     		.short	24576
 1333 0a26 0060     		.short	24576
 1334 0a28 0060     		.short	24576
 1335 0a2a 006F     		.short	28416
 1336 0a2c 807F     		.short	32640
 1337 0a2e 8071     		.short	29056
 1338 0a30 8061     		.short	24960
 1339 0a32 8061     		.short	24960
 1340 0a34 8061     		.short	24960
 1341 0a36 8061     		.short	24960
 1342 0a38 8061     		.short	24960
 1343 0a3a 8061     		.short	24960
 1344 0a3c 8061     		.short	24960
 1345 0a3e 0000     		.short	0
 1346 0a40 0000     		.short	0
 1347 0a42 0000     		.short	0
 1348 0a44 0000     		.short	0
 1349 0a46 0006     		.short	1536
 1350 0a48 0006     		.short	1536
 1351 0a4a 0000     		.short	0
 1352 0a4c 0000     		.short	0
 1353 0a4e 003E     		.short	15872
 1354 0a50 003E     		.short	15872
 1355 0a52 0006     		.short	1536
 1356 0a54 0006     		.short	1536
 1357 0a56 0006     		.short	1536
 1358 0a58 0006     		.short	1536
 1359 0a5a 0006     		.short	1536
 1360 0a5c 0006     		.short	1536
 1361 0a5e 0006     		.short	1536
 1362 0a60 0006     		.short	1536
 1363 0a62 0000     		.short	0
 1364 0a64 0000     		.short	0
 1365 0a66 0000     		.short	0
 1366 0a68 0006     		.short	1536
 1367 0a6a 0006     		.short	1536
 1368 0a6c 0000     		.short	0
 1369 0a6e 0000     		.short	0
 1370 0a70 003E     		.short	15872
 1371 0a72 003E     		.short	15872
 1372 0a74 0006     		.short	1536
ARM GAS  /tmp/cculMQ8i.s 			page 25


 1373 0a76 0006     		.short	1536
 1374 0a78 0006     		.short	1536
 1375 0a7a 0006     		.short	1536
 1376 0a7c 0006     		.short	1536
 1377 0a7e 0006     		.short	1536
 1378 0a80 0006     		.short	1536
 1379 0a82 0006     		.short	1536
 1380 0a84 0006     		.short	1536
 1381 0a86 0046     		.short	17920
 1382 0a88 007E     		.short	32256
 1383 0a8a 003C     		.short	15360
 1384 0a8c 0000     		.short	0
 1385 0a8e 0060     		.short	24576
 1386 0a90 0060     		.short	24576
 1387 0a92 0060     		.short	24576
 1388 0a94 0060     		.short	24576
 1389 0a96 8061     		.short	24960
 1390 0a98 0063     		.short	25344
 1391 0a9a 0066     		.short	26112
 1392 0a9c 006C     		.short	27648
 1393 0a9e 007C     		.short	31744
 1394 0aa0 0076     		.short	30208
 1395 0aa2 0063     		.short	25344
 1396 0aa4 0063     		.short	25344
 1397 0aa6 8061     		.short	24960
 1398 0aa8 C060     		.short	24768
 1399 0aaa 0000     		.short	0
 1400 0aac 0000     		.short	0
 1401 0aae 0000     		.short	0
 1402 0ab0 0000     		.short	0
 1403 0ab2 003E     		.short	15872
 1404 0ab4 003E     		.short	15872
 1405 0ab6 0006     		.short	1536
 1406 0ab8 0006     		.short	1536
 1407 0aba 0006     		.short	1536
 1408 0abc 0006     		.short	1536
 1409 0abe 0006     		.short	1536
 1410 0ac0 0006     		.short	1536
 1411 0ac2 0006     		.short	1536
 1412 0ac4 0006     		.short	1536
 1413 0ac6 0006     		.short	1536
 1414 0ac8 0006     		.short	1536
 1415 0aca 0006     		.short	1536
 1416 0acc 0006     		.short	1536
 1417 0ace 0000     		.short	0
 1418 0ad0 0000     		.short	0
 1419 0ad2 0000     		.short	0
 1420 0ad4 0000     		.short	0
 1421 0ad6 0000     		.short	0
 1422 0ad8 0000     		.short	0
 1423 0ada 0000     		.short	0
 1424 0adc 0000     		.short	0
 1425 0ade 80DD     		.short	-8832
 1426 0ae0 C0FF     		.short	-64
 1427 0ae2 C0CE     		.short	-12608
 1428 0ae4 C0CC     		.short	-13120
 1429 0ae6 C0CC     		.short	-13120
ARM GAS  /tmp/cculMQ8i.s 			page 26


 1430 0ae8 C0CC     		.short	-13120
 1431 0aea C0CC     		.short	-13120
 1432 0aec C0CC     		.short	-13120
 1433 0aee C0CC     		.short	-13120
 1434 0af0 C0CC     		.short	-13120
 1435 0af2 0000     		.short	0
 1436 0af4 0000     		.short	0
 1437 0af6 0000     		.short	0
 1438 0af8 0000     		.short	0
 1439 0afa 0000     		.short	0
 1440 0afc 0000     		.short	0
 1441 0afe 0000     		.short	0
 1442 0b00 0000     		.short	0
 1443 0b02 006F     		.short	28416
 1444 0b04 807F     		.short	32640
 1445 0b06 8071     		.short	29056
 1446 0b08 8061     		.short	24960
 1447 0b0a 8061     		.short	24960
 1448 0b0c 8061     		.short	24960
 1449 0b0e 8061     		.short	24960
 1450 0b10 8061     		.short	24960
 1451 0b12 8061     		.short	24960
 1452 0b14 8061     		.short	24960
 1453 0b16 0000     		.short	0
 1454 0b18 0000     		.short	0
 1455 0b1a 0000     		.short	0
 1456 0b1c 0000     		.short	0
 1457 0b1e 0000     		.short	0
 1458 0b20 0000     		.short	0
 1459 0b22 0000     		.short	0
 1460 0b24 0000     		.short	0
 1461 0b26 001E     		.short	7680
 1462 0b28 003F     		.short	16128
 1463 0b2a 8073     		.short	29568
 1464 0b2c 8061     		.short	24960
 1465 0b2e 8061     		.short	24960
 1466 0b30 8061     		.short	24960
 1467 0b32 8061     		.short	24960
 1468 0b34 8073     		.short	29568
 1469 0b36 003F     		.short	16128
 1470 0b38 001E     		.short	7680
 1471 0b3a 0000     		.short	0
 1472 0b3c 0000     		.short	0
 1473 0b3e 0000     		.short	0
 1474 0b40 0000     		.short	0
 1475 0b42 0000     		.short	0
 1476 0b44 0000     		.short	0
 1477 0b46 0000     		.short	0
 1478 0b48 006E     		.short	28160
 1479 0b4a 007F     		.short	32512
 1480 0b4c 8073     		.short	29568
 1481 0b4e 8061     		.short	24960
 1482 0b50 8061     		.short	24960
 1483 0b52 8061     		.short	24960
 1484 0b54 8061     		.short	24960
 1485 0b56 8073     		.short	29568
 1486 0b58 007F     		.short	32512
ARM GAS  /tmp/cculMQ8i.s 			page 27


 1487 0b5a 006E     		.short	28160
 1488 0b5c 0060     		.short	24576
 1489 0b5e 0060     		.short	24576
 1490 0b60 0060     		.short	24576
 1491 0b62 0060     		.short	24576
 1492 0b64 0000     		.short	0
 1493 0b66 0000     		.short	0
 1494 0b68 0000     		.short	0
 1495 0b6a 0000     		.short	0
 1496 0b6c 801D     		.short	7552
 1497 0b6e 803F     		.short	16256
 1498 0b70 8073     		.short	29568
 1499 0b72 8061     		.short	24960
 1500 0b74 8061     		.short	24960
 1501 0b76 8061     		.short	24960
 1502 0b78 8061     		.short	24960
 1503 0b7a 8073     		.short	29568
 1504 0b7c 803F     		.short	16256
 1505 0b7e 801D     		.short	7552
 1506 0b80 8001     		.short	384
 1507 0b82 8001     		.short	384
 1508 0b84 8001     		.short	384
 1509 0b86 8001     		.short	384
 1510 0b88 0000     		.short	0
 1511 0b8a 0000     		.short	0
 1512 0b8c 0000     		.short	0
 1513 0b8e 0000     		.short	0
 1514 0b90 0000     		.short	0
 1515 0b92 0067     		.short	26368
 1516 0b94 803F     		.short	16256
 1517 0b96 0039     		.short	14592
 1518 0b98 0030     		.short	12288
 1519 0b9a 0030     		.short	12288
 1520 0b9c 0030     		.short	12288
 1521 0b9e 0030     		.short	12288
 1522 0ba0 0030     		.short	12288
 1523 0ba2 0030     		.short	12288
 1524 0ba4 0030     		.short	12288
 1525 0ba6 0000     		.short	0
 1526 0ba8 0000     		.short	0
 1527 0baa 0000     		.short	0
 1528 0bac 0000     		.short	0
 1529 0bae 0000     		.short	0
 1530 0bb0 0000     		.short	0
 1531 0bb2 0000     		.short	0
 1532 0bb4 0000     		.short	0
 1533 0bb6 001E     		.short	7680
 1534 0bb8 803F     		.short	16256
 1535 0bba 8061     		.short	24960
 1536 0bbc 0060     		.short	24576
 1537 0bbe 007F     		.short	32512
 1538 0bc0 803F     		.short	16256
 1539 0bc2 8001     		.short	384
 1540 0bc4 8061     		.short	24960
 1541 0bc6 007F     		.short	32512
 1542 0bc8 001E     		.short	7680
 1543 0bca 0000     		.short	0
ARM GAS  /tmp/cculMQ8i.s 			page 28


 1544 0bcc 0000     		.short	0
 1545 0bce 0000     		.short	0
 1546 0bd0 0000     		.short	0
 1547 0bd2 0000     		.short	0
 1548 0bd4 0008     		.short	2048
 1549 0bd6 0018     		.short	6144
 1550 0bd8 0018     		.short	6144
 1551 0bda 007F     		.short	32512
 1552 0bdc 007F     		.short	32512
 1553 0bde 0018     		.short	6144
 1554 0be0 0018     		.short	6144
 1555 0be2 0018     		.short	6144
 1556 0be4 0018     		.short	6144
 1557 0be6 0018     		.short	6144
 1558 0be8 0018     		.short	6144
 1559 0bea 801F     		.short	8064
 1560 0bec 800F     		.short	3968
 1561 0bee 0000     		.short	0
 1562 0bf0 0000     		.short	0
 1563 0bf2 0000     		.short	0
 1564 0bf4 0000     		.short	0
 1565 0bf6 0000     		.short	0
 1566 0bf8 0000     		.short	0
 1567 0bfa 0000     		.short	0
 1568 0bfc 0000     		.short	0
 1569 0bfe 8061     		.short	24960
 1570 0c00 8061     		.short	24960
 1571 0c02 8061     		.short	24960
 1572 0c04 8061     		.short	24960
 1573 0c06 8061     		.short	24960
 1574 0c08 8061     		.short	24960
 1575 0c0a 8061     		.short	24960
 1576 0c0c 8063     		.short	25472
 1577 0c0e 807F     		.short	32640
 1578 0c10 803D     		.short	15744
 1579 0c12 0000     		.short	0
 1580 0c14 0000     		.short	0
 1581 0c16 0000     		.short	0
 1582 0c18 0000     		.short	0
 1583 0c1a 0000     		.short	0
 1584 0c1c 0000     		.short	0
 1585 0c1e 0000     		.short	0
 1586 0c20 0000     		.short	0
 1587 0c22 C060     		.short	24768
 1588 0c24 8031     		.short	12672
 1589 0c26 8031     		.short	12672
 1590 0c28 8031     		.short	12672
 1591 0c2a 001B     		.short	6912
 1592 0c2c 001B     		.short	6912
 1593 0c2e 001B     		.short	6912
 1594 0c30 000E     		.short	3584
 1595 0c32 000E     		.short	3584
 1596 0c34 0006     		.short	1536
 1597 0c36 0000     		.short	0
 1598 0c38 0000     		.short	0
 1599 0c3a 0000     		.short	0
 1600 0c3c 0000     		.short	0
ARM GAS  /tmp/cculMQ8i.s 			page 29


 1601 0c3e 0000     		.short	0
 1602 0c40 0000     		.short	0
 1603 0c42 0000     		.short	0
 1604 0c44 0000     		.short	0
 1605 0c46 80DD     		.short	-8832
 1606 0c48 80DD     		.short	-8832
 1607 0c4a 80DD     		.short	-8832
 1608 0c4c 0055     		.short	21760
 1609 0c4e 0055     		.short	21760
 1610 0c50 0055     		.short	21760
 1611 0c52 0077     		.short	30464
 1612 0c54 0077     		.short	30464
 1613 0c56 0022     		.short	8704
 1614 0c58 0022     		.short	8704
 1615 0c5a 0000     		.short	0
 1616 0c5c 0000     		.short	0
 1617 0c5e 0000     		.short	0
 1618 0c60 0000     		.short	0
 1619 0c62 0000     		.short	0
 1620 0c64 0000     		.short	0
 1621 0c66 0000     		.short	0
 1622 0c68 0000     		.short	0
 1623 0c6a 8061     		.short	24960
 1624 0c6c 0033     		.short	13056
 1625 0c6e 0033     		.short	13056
 1626 0c70 001E     		.short	7680
 1627 0c72 000C     		.short	3072
 1628 0c74 000C     		.short	3072
 1629 0c76 001E     		.short	7680
 1630 0c78 0033     		.short	13056
 1631 0c7a 0033     		.short	13056
 1632 0c7c 8061     		.short	24960
 1633 0c7e 0000     		.short	0
 1634 0c80 0000     		.short	0
 1635 0c82 0000     		.short	0
 1636 0c84 0000     		.short	0
 1637 0c86 0000     		.short	0
 1638 0c88 0000     		.short	0
 1639 0c8a 0000     		.short	0
 1640 0c8c 8061     		.short	24960
 1641 0c8e 8061     		.short	24960
 1642 0c90 8031     		.short	12672
 1643 0c92 0033     		.short	13056
 1644 0c94 0033     		.short	13056
 1645 0c96 001B     		.short	6912
 1646 0c98 001B     		.short	6912
 1647 0c9a 001B     		.short	6912
 1648 0c9c 000E     		.short	3584
 1649 0c9e 000E     		.short	3584
 1650 0ca0 000E     		.short	3584
 1651 0ca2 001C     		.short	7168
 1652 0ca4 007C     		.short	31744
 1653 0ca6 0070     		.short	28672
 1654 0ca8 0000     		.short	0
 1655 0caa 0000     		.short	0
 1656 0cac 0000     		.short	0
 1657 0cae 0000     		.short	0
ARM GAS  /tmp/cculMQ8i.s 			page 30


 1658 0cb0 0000     		.short	0
 1659 0cb2 C07F     		.short	32704
 1660 0cb4 C07F     		.short	32704
 1661 0cb6 8001     		.short	384
 1662 0cb8 0003     		.short	768
 1663 0cba 0006     		.short	1536
 1664 0cbc 000C     		.short	3072
 1665 0cbe 0018     		.short	6144
 1666 0cc0 0030     		.short	12288
 1667 0cc2 C07F     		.short	32704
 1668 0cc4 C07F     		.short	32704
 1669 0cc6 0000     		.short	0
 1670 0cc8 0000     		.short	0
 1671 0cca 0000     		.short	0
 1672 0ccc 8003     		.short	896
 1673 0cce 8007     		.short	1920
 1674 0cd0 0006     		.short	1536
 1675 0cd2 0006     		.short	1536
 1676 0cd4 0006     		.short	1536
 1677 0cd6 0006     		.short	1536
 1678 0cd8 0006     		.short	1536
 1679 0cda 000E     		.short	3584
 1680 0cdc 001C     		.short	7168
 1681 0cde 001C     		.short	7168
 1682 0ce0 000E     		.short	3584
 1683 0ce2 0006     		.short	1536
 1684 0ce4 0006     		.short	1536
 1685 0ce6 0006     		.short	1536
 1686 0ce8 0006     		.short	1536
 1687 0cea 0006     		.short	1536
 1688 0cec 8007     		.short	1920
 1689 0cee 8003     		.short	896
 1690 0cf0 0006     		.short	1536
 1691 0cf2 0006     		.short	1536
 1692 0cf4 0006     		.short	1536
 1693 0cf6 0006     		.short	1536
 1694 0cf8 0006     		.short	1536
 1695 0cfa 0006     		.short	1536
 1696 0cfc 0006     		.short	1536
 1697 0cfe 0006     		.short	1536
 1698 0d00 0006     		.short	1536
 1699 0d02 0006     		.short	1536
 1700 0d04 0006     		.short	1536
 1701 0d06 0006     		.short	1536
 1702 0d08 0006     		.short	1536
 1703 0d0a 0006     		.short	1536
 1704 0d0c 0006     		.short	1536
 1705 0d0e 0006     		.short	1536
 1706 0d10 0006     		.short	1536
 1707 0d12 0006     		.short	1536
 1708 0d14 0038     		.short	14336
 1709 0d16 003C     		.short	15360
 1710 0d18 000C     		.short	3072
 1711 0d1a 000C     		.short	3072
 1712 0d1c 000C     		.short	3072
 1713 0d1e 000C     		.short	3072
 1714 0d20 000C     		.short	3072
ARM GAS  /tmp/cculMQ8i.s 			page 31


 1715 0d22 000E     		.short	3584
 1716 0d24 0007     		.short	1792
 1717 0d26 0007     		.short	1792
 1718 0d28 000E     		.short	3584
 1719 0d2a 000C     		.short	3072
 1720 0d2c 000C     		.short	3072
 1721 0d2e 000C     		.short	3072
 1722 0d30 000C     		.short	3072
 1723 0d32 000C     		.short	3072
 1724 0d34 003C     		.short	15360
 1725 0d36 0038     		.short	14336
 1726 0d38 0000     		.short	0
 1727 0d3a 0000     		.short	0
 1728 0d3c 0000     		.short	0
 1729 0d3e 0000     		.short	0
 1730 0d40 0000     		.short	0
 1731 0d42 0000     		.short	0
 1732 0d44 0000     		.short	0
 1733 0d46 8038     		.short	14464
 1734 0d48 807F     		.short	32640
 1735 0d4a 0047     		.short	18176
 1736 0d4c 0000     		.short	0
 1737 0d4e 0000     		.short	0
 1738 0d50 0000     		.short	0
 1739 0d52 0000     		.short	0
 1740 0d54 0000     		.short	0
 1741 0d56 0000     		.short	0
 1742 0d58 0000     		.short	0
 1743 0d5a 0000     		.short	0
 1744              		.text
 1745              	.Letext0:
 1746              		.file 1 "/home/yuan/gcc-arm-none-eabi-5_4-2016q3/arm-none-eabi/include/machine/_default_types.h"
 1747              		.file 2 "/home/yuan/gcc-arm-none-eabi-5_4-2016q3/arm-none-eabi/include/sys/_stdint.h"
 1748              		.file 3 "Core/Driver/oled/ssd1306_fonts.h"
 1749              		.file 4 "Core/Driver/oled/ssd1306_fonts.c"
ARM GAS  /tmp/cculMQ8i.s 			page 32


DEFINED SYMBOLS
                            *ABS*:00000000 ssd1306_fonts.c
     /tmp/cculMQ8i.s:24     .data.Font_11x18:00000000 Font_11x18
     /tmp/cculMQ8i.s:21     .data.Font_11x18:00000000 $d
     /tmp/cculMQ8i.s:33     .rodata.Font11x18:00000000 Font11x18
     /tmp/cculMQ8i.s:30     .rodata.Font11x18:00000000 $d

NO UNDEFINED SYMBOLS
