ARM GAS  /tmp/cc1ymi2F.s 			page 1


   1              		.syntax unified
   2              		.cpu cortex-m0plus
   3              		.fpu softvfp
   4              		.eabi_attribute 20, 1
   5              		.eabi_attribute 21, 1
   6              		.eabi_attribute 23, 3
   7              		.eabi_attribute 24, 1
   8              		.eabi_attribute 25, 1
   9              		.eabi_attribute 26, 1
  10              		.eabi_attribute 30, 1
  11              		.eabi_attribute 34, 0
  12              		.eabi_attribute 18, 4
  13              		.thumb
  14              		.syntax unified
  15              		.file	"stm32g0xx_hal_gpio.c"
  16              		.text
  17              	.Ltext0:
  18              		.cfi_sections	.debug_frame
  19              		.section	.text.HAL_GPIO_Init,"ax",%progbits
  20              		.align	2
  21              		.global	HAL_GPIO_Init
  22              		.code	16
  23              		.thumb_func
  25              	HAL_GPIO_Init:
  26              	.LFB310:
  27              		.file 1 "Drivers/STM32G0xx_HAL_Driver/Src/stm32g0xx_hal_gpio.c"
   1:Drivers/STM32G0xx_HAL_Driver/Src/stm32g0xx_hal_gpio.c **** /**
   2:Drivers/STM32G0xx_HAL_Driver/Src/stm32g0xx_hal_gpio.c ****   ******************************************************************************
   3:Drivers/STM32G0xx_HAL_Driver/Src/stm32g0xx_hal_gpio.c ****   * @file    stm32g0xx_hal_gpio.c
   4:Drivers/STM32G0xx_HAL_Driver/Src/stm32g0xx_hal_gpio.c ****   * @author  MCD Application Team
   5:Drivers/STM32G0xx_HAL_Driver/Src/stm32g0xx_hal_gpio.c ****   * @brief   GPIO HAL module driver.
   6:Drivers/STM32G0xx_HAL_Driver/Src/stm32g0xx_hal_gpio.c ****   *          This file provides firmware functions to manage the following
   7:Drivers/STM32G0xx_HAL_Driver/Src/stm32g0xx_hal_gpio.c ****   *          functionalities of the General Purpose Input/Output (GPIO) peripheral:
   8:Drivers/STM32G0xx_HAL_Driver/Src/stm32g0xx_hal_gpio.c ****   *           + Initialization and de-initialization functions
   9:Drivers/STM32G0xx_HAL_Driver/Src/stm32g0xx_hal_gpio.c ****   *           + IO operation functions
  10:Drivers/STM32G0xx_HAL_Driver/Src/stm32g0xx_hal_gpio.c ****   *
  11:Drivers/STM32G0xx_HAL_Driver/Src/stm32g0xx_hal_gpio.c ****   ******************************************************************************
  12:Drivers/STM32G0xx_HAL_Driver/Src/stm32g0xx_hal_gpio.c ****   * @attention
  13:Drivers/STM32G0xx_HAL_Driver/Src/stm32g0xx_hal_gpio.c ****   *
  14:Drivers/STM32G0xx_HAL_Driver/Src/stm32g0xx_hal_gpio.c ****   * Copyright (c) 2018 STMicroelectronics.
  15:Drivers/STM32G0xx_HAL_Driver/Src/stm32g0xx_hal_gpio.c ****   * All rights reserved.
  16:Drivers/STM32G0xx_HAL_Driver/Src/stm32g0xx_hal_gpio.c ****   *
  17:Drivers/STM32G0xx_HAL_Driver/Src/stm32g0xx_hal_gpio.c ****   * This software is licensed under terms that can be found in the LICENSE file
  18:Drivers/STM32G0xx_HAL_Driver/Src/stm32g0xx_hal_gpio.c ****   * in the root directory of this software component.
  19:Drivers/STM32G0xx_HAL_Driver/Src/stm32g0xx_hal_gpio.c ****   * If no LICENSE file comes with this software, it is provided AS-IS.
  20:Drivers/STM32G0xx_HAL_Driver/Src/stm32g0xx_hal_gpio.c ****   *
  21:Drivers/STM32G0xx_HAL_Driver/Src/stm32g0xx_hal_gpio.c ****   ******************************************************************************
  22:Drivers/STM32G0xx_HAL_Driver/Src/stm32g0xx_hal_gpio.c ****   @verbatim
  23:Drivers/STM32G0xx_HAL_Driver/Src/stm32g0xx_hal_gpio.c ****   ==============================================================================
  24:Drivers/STM32G0xx_HAL_Driver/Src/stm32g0xx_hal_gpio.c ****                     ##### GPIO Peripheral features #####
  25:Drivers/STM32G0xx_HAL_Driver/Src/stm32g0xx_hal_gpio.c ****   ==============================================================================
  26:Drivers/STM32G0xx_HAL_Driver/Src/stm32g0xx_hal_gpio.c ****   [..]
  27:Drivers/STM32G0xx_HAL_Driver/Src/stm32g0xx_hal_gpio.c ****     (+) Each port bit of the general-purpose I/O (GPIO) ports can be individually
  28:Drivers/STM32G0xx_HAL_Driver/Src/stm32g0xx_hal_gpio.c ****         configured by software in several modes:
  29:Drivers/STM32G0xx_HAL_Driver/Src/stm32g0xx_hal_gpio.c ****         (++) Input mode
  30:Drivers/STM32G0xx_HAL_Driver/Src/stm32g0xx_hal_gpio.c ****         (++) Analog mode
  31:Drivers/STM32G0xx_HAL_Driver/Src/stm32g0xx_hal_gpio.c ****         (++) Output mode
ARM GAS  /tmp/cc1ymi2F.s 			page 2


  32:Drivers/STM32G0xx_HAL_Driver/Src/stm32g0xx_hal_gpio.c ****         (++) Alternate function mode
  33:Drivers/STM32G0xx_HAL_Driver/Src/stm32g0xx_hal_gpio.c ****         (++) External interrupt/event lines
  34:Drivers/STM32G0xx_HAL_Driver/Src/stm32g0xx_hal_gpio.c **** 
  35:Drivers/STM32G0xx_HAL_Driver/Src/stm32g0xx_hal_gpio.c ****     (+) During and just after reset, the alternate functions and external interrupt
  36:Drivers/STM32G0xx_HAL_Driver/Src/stm32g0xx_hal_gpio.c ****         lines are not active and the I/O ports are configured in input floating mode.
  37:Drivers/STM32G0xx_HAL_Driver/Src/stm32g0xx_hal_gpio.c **** 
  38:Drivers/STM32G0xx_HAL_Driver/Src/stm32g0xx_hal_gpio.c ****     (+) All GPIO pins have weak internal pull-up and pull-down resistors, which can be
  39:Drivers/STM32G0xx_HAL_Driver/Src/stm32g0xx_hal_gpio.c ****         activated or not.
  40:Drivers/STM32G0xx_HAL_Driver/Src/stm32g0xx_hal_gpio.c **** 
  41:Drivers/STM32G0xx_HAL_Driver/Src/stm32g0xx_hal_gpio.c ****     (+) In Output or Alternate mode, each IO can be configured on open-drain or push-pull
  42:Drivers/STM32G0xx_HAL_Driver/Src/stm32g0xx_hal_gpio.c ****         type and the IO speed can be selected depending on the VDD value.
  43:Drivers/STM32G0xx_HAL_Driver/Src/stm32g0xx_hal_gpio.c **** 
  44:Drivers/STM32G0xx_HAL_Driver/Src/stm32g0xx_hal_gpio.c ****     (+) The microcontroller IO pins are connected to onboard peripherals/modules through a
  45:Drivers/STM32G0xx_HAL_Driver/Src/stm32g0xx_hal_gpio.c ****         multiplexer that allows only one peripheral alternate function (AF) connected
  46:Drivers/STM32G0xx_HAL_Driver/Src/stm32g0xx_hal_gpio.c ****        to an IO pin at a time. In this way, there can be no conflict between peripherals
  47:Drivers/STM32G0xx_HAL_Driver/Src/stm32g0xx_hal_gpio.c ****        sharing the same IO pin.
  48:Drivers/STM32G0xx_HAL_Driver/Src/stm32g0xx_hal_gpio.c **** 
  49:Drivers/STM32G0xx_HAL_Driver/Src/stm32g0xx_hal_gpio.c ****     (+) All ports have external interrupt/event capability. To use external interrupt
  50:Drivers/STM32G0xx_HAL_Driver/Src/stm32g0xx_hal_gpio.c ****         lines, the port must be configured in input mode. All available GPIO pins are
  51:Drivers/STM32G0xx_HAL_Driver/Src/stm32g0xx_hal_gpio.c ****         connected to the 16 external interrupt/event lines from EXTI0 to EXTI15.
  52:Drivers/STM32G0xx_HAL_Driver/Src/stm32g0xx_hal_gpio.c **** 
  53:Drivers/STM32G0xx_HAL_Driver/Src/stm32g0xx_hal_gpio.c ****     (+) The external interrupt/event controller consists of up to 28 edge detectors
  54:Drivers/STM32G0xx_HAL_Driver/Src/stm32g0xx_hal_gpio.c ****         (16 lines are connected to GPIO) for generating event/interrupt requests (each
  55:Drivers/STM32G0xx_HAL_Driver/Src/stm32g0xx_hal_gpio.c ****         input line can be independently configured to select the type (interrupt or event)
  56:Drivers/STM32G0xx_HAL_Driver/Src/stm32g0xx_hal_gpio.c ****         and the corresponding trigger event (rising or falling or both). Each line can
  57:Drivers/STM32G0xx_HAL_Driver/Src/stm32g0xx_hal_gpio.c ****         also be masked independently.
  58:Drivers/STM32G0xx_HAL_Driver/Src/stm32g0xx_hal_gpio.c **** 
  59:Drivers/STM32G0xx_HAL_Driver/Src/stm32g0xx_hal_gpio.c ****                      ##### How to use this driver #####
  60:Drivers/STM32G0xx_HAL_Driver/Src/stm32g0xx_hal_gpio.c ****   ==============================================================================
  61:Drivers/STM32G0xx_HAL_Driver/Src/stm32g0xx_hal_gpio.c ****   [..]
  62:Drivers/STM32G0xx_HAL_Driver/Src/stm32g0xx_hal_gpio.c ****     (#) Enable the GPIO AHB clock using the following function: __HAL_RCC_GPIOx_CLK_ENABLE().
  63:Drivers/STM32G0xx_HAL_Driver/Src/stm32g0xx_hal_gpio.c **** 
  64:Drivers/STM32G0xx_HAL_Driver/Src/stm32g0xx_hal_gpio.c ****     (#) Configure the GPIO pin(s) using HAL_GPIO_Init().
  65:Drivers/STM32G0xx_HAL_Driver/Src/stm32g0xx_hal_gpio.c ****         (++) Configure the IO mode using "Mode" member from GPIO_InitTypeDef structure
  66:Drivers/STM32G0xx_HAL_Driver/Src/stm32g0xx_hal_gpio.c ****         (++) Activate Pull-up, Pull-down resistor using "Pull" member from GPIO_InitTypeDef
  67:Drivers/STM32G0xx_HAL_Driver/Src/stm32g0xx_hal_gpio.c ****              structure.
  68:Drivers/STM32G0xx_HAL_Driver/Src/stm32g0xx_hal_gpio.c ****         (++) In case of Output or alternate function mode selection: the speed is
  69:Drivers/STM32G0xx_HAL_Driver/Src/stm32g0xx_hal_gpio.c ****              configured through "Speed" member from GPIO_InitTypeDef structure.
  70:Drivers/STM32G0xx_HAL_Driver/Src/stm32g0xx_hal_gpio.c ****         (++) In alternate mode is selection, the alternate function connected to the IO
  71:Drivers/STM32G0xx_HAL_Driver/Src/stm32g0xx_hal_gpio.c ****              is configured through "Alternate" member from GPIO_InitTypeDef structure.
  72:Drivers/STM32G0xx_HAL_Driver/Src/stm32g0xx_hal_gpio.c ****         (++) Analog mode is required when a pin is to be used as ADC channel
  73:Drivers/STM32G0xx_HAL_Driver/Src/stm32g0xx_hal_gpio.c ****              or DAC output.
  74:Drivers/STM32G0xx_HAL_Driver/Src/stm32g0xx_hal_gpio.c ****         (++) In case of external interrupt/event selection the "Mode" member from
  75:Drivers/STM32G0xx_HAL_Driver/Src/stm32g0xx_hal_gpio.c ****              GPIO_InitTypeDef structure select the type (interrupt or event) and
  76:Drivers/STM32G0xx_HAL_Driver/Src/stm32g0xx_hal_gpio.c ****              the corresponding trigger event (rising or falling or both).
  77:Drivers/STM32G0xx_HAL_Driver/Src/stm32g0xx_hal_gpio.c **** 
  78:Drivers/STM32G0xx_HAL_Driver/Src/stm32g0xx_hal_gpio.c ****     (#) In case of external interrupt/event mode selection, configure NVIC IRQ priority
  79:Drivers/STM32G0xx_HAL_Driver/Src/stm32g0xx_hal_gpio.c ****         mapped to the EXTI line using HAL_NVIC_SetPriority() and enable it using
  80:Drivers/STM32G0xx_HAL_Driver/Src/stm32g0xx_hal_gpio.c ****         HAL_NVIC_EnableIRQ().
  81:Drivers/STM32G0xx_HAL_Driver/Src/stm32g0xx_hal_gpio.c **** 
  82:Drivers/STM32G0xx_HAL_Driver/Src/stm32g0xx_hal_gpio.c ****     (#) To get the level of a pin configured in input mode use HAL_GPIO_ReadPin().
  83:Drivers/STM32G0xx_HAL_Driver/Src/stm32g0xx_hal_gpio.c **** 
  84:Drivers/STM32G0xx_HAL_Driver/Src/stm32g0xx_hal_gpio.c ****     (#) To set/reset the level of a pin configured in output mode use
  85:Drivers/STM32G0xx_HAL_Driver/Src/stm32g0xx_hal_gpio.c ****         HAL_GPIO_WritePin()/HAL_GPIO_TogglePin().
  86:Drivers/STM32G0xx_HAL_Driver/Src/stm32g0xx_hal_gpio.c **** 
  87:Drivers/STM32G0xx_HAL_Driver/Src/stm32g0xx_hal_gpio.c ****    (#) To lock pin configuration until next reset use HAL_GPIO_LockPin().
  88:Drivers/STM32G0xx_HAL_Driver/Src/stm32g0xx_hal_gpio.c **** 
ARM GAS  /tmp/cc1ymi2F.s 			page 3


  89:Drivers/STM32G0xx_HAL_Driver/Src/stm32g0xx_hal_gpio.c ****     (#) During and just after reset, the alternate functions are not
  90:Drivers/STM32G0xx_HAL_Driver/Src/stm32g0xx_hal_gpio.c ****         active and the GPIO pins are configured in input floating mode (except JTAG
  91:Drivers/STM32G0xx_HAL_Driver/Src/stm32g0xx_hal_gpio.c ****         pins).
  92:Drivers/STM32G0xx_HAL_Driver/Src/stm32g0xx_hal_gpio.c **** 
  93:Drivers/STM32G0xx_HAL_Driver/Src/stm32g0xx_hal_gpio.c ****     (#) The LSE oscillator pins OSC32_IN and OSC32_OUT can be used as general purpose
  94:Drivers/STM32G0xx_HAL_Driver/Src/stm32g0xx_hal_gpio.c ****         (PC14 and PC15, respectively) when the LSE oscillator is off. The LSE has
  95:Drivers/STM32G0xx_HAL_Driver/Src/stm32g0xx_hal_gpio.c ****         priority over the GPIO function.
  96:Drivers/STM32G0xx_HAL_Driver/Src/stm32g0xx_hal_gpio.c **** 
  97:Drivers/STM32G0xx_HAL_Driver/Src/stm32g0xx_hal_gpio.c ****     (#) The HSE oscillator pins OSC_IN/OSC_OUT can be used as
  98:Drivers/STM32G0xx_HAL_Driver/Src/stm32g0xx_hal_gpio.c ****         general purpose PF0 and PF1, respectively, when the HSE oscillator is off.
  99:Drivers/STM32G0xx_HAL_Driver/Src/stm32g0xx_hal_gpio.c ****         The HSE has priority over the GPIO function.
 100:Drivers/STM32G0xx_HAL_Driver/Src/stm32g0xx_hal_gpio.c **** 
 101:Drivers/STM32G0xx_HAL_Driver/Src/stm32g0xx_hal_gpio.c ****   @endverbatim
 102:Drivers/STM32G0xx_HAL_Driver/Src/stm32g0xx_hal_gpio.c ****   ******************************************************************************
 103:Drivers/STM32G0xx_HAL_Driver/Src/stm32g0xx_hal_gpio.c ****   */
 104:Drivers/STM32G0xx_HAL_Driver/Src/stm32g0xx_hal_gpio.c **** 
 105:Drivers/STM32G0xx_HAL_Driver/Src/stm32g0xx_hal_gpio.c **** /* Includes ------------------------------------------------------------------*/
 106:Drivers/STM32G0xx_HAL_Driver/Src/stm32g0xx_hal_gpio.c **** #include "stm32g0xx_hal.h"
 107:Drivers/STM32G0xx_HAL_Driver/Src/stm32g0xx_hal_gpio.c **** 
 108:Drivers/STM32G0xx_HAL_Driver/Src/stm32g0xx_hal_gpio.c **** /** @addtogroup STM32G0xx_HAL_Driver
 109:Drivers/STM32G0xx_HAL_Driver/Src/stm32g0xx_hal_gpio.c ****   * @{
 110:Drivers/STM32G0xx_HAL_Driver/Src/stm32g0xx_hal_gpio.c ****   */
 111:Drivers/STM32G0xx_HAL_Driver/Src/stm32g0xx_hal_gpio.c **** 
 112:Drivers/STM32G0xx_HAL_Driver/Src/stm32g0xx_hal_gpio.c **** /** @addtogroup GPIO
 113:Drivers/STM32G0xx_HAL_Driver/Src/stm32g0xx_hal_gpio.c ****   * @{
 114:Drivers/STM32G0xx_HAL_Driver/Src/stm32g0xx_hal_gpio.c ****   */
 115:Drivers/STM32G0xx_HAL_Driver/Src/stm32g0xx_hal_gpio.c **** /** MISRA C:2012 deviation rule has been granted for following rules:
 116:Drivers/STM32G0xx_HAL_Driver/Src/stm32g0xx_hal_gpio.c ****   * Rule-12.2 - Medium: RHS argument is in interval [0,INF] which is out of
 117:Drivers/STM32G0xx_HAL_Driver/Src/stm32g0xx_hal_gpio.c ****   * range of the shift operator in following API :
 118:Drivers/STM32G0xx_HAL_Driver/Src/stm32g0xx_hal_gpio.c ****   * HAL_GPIO_Init
 119:Drivers/STM32G0xx_HAL_Driver/Src/stm32g0xx_hal_gpio.c ****   * HAL_GPIO_DeInit
 120:Drivers/STM32G0xx_HAL_Driver/Src/stm32g0xx_hal_gpio.c ****   */
 121:Drivers/STM32G0xx_HAL_Driver/Src/stm32g0xx_hal_gpio.c **** 
 122:Drivers/STM32G0xx_HAL_Driver/Src/stm32g0xx_hal_gpio.c **** #ifdef HAL_GPIO_MODULE_ENABLED
 123:Drivers/STM32G0xx_HAL_Driver/Src/stm32g0xx_hal_gpio.c **** 
 124:Drivers/STM32G0xx_HAL_Driver/Src/stm32g0xx_hal_gpio.c **** /* Private typedef -----------------------------------------------------------*/
 125:Drivers/STM32G0xx_HAL_Driver/Src/stm32g0xx_hal_gpio.c **** /* Private defines ------------------------------------------------------------*/
 126:Drivers/STM32G0xx_HAL_Driver/Src/stm32g0xx_hal_gpio.c **** /** @addtogroup GPIO_Private_Constants
 127:Drivers/STM32G0xx_HAL_Driver/Src/stm32g0xx_hal_gpio.c ****   * @{
 128:Drivers/STM32G0xx_HAL_Driver/Src/stm32g0xx_hal_gpio.c ****   */
 129:Drivers/STM32G0xx_HAL_Driver/Src/stm32g0xx_hal_gpio.c **** #define GPIO_NUMBER           (16u)
 130:Drivers/STM32G0xx_HAL_Driver/Src/stm32g0xx_hal_gpio.c **** /**
 131:Drivers/STM32G0xx_HAL_Driver/Src/stm32g0xx_hal_gpio.c ****   * @}
 132:Drivers/STM32G0xx_HAL_Driver/Src/stm32g0xx_hal_gpio.c ****   */
 133:Drivers/STM32G0xx_HAL_Driver/Src/stm32g0xx_hal_gpio.c **** 
 134:Drivers/STM32G0xx_HAL_Driver/Src/stm32g0xx_hal_gpio.c **** /* Private macros ------------------------------------------------------------*/
 135:Drivers/STM32G0xx_HAL_Driver/Src/stm32g0xx_hal_gpio.c **** /* Private variables ---------------------------------------------------------*/
 136:Drivers/STM32G0xx_HAL_Driver/Src/stm32g0xx_hal_gpio.c **** /* Private function prototypes -----------------------------------------------*/
 137:Drivers/STM32G0xx_HAL_Driver/Src/stm32g0xx_hal_gpio.c **** /* Exported functions --------------------------------------------------------*/
 138:Drivers/STM32G0xx_HAL_Driver/Src/stm32g0xx_hal_gpio.c **** 
 139:Drivers/STM32G0xx_HAL_Driver/Src/stm32g0xx_hal_gpio.c **** /** @addtogroup GPIO_Exported_Functions
 140:Drivers/STM32G0xx_HAL_Driver/Src/stm32g0xx_hal_gpio.c ****   * @{
 141:Drivers/STM32G0xx_HAL_Driver/Src/stm32g0xx_hal_gpio.c ****   */
 142:Drivers/STM32G0xx_HAL_Driver/Src/stm32g0xx_hal_gpio.c **** 
 143:Drivers/STM32G0xx_HAL_Driver/Src/stm32g0xx_hal_gpio.c **** /** @addtogroup GPIO_Exported_Functions_Group1
 144:Drivers/STM32G0xx_HAL_Driver/Src/stm32g0xx_hal_gpio.c ****  *  @brief    Initialization and Configuration functions
 145:Drivers/STM32G0xx_HAL_Driver/Src/stm32g0xx_hal_gpio.c ****  *
ARM GAS  /tmp/cc1ymi2F.s 			page 4


 146:Drivers/STM32G0xx_HAL_Driver/Src/stm32g0xx_hal_gpio.c **** @verbatim
 147:Drivers/STM32G0xx_HAL_Driver/Src/stm32g0xx_hal_gpio.c ****  ===============================================================================
 148:Drivers/STM32G0xx_HAL_Driver/Src/stm32g0xx_hal_gpio.c ****               ##### Initialization and de-initialization functions #####
 149:Drivers/STM32G0xx_HAL_Driver/Src/stm32g0xx_hal_gpio.c ****  ===============================================================================
 150:Drivers/STM32G0xx_HAL_Driver/Src/stm32g0xx_hal_gpio.c **** 
 151:Drivers/STM32G0xx_HAL_Driver/Src/stm32g0xx_hal_gpio.c **** @endverbatim
 152:Drivers/STM32G0xx_HAL_Driver/Src/stm32g0xx_hal_gpio.c ****   * @{
 153:Drivers/STM32G0xx_HAL_Driver/Src/stm32g0xx_hal_gpio.c ****   */
 154:Drivers/STM32G0xx_HAL_Driver/Src/stm32g0xx_hal_gpio.c **** 
 155:Drivers/STM32G0xx_HAL_Driver/Src/stm32g0xx_hal_gpio.c **** /**
 156:Drivers/STM32G0xx_HAL_Driver/Src/stm32g0xx_hal_gpio.c ****   * @brief  Initialize the GPIOx peripheral according to the specified parameters in the GPIO_Init.
 157:Drivers/STM32G0xx_HAL_Driver/Src/stm32g0xx_hal_gpio.c ****   * @param  GPIOx where x can be (A..F) to select the GPIO peripheral for STM32G0xx family
 158:Drivers/STM32G0xx_HAL_Driver/Src/stm32g0xx_hal_gpio.c ****   * @param  GPIO_Init pointer to a GPIO_InitTypeDef structure that contains
 159:Drivers/STM32G0xx_HAL_Driver/Src/stm32g0xx_hal_gpio.c ****   *         the configuration information for the specified GPIO peripheral.
 160:Drivers/STM32G0xx_HAL_Driver/Src/stm32g0xx_hal_gpio.c ****   * @retval None
 161:Drivers/STM32G0xx_HAL_Driver/Src/stm32g0xx_hal_gpio.c ****   */
 162:Drivers/STM32G0xx_HAL_Driver/Src/stm32g0xx_hal_gpio.c **** void HAL_GPIO_Init(GPIO_TypeDef  *GPIOx, GPIO_InitTypeDef *GPIO_Init)
 163:Drivers/STM32G0xx_HAL_Driver/Src/stm32g0xx_hal_gpio.c **** {
  28              		.loc 1 163 0
  29              		.cfi_startproc
  30              		@ args = 0, pretend = 0, frame = 0
  31              		@ frame_needed = 0, uses_anonymous_args = 0
  32              	.LVL0:
  33 0000 F0B5     		push	{r4, r5, r6, r7, lr}
  34              	.LCFI0:
  35              		.cfi_def_cfa_offset 20
  36              		.cfi_offset 4, -20
  37              		.cfi_offset 5, -16
  38              		.cfi_offset 6, -12
  39              		.cfi_offset 7, -8
  40              		.cfi_offset 14, -4
  41              	.LVL1:
 164:Drivers/STM32G0xx_HAL_Driver/Src/stm32g0xx_hal_gpio.c ****   uint32_t position = 0x00u;
  42              		.loc 1 164 0
  43 0002 0023     		movs	r3, #0
 165:Drivers/STM32G0xx_HAL_Driver/Src/stm32g0xx_hal_gpio.c ****   uint32_t iocurrent;
 166:Drivers/STM32G0xx_HAL_Driver/Src/stm32g0xx_hal_gpio.c ****   uint32_t temp;
 167:Drivers/STM32G0xx_HAL_Driver/Src/stm32g0xx_hal_gpio.c **** 
 168:Drivers/STM32G0xx_HAL_Driver/Src/stm32g0xx_hal_gpio.c ****   /* Check the parameters */
 169:Drivers/STM32G0xx_HAL_Driver/Src/stm32g0xx_hal_gpio.c ****   assert_param(IS_GPIO_ALL_INSTANCE(GPIOx));
 170:Drivers/STM32G0xx_HAL_Driver/Src/stm32g0xx_hal_gpio.c ****   assert_param(IS_GPIO_PIN(GPIO_Init->Pin));
 171:Drivers/STM32G0xx_HAL_Driver/Src/stm32g0xx_hal_gpio.c ****   assert_param(IS_GPIO_MODE(GPIO_Init->Mode));
 172:Drivers/STM32G0xx_HAL_Driver/Src/stm32g0xx_hal_gpio.c **** 
 173:Drivers/STM32G0xx_HAL_Driver/Src/stm32g0xx_hal_gpio.c ****   /* Configure the port pins */
 174:Drivers/STM32G0xx_HAL_Driver/Src/stm32g0xx_hal_gpio.c ****   while (((GPIO_Init->Pin) >> position) != 0x00u)
  44              		.loc 1 174 0
  45 0004 A4E0     		b	.L2
  46              	.LVL2:
  47              	.L12:
 175:Drivers/STM32G0xx_HAL_Driver/Src/stm32g0xx_hal_gpio.c ****   {
 176:Drivers/STM32G0xx_HAL_Driver/Src/stm32g0xx_hal_gpio.c ****     /* Get current io position */
 177:Drivers/STM32G0xx_HAL_Driver/Src/stm32g0xx_hal_gpio.c ****     iocurrent = (GPIO_Init->Pin) & (1uL << position);
  48              		.loc 1 177 0
  49 0006 0124     		movs	r4, #1
  50 0008 9C40     		lsls	r4, r4, r3
  51 000a 2240     		ands	r2, r4
  52              	.LVL3:
ARM GAS  /tmp/cc1ymi2F.s 			page 5


 178:Drivers/STM32G0xx_HAL_Driver/Src/stm32g0xx_hal_gpio.c **** 
 179:Drivers/STM32G0xx_HAL_Driver/Src/stm32g0xx_hal_gpio.c ****     if (iocurrent != 0x00u)
  53              		.loc 1 179 0
  54 000c 00D1     		bne	.LCB27
  55 000e 9EE0     		b	.L3	@long jump
  56              	.LCB27:
 180:Drivers/STM32G0xx_HAL_Driver/Src/stm32g0xx_hal_gpio.c ****     {
 181:Drivers/STM32G0xx_HAL_Driver/Src/stm32g0xx_hal_gpio.c ****       /*--------------------- GPIO Mode Configuration ------------------------*/
 182:Drivers/STM32G0xx_HAL_Driver/Src/stm32g0xx_hal_gpio.c ****       /* In case of Output or Alternate function mode selection */
 183:Drivers/STM32G0xx_HAL_Driver/Src/stm32g0xx_hal_gpio.c ****       if (((GPIO_Init->Mode & GPIO_MODE) == MODE_OUTPUT) || ((GPIO_Init->Mode & GPIO_MODE) == MODE_
  57              		.loc 1 183 0
  58 0010 0325     		movs	r5, #3
  59 0012 4E68     		ldr	r6, [r1, #4]
  60 0014 3540     		ands	r5, r6
  61 0016 013D     		subs	r5, r5, #1
  62 0018 012D     		cmp	r5, #1
  63 001a 11D8     		bhi	.L4
 184:Drivers/STM32G0xx_HAL_Driver/Src/stm32g0xx_hal_gpio.c ****       {
 185:Drivers/STM32G0xx_HAL_Driver/Src/stm32g0xx_hal_gpio.c ****         /* Check the Speed parameter */
 186:Drivers/STM32G0xx_HAL_Driver/Src/stm32g0xx_hal_gpio.c ****         assert_param(IS_GPIO_SPEED(GPIO_Init->Speed));
 187:Drivers/STM32G0xx_HAL_Driver/Src/stm32g0xx_hal_gpio.c **** 
 188:Drivers/STM32G0xx_HAL_Driver/Src/stm32g0xx_hal_gpio.c ****         /* Configure the IO Speed */
 189:Drivers/STM32G0xx_HAL_Driver/Src/stm32g0xx_hal_gpio.c ****         temp = GPIOx->OSPEEDR;
  64              		.loc 1 189 0
  65 001c 8568     		ldr	r5, [r0, #8]
  66              	.LVL4:
 190:Drivers/STM32G0xx_HAL_Driver/Src/stm32g0xx_hal_gpio.c ****         temp &= ~(GPIO_OSPEEDR_OSPEED0 << (position * 2u));
  67              		.loc 1 190 0
  68 001e 5F00     		lsls	r7, r3, #1
  69 0020 0326     		movs	r6, #3
  70 0022 BE40     		lsls	r6, r6, r7
  71 0024 B543     		bics	r5, r6
  72              	.LVL5:
 191:Drivers/STM32G0xx_HAL_Driver/Src/stm32g0xx_hal_gpio.c ****         temp |= (GPIO_Init->Speed << (position * 2u));
  73              		.loc 1 191 0
  74 0026 CE68     		ldr	r6, [r1, #12]
  75 0028 BE40     		lsls	r6, r6, r7
  76 002a 3543     		orrs	r5, r6
  77              	.LVL6:
 192:Drivers/STM32G0xx_HAL_Driver/Src/stm32g0xx_hal_gpio.c ****         GPIOx->OSPEEDR = temp;
  78              		.loc 1 192 0
  79 002c 8560     		str	r5, [r0, #8]
 193:Drivers/STM32G0xx_HAL_Driver/Src/stm32g0xx_hal_gpio.c **** 
 194:Drivers/STM32G0xx_HAL_Driver/Src/stm32g0xx_hal_gpio.c ****         /* Configure the IO Output Type */
 195:Drivers/STM32G0xx_HAL_Driver/Src/stm32g0xx_hal_gpio.c ****         temp = GPIOx->OTYPER;
  80              		.loc 1 195 0
  81 002e 4668     		ldr	r6, [r0, #4]
  82              	.LVL7:
 196:Drivers/STM32G0xx_HAL_Driver/Src/stm32g0xx_hal_gpio.c ****         temp &= ~(GPIO_OTYPER_OT0 << position) ;
  83              		.loc 1 196 0
  84 0030 A643     		bics	r6, r4
  85              	.LVL8:
 197:Drivers/STM32G0xx_HAL_Driver/Src/stm32g0xx_hal_gpio.c ****         temp |= (((GPIO_Init->Mode & OUTPUT_TYPE) >> OUTPUT_TYPE_Pos) << position);
  86              		.loc 1 197 0
  87 0032 4C68     		ldr	r4, [r1, #4]
  88 0034 2509     		lsrs	r5, r4, #4
  89 0036 0124     		movs	r4, #1
ARM GAS  /tmp/cc1ymi2F.s 			page 6


  90 0038 2C40     		ands	r4, r5
  91 003a 9C40     		lsls	r4, r4, r3
  92 003c 3443     		orrs	r4, r6
  93              	.LVL9:
 198:Drivers/STM32G0xx_HAL_Driver/Src/stm32g0xx_hal_gpio.c ****         GPIOx->OTYPER = temp;
  94              		.loc 1 198 0
  95 003e 4460     		str	r4, [r0, #4]
  96              	.LVL10:
  97              	.L4:
 199:Drivers/STM32G0xx_HAL_Driver/Src/stm32g0xx_hal_gpio.c ****       }
 200:Drivers/STM32G0xx_HAL_Driver/Src/stm32g0xx_hal_gpio.c **** 
 201:Drivers/STM32G0xx_HAL_Driver/Src/stm32g0xx_hal_gpio.c ****       if ((GPIO_Init->Mode & GPIO_MODE) != MODE_ANALOG)
  98              		.loc 1 201 0
  99 0040 0324     		movs	r4, #3
 100 0042 4D68     		ldr	r5, [r1, #4]
 101 0044 2C40     		ands	r4, r5
 102 0046 032C     		cmp	r4, #3
 103 0048 08D0     		beq	.L5
 202:Drivers/STM32G0xx_HAL_Driver/Src/stm32g0xx_hal_gpio.c ****       {
 203:Drivers/STM32G0xx_HAL_Driver/Src/stm32g0xx_hal_gpio.c ****         /* Check the Pull parameter */
 204:Drivers/STM32G0xx_HAL_Driver/Src/stm32g0xx_hal_gpio.c ****         assert_param(IS_GPIO_PULL(GPIO_Init->Pull));
 205:Drivers/STM32G0xx_HAL_Driver/Src/stm32g0xx_hal_gpio.c **** 
 206:Drivers/STM32G0xx_HAL_Driver/Src/stm32g0xx_hal_gpio.c ****         /* Activate the Pull-up or Pull down resistor for the current IO */
 207:Drivers/STM32G0xx_HAL_Driver/Src/stm32g0xx_hal_gpio.c ****         temp = GPIOx->PUPDR;
 104              		.loc 1 207 0
 105 004a C468     		ldr	r4, [r0, #12]
 106              	.LVL11:
 208:Drivers/STM32G0xx_HAL_Driver/Src/stm32g0xx_hal_gpio.c ****         temp &= ~(GPIO_PUPDR_PUPD0 << (position * 2u));
 107              		.loc 1 208 0
 108 004c 5E00     		lsls	r6, r3, #1
 109 004e 0325     		movs	r5, #3
 110 0050 B540     		lsls	r5, r5, r6
 111 0052 AC43     		bics	r4, r5
 112              	.LVL12:
 209:Drivers/STM32G0xx_HAL_Driver/Src/stm32g0xx_hal_gpio.c ****         temp |= ((GPIO_Init->Pull) << (position * 2u));
 113              		.loc 1 209 0
 114 0054 8D68     		ldr	r5, [r1, #8]
 115 0056 B540     		lsls	r5, r5, r6
 116 0058 2C43     		orrs	r4, r5
 117              	.LVL13:
 210:Drivers/STM32G0xx_HAL_Driver/Src/stm32g0xx_hal_gpio.c ****         GPIOx->PUPDR = temp;
 118              		.loc 1 210 0
 119 005a C460     		str	r4, [r0, #12]
 120              	.LVL14:
 121              	.L5:
 211:Drivers/STM32G0xx_HAL_Driver/Src/stm32g0xx_hal_gpio.c ****       }
 212:Drivers/STM32G0xx_HAL_Driver/Src/stm32g0xx_hal_gpio.c **** 
 213:Drivers/STM32G0xx_HAL_Driver/Src/stm32g0xx_hal_gpio.c ****       /* In case of Alternate function mode selection */
 214:Drivers/STM32G0xx_HAL_Driver/Src/stm32g0xx_hal_gpio.c ****       if ((GPIO_Init->Mode & GPIO_MODE) == MODE_AF)
 122              		.loc 1 214 0
 123 005c 0324     		movs	r4, #3
 124 005e 4D68     		ldr	r5, [r1, #4]
 125 0060 2C40     		ands	r4, r5
 126 0062 022C     		cmp	r4, #2
 127 0064 0ED1     		bne	.L6
 215:Drivers/STM32G0xx_HAL_Driver/Src/stm32g0xx_hal_gpio.c ****       {
 216:Drivers/STM32G0xx_HAL_Driver/Src/stm32g0xx_hal_gpio.c ****         /* Check the Alternate function parameters */
ARM GAS  /tmp/cc1ymi2F.s 			page 7


 217:Drivers/STM32G0xx_HAL_Driver/Src/stm32g0xx_hal_gpio.c ****         assert_param(IS_GPIO_AF_INSTANCE(GPIOx));
 218:Drivers/STM32G0xx_HAL_Driver/Src/stm32g0xx_hal_gpio.c ****         assert_param(IS_GPIO_AF(GPIO_Init->Alternate));
 219:Drivers/STM32G0xx_HAL_Driver/Src/stm32g0xx_hal_gpio.c **** 
 220:Drivers/STM32G0xx_HAL_Driver/Src/stm32g0xx_hal_gpio.c ****         /* Configure Alternate function mapped with the current IO */
 221:Drivers/STM32G0xx_HAL_Driver/Src/stm32g0xx_hal_gpio.c ****         temp = GPIOx->AFR[position >> 3u];
 128              		.loc 1 221 0
 129 0066 DC08     		lsrs	r4, r3, #3
 130 0068 0834     		adds	r4, r4, #8
 131 006a A400     		lsls	r4, r4, #2
 132 006c 2758     		ldr	r7, [r4, r0]
 133              	.LVL15:
 222:Drivers/STM32G0xx_HAL_Driver/Src/stm32g0xx_hal_gpio.c ****         temp &= ~(0xFu << ((position & 0x07u) * 4u));
 134              		.loc 1 222 0
 135 006e 0725     		movs	r5, #7
 136 0070 1D40     		ands	r5, r3
 137 0072 AD00     		lsls	r5, r5, #2
 138 0074 0F26     		movs	r6, #15
 139 0076 AE40     		lsls	r6, r6, r5
 140 0078 B743     		bics	r7, r6
 141              	.LVL16:
 223:Drivers/STM32G0xx_HAL_Driver/Src/stm32g0xx_hal_gpio.c ****         temp |= ((GPIO_Init->Alternate) << ((position & 0x07u) * 4u));
 142              		.loc 1 223 0
 143 007a 0E69     		ldr	r6, [r1, #16]
 144 007c AE40     		lsls	r6, r6, r5
 145 007e 3D00     		movs	r5, r7
 146 0080 3543     		orrs	r5, r6
 147              	.LVL17:
 224:Drivers/STM32G0xx_HAL_Driver/Src/stm32g0xx_hal_gpio.c ****         GPIOx->AFR[position >> 3u] = temp;
 148              		.loc 1 224 0
 149 0082 2550     		str	r5, [r4, r0]
 150              	.LVL18:
 151              	.L6:
 225:Drivers/STM32G0xx_HAL_Driver/Src/stm32g0xx_hal_gpio.c ****       }
 226:Drivers/STM32G0xx_HAL_Driver/Src/stm32g0xx_hal_gpio.c **** 
 227:Drivers/STM32G0xx_HAL_Driver/Src/stm32g0xx_hal_gpio.c ****       /* Configure IO Direction mode (Input, Output, Alternate or Analog) */
 228:Drivers/STM32G0xx_HAL_Driver/Src/stm32g0xx_hal_gpio.c ****       temp = GPIOx->MODER;
 152              		.loc 1 228 0
 153 0084 0568     		ldr	r5, [r0]
 154              	.LVL19:
 229:Drivers/STM32G0xx_HAL_Driver/Src/stm32g0xx_hal_gpio.c ****       temp &= ~(GPIO_MODER_MODE0 << (position * 2u));
 155              		.loc 1 229 0
 156 0086 5E00     		lsls	r6, r3, #1
 157 0088 0324     		movs	r4, #3
 158 008a 2700     		movs	r7, r4
 159 008c B740     		lsls	r7, r7, r6
 160 008e BD43     		bics	r5, r7
 161              	.LVL20:
 230:Drivers/STM32G0xx_HAL_Driver/Src/stm32g0xx_hal_gpio.c ****       temp |= ((GPIO_Init->Mode & GPIO_MODE) << (position * 2u));
 162              		.loc 1 230 0
 163 0090 4F68     		ldr	r7, [r1, #4]
 164 0092 3C40     		ands	r4, r7
 165 0094 B440     		lsls	r4, r4, r6
 166 0096 2C43     		orrs	r4, r5
 167              	.LVL21:
 231:Drivers/STM32G0xx_HAL_Driver/Src/stm32g0xx_hal_gpio.c ****       GPIOx->MODER = temp;
 168              		.loc 1 231 0
 169 0098 0460     		str	r4, [r0]
ARM GAS  /tmp/cc1ymi2F.s 			page 8


 232:Drivers/STM32G0xx_HAL_Driver/Src/stm32g0xx_hal_gpio.c **** 
 233:Drivers/STM32G0xx_HAL_Driver/Src/stm32g0xx_hal_gpio.c ****       /*--------------------- EXTI Mode Configuration ------------------------*/
 234:Drivers/STM32G0xx_HAL_Driver/Src/stm32g0xx_hal_gpio.c ****       /* Configure the External Interrupt or event for the current IO */
 235:Drivers/STM32G0xx_HAL_Driver/Src/stm32g0xx_hal_gpio.c ****       if ((GPIO_Init->Mode & EXTI_MODE) != 0x00u)
 170              		.loc 1 235 0
 171 009a C024     		movs	r4, #192
 172              	.LVL22:
 173 009c A402     		lsls	r4, r4, #10
 174 009e 4D68     		ldr	r5, [r1, #4]
 175 00a0 2542     		tst	r5, r4
 176 00a2 54D0     		beq	.L3
 236:Drivers/STM32G0xx_HAL_Driver/Src/stm32g0xx_hal_gpio.c ****       {
 237:Drivers/STM32G0xx_HAL_Driver/Src/stm32g0xx_hal_gpio.c ****         temp = EXTI->EXTICR[position >> 2u];
 177              		.loc 1 237 0
 178 00a4 9C08     		lsrs	r4, r3, #2
 179 00a6 2500     		movs	r5, r4
 180 00a8 1835     		adds	r5, r5, #24
 181 00aa AD00     		lsls	r5, r5, #2
 182 00ac 2B4E     		ldr	r6, .L17
 183 00ae AF59     		ldr	r7, [r5, r6]
 184              	.LVL23:
 238:Drivers/STM32G0xx_HAL_Driver/Src/stm32g0xx_hal_gpio.c ****         temp &= ~(0x0FuL << (8u * (position & 0x03u)));
 185              		.loc 1 238 0
 186 00b0 0325     		movs	r5, #3
 187 00b2 1D40     		ands	r5, r3
 188 00b4 ED00     		lsls	r5, r5, #3
 189 00b6 0F26     		movs	r6, #15
 190 00b8 AE40     		lsls	r6, r6, r5
 191 00ba B743     		bics	r7, r6
 192              	.LVL24:
 239:Drivers/STM32G0xx_HAL_Driver/Src/stm32g0xx_hal_gpio.c ****         temp |= (GPIO_GET_INDEX(GPIOx) << (8u * (position & 0x03u)));
 193              		.loc 1 239 0
 194 00bc A026     		movs	r6, #160
 195 00be F605     		lsls	r6, r6, #23
 196 00c0 B042     		cmp	r0, r6
 197 00c2 0AD0     		beq	.L13
 198              		.loc 1 239 0 is_stmt 0 discriminator 1
 199 00c4 264E     		ldr	r6, .L17+4
 200 00c6 B042     		cmp	r0, r6
 201 00c8 09D0     		beq	.L14
 202              		.loc 1 239 0 discriminator 3
 203 00ca 264E     		ldr	r6, .L17+8
 204 00cc B042     		cmp	r0, r6
 205 00ce 08D0     		beq	.L15
 206              		.loc 1 239 0 discriminator 5
 207 00d0 254E     		ldr	r6, .L17+12
 208 00d2 B042     		cmp	r0, r6
 209 00d4 07D1     		bne	.L16
 210              		.loc 1 239 0
 211 00d6 0326     		movs	r6, #3
 212 00d8 06E0     		b	.L7
 213              	.L13:
 214 00da 0026     		movs	r6, #0
 215 00dc 04E0     		b	.L7
 216              	.L14:
 217 00de 0126     		movs	r6, #1
 218 00e0 02E0     		b	.L7
ARM GAS  /tmp/cc1ymi2F.s 			page 9


 219              	.L15:
 220 00e2 0226     		movs	r6, #2
 221 00e4 00E0     		b	.L7
 222              	.L16:
 223 00e6 0526     		movs	r6, #5
 224              	.L7:
 225              		.loc 1 239 0 discriminator 16
 226 00e8 AE40     		lsls	r6, r6, r5
 227 00ea 3500     		movs	r5, r6
 228 00ec 3D43     		orrs	r5, r7
 229              	.LVL25:
 240:Drivers/STM32G0xx_HAL_Driver/Src/stm32g0xx_hal_gpio.c ****         EXTI->EXTICR[position >> 2u] = temp;
 230              		.loc 1 240 0 is_stmt 1 discriminator 16
 231 00ee 1B4E     		ldr	r6, .L17
 232 00f0 1834     		adds	r4, r4, #24
 233 00f2 A400     		lsls	r4, r4, #2
 234 00f4 A551     		str	r5, [r4, r6]
 241:Drivers/STM32G0xx_HAL_Driver/Src/stm32g0xx_hal_gpio.c **** 
 242:Drivers/STM32G0xx_HAL_Driver/Src/stm32g0xx_hal_gpio.c ****         /* Clear Rising Falling edge configuration */
 243:Drivers/STM32G0xx_HAL_Driver/Src/stm32g0xx_hal_gpio.c ****         temp = EXTI->RTSR1;
 235              		.loc 1 243 0 discriminator 16
 236 00f6 3568     		ldr	r5, [r6]
 237              	.LVL26:
 244:Drivers/STM32G0xx_HAL_Driver/Src/stm32g0xx_hal_gpio.c ****         temp &= ~(iocurrent);
 238              		.loc 1 244 0 discriminator 16
 239 00f8 D443     		mvns	r4, r2
 240 00fa 2600     		movs	r6, r4
 241 00fc 2E40     		ands	r6, r5
 242              	.LVL27:
 245:Drivers/STM32G0xx_HAL_Driver/Src/stm32g0xx_hal_gpio.c ****         if ((GPIO_Init->Mode & TRIGGER_RISING) != 0x00u)
 243              		.loc 1 245 0 discriminator 16
 244 00fe 4F68     		ldr	r7, [r1, #4]
 245 0100 FF02     		lsls	r7, r7, #11
 246 0102 01D5     		bpl	.L8
 246:Drivers/STM32G0xx_HAL_Driver/Src/stm32g0xx_hal_gpio.c ****         {
 247:Drivers/STM32G0xx_HAL_Driver/Src/stm32g0xx_hal_gpio.c ****           temp |= iocurrent;
 247              		.loc 1 247 0
 248 0104 1543     		orrs	r5, r2
 249 0106 2E00     		movs	r6, r5
 250              	.LVL28:
 251              	.L8:
 248:Drivers/STM32G0xx_HAL_Driver/Src/stm32g0xx_hal_gpio.c ****         }
 249:Drivers/STM32G0xx_HAL_Driver/Src/stm32g0xx_hal_gpio.c ****         EXTI->RTSR1 = temp;
 252              		.loc 1 249 0
 253 0108 144D     		ldr	r5, .L17
 254 010a 2E60     		str	r6, [r5]
 250:Drivers/STM32G0xx_HAL_Driver/Src/stm32g0xx_hal_gpio.c **** 
 251:Drivers/STM32G0xx_HAL_Driver/Src/stm32g0xx_hal_gpio.c ****         temp = EXTI->FTSR1;
 255              		.loc 1 251 0
 256 010c 6D68     		ldr	r5, [r5, #4]
 257              	.LVL29:
 252:Drivers/STM32G0xx_HAL_Driver/Src/stm32g0xx_hal_gpio.c ****         temp &= ~(iocurrent);
 258              		.loc 1 252 0
 259 010e 2E00     		movs	r6, r5
 260 0110 2640     		ands	r6, r4
 261              	.LVL30:
 253:Drivers/STM32G0xx_HAL_Driver/Src/stm32g0xx_hal_gpio.c ****         if ((GPIO_Init->Mode & TRIGGER_FALLING) != 0x00u)
ARM GAS  /tmp/cc1ymi2F.s 			page 10


 262              		.loc 1 253 0
 263 0112 4F68     		ldr	r7, [r1, #4]
 264 0114 BF02     		lsls	r7, r7, #10
 265 0116 01D5     		bpl	.L9
 254:Drivers/STM32G0xx_HAL_Driver/Src/stm32g0xx_hal_gpio.c ****         {
 255:Drivers/STM32G0xx_HAL_Driver/Src/stm32g0xx_hal_gpio.c ****           temp |= iocurrent;
 266              		.loc 1 255 0
 267 0118 1543     		orrs	r5, r2
 268 011a 2E00     		movs	r6, r5
 269              	.LVL31:
 270              	.L9:
 256:Drivers/STM32G0xx_HAL_Driver/Src/stm32g0xx_hal_gpio.c ****         }
 257:Drivers/STM32G0xx_HAL_Driver/Src/stm32g0xx_hal_gpio.c ****         EXTI->FTSR1 = temp;
 271              		.loc 1 257 0
 272 011c 0F4D     		ldr	r5, .L17
 273 011e 6E60     		str	r6, [r5, #4]
 258:Drivers/STM32G0xx_HAL_Driver/Src/stm32g0xx_hal_gpio.c **** 
 259:Drivers/STM32G0xx_HAL_Driver/Src/stm32g0xx_hal_gpio.c ****         /* Clear EXTI line configuration */
 260:Drivers/STM32G0xx_HAL_Driver/Src/stm32g0xx_hal_gpio.c ****         temp = EXTI->EMR1;
 274              		.loc 1 260 0
 275 0120 8426     		movs	r6, #132
 276              	.LVL32:
 277 0122 AD59     		ldr	r5, [r5, r6]
 278              	.LVL33:
 261:Drivers/STM32G0xx_HAL_Driver/Src/stm32g0xx_hal_gpio.c ****         temp &= ~(iocurrent);
 279              		.loc 1 261 0
 280 0124 2E00     		movs	r6, r5
 281 0126 2640     		ands	r6, r4
 282              	.LVL34:
 262:Drivers/STM32G0xx_HAL_Driver/Src/stm32g0xx_hal_gpio.c ****         if ((GPIO_Init->Mode & EXTI_EVT) != 0x00u)
 283              		.loc 1 262 0
 284 0128 4F68     		ldr	r7, [r1, #4]
 285 012a BF03     		lsls	r7, r7, #14
 286 012c 01D5     		bpl	.L10
 263:Drivers/STM32G0xx_HAL_Driver/Src/stm32g0xx_hal_gpio.c ****         {
 264:Drivers/STM32G0xx_HAL_Driver/Src/stm32g0xx_hal_gpio.c ****           temp |= iocurrent;
 287              		.loc 1 264 0
 288 012e 1543     		orrs	r5, r2
 289 0130 2E00     		movs	r6, r5
 290              	.LVL35:
 291              	.L10:
 265:Drivers/STM32G0xx_HAL_Driver/Src/stm32g0xx_hal_gpio.c ****         }
 266:Drivers/STM32G0xx_HAL_Driver/Src/stm32g0xx_hal_gpio.c ****         EXTI->EMR1 = temp;
 292              		.loc 1 266 0
 293 0132 0A4D     		ldr	r5, .L17
 294 0134 8427     		movs	r7, #132
 295 0136 EE51     		str	r6, [r5, r7]
 267:Drivers/STM32G0xx_HAL_Driver/Src/stm32g0xx_hal_gpio.c **** 
 268:Drivers/STM32G0xx_HAL_Driver/Src/stm32g0xx_hal_gpio.c ****         temp = EXTI->IMR1;
 296              		.loc 1 268 0
 297 0138 8026     		movs	r6, #128
 298              	.LVL36:
 299 013a AD59     		ldr	r5, [r5, r6]
 300              	.LVL37:
 269:Drivers/STM32G0xx_HAL_Driver/Src/stm32g0xx_hal_gpio.c ****         temp &= ~(iocurrent);
 301              		.loc 1 269 0
 302 013c 2C40     		ands	r4, r5
ARM GAS  /tmp/cc1ymi2F.s 			page 11


 303              	.LVL38:
 270:Drivers/STM32G0xx_HAL_Driver/Src/stm32g0xx_hal_gpio.c ****         if ((GPIO_Init->Mode & EXTI_IT) != 0x00u)
 304              		.loc 1 270 0
 305 013e 4E68     		ldr	r6, [r1, #4]
 306 0140 F603     		lsls	r6, r6, #15
 307 0142 01D5     		bpl	.L11
 271:Drivers/STM32G0xx_HAL_Driver/Src/stm32g0xx_hal_gpio.c ****         {
 272:Drivers/STM32G0xx_HAL_Driver/Src/stm32g0xx_hal_gpio.c ****           temp |= iocurrent;
 308              		.loc 1 272 0
 309 0144 2A43     		orrs	r2, r5
 310              	.LVL39:
 311 0146 1400     		movs	r4, r2
 312              	.LVL40:
 313              	.L11:
 273:Drivers/STM32G0xx_HAL_Driver/Src/stm32g0xx_hal_gpio.c ****         }
 274:Drivers/STM32G0xx_HAL_Driver/Src/stm32g0xx_hal_gpio.c ****         EXTI->IMR1 = temp;
 314              		.loc 1 274 0
 315 0148 8022     		movs	r2, #128
 316 014a 044D     		ldr	r5, .L17
 317 014c AC50     		str	r4, [r5, r2]
 318              	.LVL41:
 319              	.L3:
 275:Drivers/STM32G0xx_HAL_Driver/Src/stm32g0xx_hal_gpio.c ****       }
 276:Drivers/STM32G0xx_HAL_Driver/Src/stm32g0xx_hal_gpio.c ****     }
 277:Drivers/STM32G0xx_HAL_Driver/Src/stm32g0xx_hal_gpio.c **** 
 278:Drivers/STM32G0xx_HAL_Driver/Src/stm32g0xx_hal_gpio.c ****     position++;
 320              		.loc 1 278 0
 321 014e 0133     		adds	r3, r3, #1
 322              	.LVL42:
 323              	.L2:
 174:Drivers/STM32G0xx_HAL_Driver/Src/stm32g0xx_hal_gpio.c ****   {
 324              		.loc 1 174 0
 325 0150 0A68     		ldr	r2, [r1]
 326 0152 1400     		movs	r4, r2
 327 0154 DC40     		lsrs	r4, r4, r3
 328 0156 00D0     		beq	.LCB336
 329 0158 55E7     		b	.L12	@long jump
 330              	.LCB336:
 279:Drivers/STM32G0xx_HAL_Driver/Src/stm32g0xx_hal_gpio.c ****   }
 280:Drivers/STM32G0xx_HAL_Driver/Src/stm32g0xx_hal_gpio.c **** }
 331              		.loc 1 280 0
 332              		@ sp needed
 333 015a F0BD     		pop	{r4, r5, r6, r7, pc}
 334              	.L18:
 335              		.align	2
 336              	.L17:
 337 015c 00180240 		.word	1073879040
 338 0160 00040050 		.word	1342178304
 339 0164 00080050 		.word	1342179328
 340 0168 000C0050 		.word	1342180352
 341              		.cfi_endproc
 342              	.LFE310:
 344              		.section	.text.HAL_GPIO_DeInit,"ax",%progbits
 345              		.align	2
 346              		.global	HAL_GPIO_DeInit
 347              		.code	16
 348              		.thumb_func
ARM GAS  /tmp/cc1ymi2F.s 			page 12


 350              	HAL_GPIO_DeInit:
 351              	.LFB311:
 281:Drivers/STM32G0xx_HAL_Driver/Src/stm32g0xx_hal_gpio.c **** 
 282:Drivers/STM32G0xx_HAL_Driver/Src/stm32g0xx_hal_gpio.c **** /**
 283:Drivers/STM32G0xx_HAL_Driver/Src/stm32g0xx_hal_gpio.c ****   * @brief  De-initialize the GPIOx peripheral registers to their default reset values.
 284:Drivers/STM32G0xx_HAL_Driver/Src/stm32g0xx_hal_gpio.c ****   * @param  GPIOx where x can be (A..F) to select the GPIO peripheral for STM32G0xx family
 285:Drivers/STM32G0xx_HAL_Driver/Src/stm32g0xx_hal_gpio.c ****   * @param  GPIO_Pin specifies the port bit to be written.
 286:Drivers/STM32G0xx_HAL_Driver/Src/stm32g0xx_hal_gpio.c ****   *         This parameter can be any combination of GPIO_Pin_x where x can be (0..15).
 287:Drivers/STM32G0xx_HAL_Driver/Src/stm32g0xx_hal_gpio.c ****   * @retval None
 288:Drivers/STM32G0xx_HAL_Driver/Src/stm32g0xx_hal_gpio.c ****   */
 289:Drivers/STM32G0xx_HAL_Driver/Src/stm32g0xx_hal_gpio.c **** void HAL_GPIO_DeInit(GPIO_TypeDef  *GPIOx, uint32_t GPIO_Pin)
 290:Drivers/STM32G0xx_HAL_Driver/Src/stm32g0xx_hal_gpio.c **** {
 352              		.loc 1 290 0
 353              		.cfi_startproc
 354              		@ args = 0, pretend = 0, frame = 0
 355              		@ frame_needed = 0, uses_anonymous_args = 0
 356              	.LVL43:
 357 0000 F0B5     		push	{r4, r5, r6, r7, lr}
 358              	.LCFI1:
 359              		.cfi_def_cfa_offset 20
 360              		.cfi_offset 4, -20
 361              		.cfi_offset 5, -16
 362              		.cfi_offset 6, -12
 363              		.cfi_offset 7, -8
 364              		.cfi_offset 14, -4
 365 0002 4F46     		mov	r7, r9
 366 0004 4646     		mov	r6, r8
 367 0006 C0B4     		push	{r6, r7}
 368              	.LCFI2:
 369              		.cfi_def_cfa_offset 28
 370              		.cfi_offset 8, -28
 371              		.cfi_offset 9, -24
 372 0008 8946     		mov	r9, r1
 373              	.LVL44:
 291:Drivers/STM32G0xx_HAL_Driver/Src/stm32g0xx_hal_gpio.c ****   uint32_t position = 0x00u;
 374              		.loc 1 291 0
 375 000a 0023     		movs	r3, #0
 292:Drivers/STM32G0xx_HAL_Driver/Src/stm32g0xx_hal_gpio.c ****   uint32_t iocurrent;
 293:Drivers/STM32G0xx_HAL_Driver/Src/stm32g0xx_hal_gpio.c ****   uint32_t tmp;
 294:Drivers/STM32G0xx_HAL_Driver/Src/stm32g0xx_hal_gpio.c **** 
 295:Drivers/STM32G0xx_HAL_Driver/Src/stm32g0xx_hal_gpio.c ****   /* Check the parameters */
 296:Drivers/STM32G0xx_HAL_Driver/Src/stm32g0xx_hal_gpio.c ****   assert_param(IS_GPIO_ALL_INSTANCE(GPIOx));
 297:Drivers/STM32G0xx_HAL_Driver/Src/stm32g0xx_hal_gpio.c ****   assert_param(IS_GPIO_PIN(GPIO_Pin));
 298:Drivers/STM32G0xx_HAL_Driver/Src/stm32g0xx_hal_gpio.c **** 
 299:Drivers/STM32G0xx_HAL_Driver/Src/stm32g0xx_hal_gpio.c ****   /* Configure the port pins */
 300:Drivers/STM32G0xx_HAL_Driver/Src/stm32g0xx_hal_gpio.c ****   while ((GPIO_Pin >> position) != 0x00u)
 376              		.loc 1 300 0
 377 000c 66E0     		b	.L20
 378              	.LVL45:
 379              	.L24:
 301:Drivers/STM32G0xx_HAL_Driver/Src/stm32g0xx_hal_gpio.c ****   {
 302:Drivers/STM32G0xx_HAL_Driver/Src/stm32g0xx_hal_gpio.c ****     /* Get current io position */
 303:Drivers/STM32G0xx_HAL_Driver/Src/stm32g0xx_hal_gpio.c ****     iocurrent = (GPIO_Pin) & (1uL << position);
 380              		.loc 1 303 0
 381 000e 0124     		movs	r4, #1
 382 0010 9C40     		lsls	r4, r4, r3
 383 0012 2600     		movs	r6, r4
ARM GAS  /tmp/cc1ymi2F.s 			page 13


 384 0014 4A46     		mov	r2, r9
 385 0016 1640     		ands	r6, r2
 386              	.LVL46:
 304:Drivers/STM32G0xx_HAL_Driver/Src/stm32g0xx_hal_gpio.c **** 
 305:Drivers/STM32G0xx_HAL_Driver/Src/stm32g0xx_hal_gpio.c ****     if (iocurrent != 0x00u)
 387              		.loc 1 305 0
 388 0018 5FD0     		beq	.L21
 389              	.LVL47:
 306:Drivers/STM32G0xx_HAL_Driver/Src/stm32g0xx_hal_gpio.c ****     {
 307:Drivers/STM32G0xx_HAL_Driver/Src/stm32g0xx_hal_gpio.c ****       /*------------------------- EXTI Mode Configuration --------------------*/
 308:Drivers/STM32G0xx_HAL_Driver/Src/stm32g0xx_hal_gpio.c ****       /* Clear the External Interrupt or Event for the current IO */
 309:Drivers/STM32G0xx_HAL_Driver/Src/stm32g0xx_hal_gpio.c **** 
 310:Drivers/STM32G0xx_HAL_Driver/Src/stm32g0xx_hal_gpio.c ****       tmp = EXTI->EXTICR[position >> 2u];
 390              		.loc 1 310 0
 391 001a 9A08     		lsrs	r2, r3, #2
 392              	.LVL48:
 393 001c 9446     		mov	ip, r2
 394 001e 1832     		adds	r2, r2, #24
 395 0020 9200     		lsls	r2, r2, #2
 396 0022 324D     		ldr	r5, .L29
 397 0024 5559     		ldr	r5, [r2, r5]
 398              	.LVL49:
 311:Drivers/STM32G0xx_HAL_Driver/Src/stm32g0xx_hal_gpio.c ****       tmp &= (0x0FuL << (8u * (position & 0x03u)));
 399              		.loc 1 311 0
 400 0026 0322     		movs	r2, #3
 401 0028 1A40     		ands	r2, r3
 402 002a D200     		lsls	r2, r2, #3
 403 002c 0F27     		movs	r7, #15
 404 002e 9740     		lsls	r7, r7, r2
 405 0030 3D40     		ands	r5, r7
 406              	.LVL50:
 312:Drivers/STM32G0xx_HAL_Driver/Src/stm32g0xx_hal_gpio.c ****       if (tmp == (GPIO_GET_INDEX(GPIOx) << (8u * (position & 0x03u))))
 407              		.loc 1 312 0
 408 0032 A021     		movs	r1, #160
 409 0034 C905     		lsls	r1, r1, #23
 410 0036 8842     		cmp	r0, r1
 411 0038 0BD0     		beq	.L25
 412              		.loc 1 312 0 is_stmt 0 discriminator 1
 413 003a 2D49     		ldr	r1, .L29+4
 414 003c 8842     		cmp	r0, r1
 415 003e 0BD0     		beq	.L26
 416              		.loc 1 312 0 discriminator 3
 417 0040 2C49     		ldr	r1, .L29+8
 418 0042 8842     		cmp	r0, r1
 419 0044 0BD0     		beq	.L27
 420              		.loc 1 312 0 discriminator 5
 421 0046 2C49     		ldr	r1, .L29+12
 422 0048 8842     		cmp	r0, r1
 423 004a 0BD1     		bne	.L28
 424              		.loc 1 312 0
 425 004c 0321     		movs	r1, #3
 426 004e 8846     		mov	r8, r1
 427 0050 0AE0     		b	.L22
 428              	.L25:
 429 0052 0021     		movs	r1, #0
 430 0054 8846     		mov	r8, r1
 431 0056 07E0     		b	.L22
ARM GAS  /tmp/cc1ymi2F.s 			page 14


 432              	.L26:
 433 0058 0121     		movs	r1, #1
 434 005a 8846     		mov	r8, r1
 435 005c 04E0     		b	.L22
 436              	.L27:
 437 005e 0221     		movs	r1, #2
 438 0060 8846     		mov	r8, r1
 439 0062 01E0     		b	.L22
 440              	.L28:
 441 0064 0521     		movs	r1, #5
 442 0066 8846     		mov	r8, r1
 443              	.L22:
 444              		.loc 1 312 0 discriminator 16
 445 0068 4146     		mov	r1, r8
 446 006a 9140     		lsls	r1, r1, r2
 447 006c 8D42     		cmp	r5, r1
 448 006e 19D1     		bne	.L23
 313:Drivers/STM32G0xx_HAL_Driver/Src/stm32g0xx_hal_gpio.c ****       {
 314:Drivers/STM32G0xx_HAL_Driver/Src/stm32g0xx_hal_gpio.c ****         /* Clear EXTI line configuration */
 315:Drivers/STM32G0xx_HAL_Driver/Src/stm32g0xx_hal_gpio.c ****         EXTI->IMR1 &= ~(iocurrent);
 449              		.loc 1 315 0 is_stmt 1
 450 0070 1E4D     		ldr	r5, .L29
 451              	.LVL51:
 452 0072 8022     		movs	r2, #128
 453 0074 9046     		mov	r8, r2
 454 0076 AA58     		ldr	r2, [r5, r2]
 455 0078 F643     		mvns	r6, r6
 456              	.LVL52:
 457 007a 3240     		ands	r2, r6
 458 007c 4146     		mov	r1, r8
 459 007e 6A50     		str	r2, [r5, r1]
 316:Drivers/STM32G0xx_HAL_Driver/Src/stm32g0xx_hal_gpio.c ****         EXTI->EMR1 &= ~(iocurrent);
 460              		.loc 1 316 0
 461 0080 8422     		movs	r2, #132
 462 0082 9046     		mov	r8, r2
 463 0084 AA58     		ldr	r2, [r5, r2]
 464 0086 3240     		ands	r2, r6
 465 0088 4146     		mov	r1, r8
 466 008a 6A50     		str	r2, [r5, r1]
 317:Drivers/STM32G0xx_HAL_Driver/Src/stm32g0xx_hal_gpio.c **** 
 318:Drivers/STM32G0xx_HAL_Driver/Src/stm32g0xx_hal_gpio.c ****         /* Clear Rising Falling edge configuration */
 319:Drivers/STM32G0xx_HAL_Driver/Src/stm32g0xx_hal_gpio.c ****         EXTI->FTSR1 &= ~(iocurrent);
 467              		.loc 1 319 0
 468 008c 6A68     		ldr	r2, [r5, #4]
 469 008e 3240     		ands	r2, r6
 470 0090 6A60     		str	r2, [r5, #4]
 320:Drivers/STM32G0xx_HAL_Driver/Src/stm32g0xx_hal_gpio.c ****         EXTI->RTSR1 &= ~(iocurrent);
 471              		.loc 1 320 0
 472 0092 2A68     		ldr	r2, [r5]
 473 0094 1640     		ands	r6, r2
 474              	.LVL53:
 475 0096 2E60     		str	r6, [r5]
 476              	.LVL54:
 321:Drivers/STM32G0xx_HAL_Driver/Src/stm32g0xx_hal_gpio.c **** 
 322:Drivers/STM32G0xx_HAL_Driver/Src/stm32g0xx_hal_gpio.c ****         tmp = 0x0FuL << (8u * (position & 0x03u));
 323:Drivers/STM32G0xx_HAL_Driver/Src/stm32g0xx_hal_gpio.c ****         EXTI->EXTICR[position >> 2u] &= ~tmp;
 477              		.loc 1 323 0
ARM GAS  /tmp/cc1ymi2F.s 			page 15


 478 0098 6246     		mov	r2, ip
 479 009a 1832     		adds	r2, r2, #24
 480 009c 9200     		lsls	r2, r2, #2
 481 009e 5659     		ldr	r6, [r2, r5]
 482 00a0 BE43     		bics	r6, r7
 483 00a2 5651     		str	r6, [r2, r5]
 484              	.LVL55:
 485              	.L23:
 324:Drivers/STM32G0xx_HAL_Driver/Src/stm32g0xx_hal_gpio.c ****       }
 325:Drivers/STM32G0xx_HAL_Driver/Src/stm32g0xx_hal_gpio.c **** 
 326:Drivers/STM32G0xx_HAL_Driver/Src/stm32g0xx_hal_gpio.c ****       /*------------------------- GPIO Mode Configuration --------------------*/
 327:Drivers/STM32G0xx_HAL_Driver/Src/stm32g0xx_hal_gpio.c ****       /* Configure IO in Analog Mode */
 328:Drivers/STM32G0xx_HAL_Driver/Src/stm32g0xx_hal_gpio.c ****       GPIOx->MODER |= (GPIO_MODER_MODE0 << (position * 2u));
 486              		.loc 1 328 0
 487 00a4 0568     		ldr	r5, [r0]
 488 00a6 5E00     		lsls	r6, r3, #1
 489 00a8 0322     		movs	r2, #3
 490 00aa B240     		lsls	r2, r2, r6
 491 00ac 1543     		orrs	r5, r2
 492 00ae 0560     		str	r5, [r0]
 329:Drivers/STM32G0xx_HAL_Driver/Src/stm32g0xx_hal_gpio.c **** 
 330:Drivers/STM32G0xx_HAL_Driver/Src/stm32g0xx_hal_gpio.c ****       /* Configure the default Alternate Function in current IO */
 331:Drivers/STM32G0xx_HAL_Driver/Src/stm32g0xx_hal_gpio.c ****       GPIOx->AFR[position >> 3u] &= ~(0xFu << ((position & 0x07u) * 4u)) ;
 493              		.loc 1 331 0
 494 00b0 DD08     		lsrs	r5, r3, #3
 495 00b2 0835     		adds	r5, r5, #8
 496 00b4 AD00     		lsls	r5, r5, #2
 497 00b6 2F58     		ldr	r7, [r5, r0]
 498 00b8 0726     		movs	r6, #7
 499 00ba 1E40     		ands	r6, r3
 500 00bc B600     		lsls	r6, r6, #2
 501 00be 0F21     		movs	r1, #15
 502 00c0 B140     		lsls	r1, r1, r6
 503 00c2 8F43     		bics	r7, r1
 504 00c4 2F50     		str	r7, [r5, r0]
 332:Drivers/STM32G0xx_HAL_Driver/Src/stm32g0xx_hal_gpio.c **** 
 333:Drivers/STM32G0xx_HAL_Driver/Src/stm32g0xx_hal_gpio.c ****       /* Configure the default value for IO Speed */
 334:Drivers/STM32G0xx_HAL_Driver/Src/stm32g0xx_hal_gpio.c ****       GPIOx->OSPEEDR &= ~(GPIO_OSPEEDR_OSPEED0 << (position * 2u));
 505              		.loc 1 334 0
 506 00c6 8568     		ldr	r5, [r0, #8]
 507 00c8 D243     		mvns	r2, r2
 508 00ca 1540     		ands	r5, r2
 509 00cc 8560     		str	r5, [r0, #8]
 335:Drivers/STM32G0xx_HAL_Driver/Src/stm32g0xx_hal_gpio.c **** 
 336:Drivers/STM32G0xx_HAL_Driver/Src/stm32g0xx_hal_gpio.c ****       /* Configure the default value IO Output Type */
 337:Drivers/STM32G0xx_HAL_Driver/Src/stm32g0xx_hal_gpio.c ****       GPIOx->OTYPER  &= ~(GPIO_OTYPER_OT0 << position) ;
 510              		.loc 1 337 0
 511 00ce 4568     		ldr	r5, [r0, #4]
 512 00d0 A543     		bics	r5, r4
 513 00d2 4560     		str	r5, [r0, #4]
 338:Drivers/STM32G0xx_HAL_Driver/Src/stm32g0xx_hal_gpio.c **** 
 339:Drivers/STM32G0xx_HAL_Driver/Src/stm32g0xx_hal_gpio.c ****       /* Deactivate the Pull-up and Pull-down resistor for the current IO */
 340:Drivers/STM32G0xx_HAL_Driver/Src/stm32g0xx_hal_gpio.c ****       GPIOx->PUPDR &= ~(GPIO_PUPDR_PUPD0 << (position * 2u));
 514              		.loc 1 340 0
 515 00d4 C468     		ldr	r4, [r0, #12]
 516              	.LVL56:
 517 00d6 2240     		ands	r2, r4
ARM GAS  /tmp/cc1ymi2F.s 			page 16


 518 00d8 C260     		str	r2, [r0, #12]
 519              	.L21:
 341:Drivers/STM32G0xx_HAL_Driver/Src/stm32g0xx_hal_gpio.c ****     }
 342:Drivers/STM32G0xx_HAL_Driver/Src/stm32g0xx_hal_gpio.c **** 
 343:Drivers/STM32G0xx_HAL_Driver/Src/stm32g0xx_hal_gpio.c ****     position++;
 520              		.loc 1 343 0
 521 00da 0133     		adds	r3, r3, #1
 522              	.LVL57:
 523              	.L20:
 300:Drivers/STM32G0xx_HAL_Driver/Src/stm32g0xx_hal_gpio.c ****   {
 524              		.loc 1 300 0
 525 00dc 4A46     		mov	r2, r9
 526 00de DA40     		lsrs	r2, r2, r3
 527 00e0 95D1     		bne	.L24
 344:Drivers/STM32G0xx_HAL_Driver/Src/stm32g0xx_hal_gpio.c ****   }
 345:Drivers/STM32G0xx_HAL_Driver/Src/stm32g0xx_hal_gpio.c **** }
 528              		.loc 1 345 0
 529              		@ sp needed
 530              	.LVL58:
 531 00e2 0CBC     		pop	{r2, r3}
 532 00e4 9046     		mov	r8, r2
 533 00e6 9946     		mov	r9, r3
 534 00e8 F0BD     		pop	{r4, r5, r6, r7, pc}
 535              	.L30:
 536 00ea C046     		.align	2
 537              	.L29:
 538 00ec 00180240 		.word	1073879040
 539 00f0 00040050 		.word	1342178304
 540 00f4 00080050 		.word	1342179328
 541 00f8 000C0050 		.word	1342180352
 542              		.cfi_endproc
 543              	.LFE311:
 545              		.section	.text.HAL_GPIO_ReadPin,"ax",%progbits
 546              		.align	2
 547              		.global	HAL_GPIO_ReadPin
 548              		.code	16
 549              		.thumb_func
 551              	HAL_GPIO_ReadPin:
 552              	.LFB312:
 346:Drivers/STM32G0xx_HAL_Driver/Src/stm32g0xx_hal_gpio.c **** 
 347:Drivers/STM32G0xx_HAL_Driver/Src/stm32g0xx_hal_gpio.c **** /**
 348:Drivers/STM32G0xx_HAL_Driver/Src/stm32g0xx_hal_gpio.c ****   * @}
 349:Drivers/STM32G0xx_HAL_Driver/Src/stm32g0xx_hal_gpio.c ****   */
 350:Drivers/STM32G0xx_HAL_Driver/Src/stm32g0xx_hal_gpio.c **** 
 351:Drivers/STM32G0xx_HAL_Driver/Src/stm32g0xx_hal_gpio.c **** /** @addtogroup GPIO_Exported_Functions_Group2
 352:Drivers/STM32G0xx_HAL_Driver/Src/stm32g0xx_hal_gpio.c ****  *  @brief GPIO Read, Write, Toggle, Lock and EXTI management functions.
 353:Drivers/STM32G0xx_HAL_Driver/Src/stm32g0xx_hal_gpio.c ****  *
 354:Drivers/STM32G0xx_HAL_Driver/Src/stm32g0xx_hal_gpio.c **** @verbatim
 355:Drivers/STM32G0xx_HAL_Driver/Src/stm32g0xx_hal_gpio.c ****  ===============================================================================
 356:Drivers/STM32G0xx_HAL_Driver/Src/stm32g0xx_hal_gpio.c ****                        ##### IO operation functions #####
 357:Drivers/STM32G0xx_HAL_Driver/Src/stm32g0xx_hal_gpio.c ****  ===============================================================================
 358:Drivers/STM32G0xx_HAL_Driver/Src/stm32g0xx_hal_gpio.c **** 
 359:Drivers/STM32G0xx_HAL_Driver/Src/stm32g0xx_hal_gpio.c **** @endverbatim
 360:Drivers/STM32G0xx_HAL_Driver/Src/stm32g0xx_hal_gpio.c ****   * @{
 361:Drivers/STM32G0xx_HAL_Driver/Src/stm32g0xx_hal_gpio.c ****   */
 362:Drivers/STM32G0xx_HAL_Driver/Src/stm32g0xx_hal_gpio.c **** 
 363:Drivers/STM32G0xx_HAL_Driver/Src/stm32g0xx_hal_gpio.c **** /**
ARM GAS  /tmp/cc1ymi2F.s 			page 17


 364:Drivers/STM32G0xx_HAL_Driver/Src/stm32g0xx_hal_gpio.c ****   * @brief  Read the specified input port pin.
 365:Drivers/STM32G0xx_HAL_Driver/Src/stm32g0xx_hal_gpio.c ****   * @param  GPIOx where x can be (A..F) to select the GPIO peripheral for STM32G0xx family
 366:Drivers/STM32G0xx_HAL_Driver/Src/stm32g0xx_hal_gpio.c ****   * @param  GPIO_Pin specifies the port bit to read.
 367:Drivers/STM32G0xx_HAL_Driver/Src/stm32g0xx_hal_gpio.c ****   *         This parameter can be any combination of GPIO_Pin_x where x can be (0..15).
 368:Drivers/STM32G0xx_HAL_Driver/Src/stm32g0xx_hal_gpio.c ****   * @retval The input port pin value.
 369:Drivers/STM32G0xx_HAL_Driver/Src/stm32g0xx_hal_gpio.c ****   */
 370:Drivers/STM32G0xx_HAL_Driver/Src/stm32g0xx_hal_gpio.c **** GPIO_PinState HAL_GPIO_ReadPin(GPIO_TypeDef *GPIOx, uint16_t GPIO_Pin)
 371:Drivers/STM32G0xx_HAL_Driver/Src/stm32g0xx_hal_gpio.c **** {
 553              		.loc 1 371 0
 554              		.cfi_startproc
 555              		@ args = 0, pretend = 0, frame = 0
 556              		@ frame_needed = 0, uses_anonymous_args = 0
 557              		@ link register save eliminated.
 558              	.LVL59:
 372:Drivers/STM32G0xx_HAL_Driver/Src/stm32g0xx_hal_gpio.c ****   GPIO_PinState bitstatus;
 373:Drivers/STM32G0xx_HAL_Driver/Src/stm32g0xx_hal_gpio.c **** 
 374:Drivers/STM32G0xx_HAL_Driver/Src/stm32g0xx_hal_gpio.c ****   /* Check the parameters */
 375:Drivers/STM32G0xx_HAL_Driver/Src/stm32g0xx_hal_gpio.c ****   assert_param(IS_GPIO_PIN(GPIO_Pin));
 376:Drivers/STM32G0xx_HAL_Driver/Src/stm32g0xx_hal_gpio.c **** 
 377:Drivers/STM32G0xx_HAL_Driver/Src/stm32g0xx_hal_gpio.c ****   if ((GPIOx->IDR & GPIO_Pin) != 0x00u)
 559              		.loc 1 377 0
 560 0000 0369     		ldr	r3, [r0, #16]
 561 0002 0B42     		tst	r3, r1
 562 0004 01D0     		beq	.L33
 378:Drivers/STM32G0xx_HAL_Driver/Src/stm32g0xx_hal_gpio.c ****   {
 379:Drivers/STM32G0xx_HAL_Driver/Src/stm32g0xx_hal_gpio.c ****     bitstatus = GPIO_PIN_SET;
 563              		.loc 1 379 0
 564 0006 0120     		movs	r0, #1
 565              	.LVL60:
 566 0008 00E0     		b	.L32
 567              	.LVL61:
 568              	.L33:
 380:Drivers/STM32G0xx_HAL_Driver/Src/stm32g0xx_hal_gpio.c ****   }
 381:Drivers/STM32G0xx_HAL_Driver/Src/stm32g0xx_hal_gpio.c ****   else
 382:Drivers/STM32G0xx_HAL_Driver/Src/stm32g0xx_hal_gpio.c ****   {
 383:Drivers/STM32G0xx_HAL_Driver/Src/stm32g0xx_hal_gpio.c ****     bitstatus = GPIO_PIN_RESET;
 569              		.loc 1 383 0
 570 000a 0020     		movs	r0, #0
 571              	.LVL62:
 572              	.L32:
 384:Drivers/STM32G0xx_HAL_Driver/Src/stm32g0xx_hal_gpio.c ****   }
 385:Drivers/STM32G0xx_HAL_Driver/Src/stm32g0xx_hal_gpio.c ****   return bitstatus;
 386:Drivers/STM32G0xx_HAL_Driver/Src/stm32g0xx_hal_gpio.c **** }
 573              		.loc 1 386 0
 574              		@ sp needed
 575 000c 7047     		bx	lr
 576              		.cfi_endproc
 577              	.LFE312:
 579 000e C046     		.section	.text.HAL_GPIO_WritePin,"ax",%progbits
 580              		.align	2
 581              		.global	HAL_GPIO_WritePin
 582              		.code	16
 583              		.thumb_func
 585              	HAL_GPIO_WritePin:
 586              	.LFB313:
 387:Drivers/STM32G0xx_HAL_Driver/Src/stm32g0xx_hal_gpio.c **** 
 388:Drivers/STM32G0xx_HAL_Driver/Src/stm32g0xx_hal_gpio.c **** /**
ARM GAS  /tmp/cc1ymi2F.s 			page 18


 389:Drivers/STM32G0xx_HAL_Driver/Src/stm32g0xx_hal_gpio.c ****   * @brief  Set or clear the selected data port bit.
 390:Drivers/STM32G0xx_HAL_Driver/Src/stm32g0xx_hal_gpio.c ****   *
 391:Drivers/STM32G0xx_HAL_Driver/Src/stm32g0xx_hal_gpio.c ****   * @note   This function uses GPIOx_BSRR and GPIOx_BRR registers to allow atomic read/modify
 392:Drivers/STM32G0xx_HAL_Driver/Src/stm32g0xx_hal_gpio.c ****   *         accesses. In this way, there is no risk of an IRQ occurring between
 393:Drivers/STM32G0xx_HAL_Driver/Src/stm32g0xx_hal_gpio.c ****   *         the read and the modify access.
 394:Drivers/STM32G0xx_HAL_Driver/Src/stm32g0xx_hal_gpio.c ****   *
 395:Drivers/STM32G0xx_HAL_Driver/Src/stm32g0xx_hal_gpio.c ****   * @param  GPIOx where x can be (A..F) to select the GPIO peripheral for STM32G0xx family
 396:Drivers/STM32G0xx_HAL_Driver/Src/stm32g0xx_hal_gpio.c ****   * @param  GPIO_Pin specifies the port bit to be written.
 397:Drivers/STM32G0xx_HAL_Driver/Src/stm32g0xx_hal_gpio.c ****   *         This parameter can be any combination of GPIO_Pin_x where x can be (0..15).
 398:Drivers/STM32G0xx_HAL_Driver/Src/stm32g0xx_hal_gpio.c ****   * @param  PinState specifies the value to be written to the selected bit.
 399:Drivers/STM32G0xx_HAL_Driver/Src/stm32g0xx_hal_gpio.c ****   *         This parameter can be one of the GPIO_PinState enum values:
 400:Drivers/STM32G0xx_HAL_Driver/Src/stm32g0xx_hal_gpio.c ****   *            @arg GPIO_PIN_RESET: to clear the port pin
 401:Drivers/STM32G0xx_HAL_Driver/Src/stm32g0xx_hal_gpio.c ****   *            @arg GPIO_PIN_SET: to set the port pin
 402:Drivers/STM32G0xx_HAL_Driver/Src/stm32g0xx_hal_gpio.c ****   * @retval None
 403:Drivers/STM32G0xx_HAL_Driver/Src/stm32g0xx_hal_gpio.c ****   */
 404:Drivers/STM32G0xx_HAL_Driver/Src/stm32g0xx_hal_gpio.c **** void HAL_GPIO_WritePin(GPIO_TypeDef *GPIOx, uint16_t GPIO_Pin, GPIO_PinState PinState)
 405:Drivers/STM32G0xx_HAL_Driver/Src/stm32g0xx_hal_gpio.c **** {
 587              		.loc 1 405 0
 588              		.cfi_startproc
 589              		@ args = 0, pretend = 0, frame = 0
 590              		@ frame_needed = 0, uses_anonymous_args = 0
 591              		@ link register save eliminated.
 592              	.LVL63:
 406:Drivers/STM32G0xx_HAL_Driver/Src/stm32g0xx_hal_gpio.c ****   /* Check the parameters */
 407:Drivers/STM32G0xx_HAL_Driver/Src/stm32g0xx_hal_gpio.c ****   assert_param(IS_GPIO_PIN(GPIO_Pin));
 408:Drivers/STM32G0xx_HAL_Driver/Src/stm32g0xx_hal_gpio.c ****   assert_param(IS_GPIO_PIN_ACTION(PinState));
 409:Drivers/STM32G0xx_HAL_Driver/Src/stm32g0xx_hal_gpio.c **** 
 410:Drivers/STM32G0xx_HAL_Driver/Src/stm32g0xx_hal_gpio.c ****   if (PinState != GPIO_PIN_RESET)
 593              		.loc 1 410 0
 594 0000 002A     		cmp	r2, #0
 595 0002 01D0     		beq	.L35
 411:Drivers/STM32G0xx_HAL_Driver/Src/stm32g0xx_hal_gpio.c ****   {
 412:Drivers/STM32G0xx_HAL_Driver/Src/stm32g0xx_hal_gpio.c ****     GPIOx->BSRR = (uint32_t)GPIO_Pin;
 596              		.loc 1 412 0
 597 0004 8161     		str	r1, [r0, #24]
 598 0006 00E0     		b	.L34
 599              	.L35:
 413:Drivers/STM32G0xx_HAL_Driver/Src/stm32g0xx_hal_gpio.c ****   }
 414:Drivers/STM32G0xx_HAL_Driver/Src/stm32g0xx_hal_gpio.c ****   else
 415:Drivers/STM32G0xx_HAL_Driver/Src/stm32g0xx_hal_gpio.c ****   {
 416:Drivers/STM32G0xx_HAL_Driver/Src/stm32g0xx_hal_gpio.c ****     GPIOx->BRR = (uint32_t)GPIO_Pin;
 600              		.loc 1 416 0
 601 0008 8162     		str	r1, [r0, #40]
 602              	.L34:
 417:Drivers/STM32G0xx_HAL_Driver/Src/stm32g0xx_hal_gpio.c ****   }
 418:Drivers/STM32G0xx_HAL_Driver/Src/stm32g0xx_hal_gpio.c **** }
 603              		.loc 1 418 0
 604              		@ sp needed
 605 000a 7047     		bx	lr
 606              		.cfi_endproc
 607              	.LFE313:
 609              		.section	.text.HAL_GPIO_TogglePin,"ax",%progbits
 610              		.align	2
 611              		.global	HAL_GPIO_TogglePin
 612              		.code	16
 613              		.thumb_func
 615              	HAL_GPIO_TogglePin:
ARM GAS  /tmp/cc1ymi2F.s 			page 19


 616              	.LFB314:
 419:Drivers/STM32G0xx_HAL_Driver/Src/stm32g0xx_hal_gpio.c **** 
 420:Drivers/STM32G0xx_HAL_Driver/Src/stm32g0xx_hal_gpio.c **** /**
 421:Drivers/STM32G0xx_HAL_Driver/Src/stm32g0xx_hal_gpio.c ****   * @brief  Toggle the specified GPIO pin.
 422:Drivers/STM32G0xx_HAL_Driver/Src/stm32g0xx_hal_gpio.c ****   * @param  GPIOx where x can be (A..F) to select the GPIO peripheral for STM32G0xx family
 423:Drivers/STM32G0xx_HAL_Driver/Src/stm32g0xx_hal_gpio.c ****   * @param  GPIO_Pin specifies the pin to be toggled.
 424:Drivers/STM32G0xx_HAL_Driver/Src/stm32g0xx_hal_gpio.c ****   *         This parameter can be any combination of GPIO_Pin_x where x can be (0..15).
 425:Drivers/STM32G0xx_HAL_Driver/Src/stm32g0xx_hal_gpio.c ****   * @retval None
 426:Drivers/STM32G0xx_HAL_Driver/Src/stm32g0xx_hal_gpio.c ****   */
 427:Drivers/STM32G0xx_HAL_Driver/Src/stm32g0xx_hal_gpio.c **** void HAL_GPIO_TogglePin(GPIO_TypeDef *GPIOx, uint16_t GPIO_Pin)
 428:Drivers/STM32G0xx_HAL_Driver/Src/stm32g0xx_hal_gpio.c **** {
 617              		.loc 1 428 0
 618              		.cfi_startproc
 619              		@ args = 0, pretend = 0, frame = 0
 620              		@ frame_needed = 0, uses_anonymous_args = 0
 621              		@ link register save eliminated.
 622              	.LVL64:
 429:Drivers/STM32G0xx_HAL_Driver/Src/stm32g0xx_hal_gpio.c ****   uint32_t odr;
 430:Drivers/STM32G0xx_HAL_Driver/Src/stm32g0xx_hal_gpio.c **** 
 431:Drivers/STM32G0xx_HAL_Driver/Src/stm32g0xx_hal_gpio.c ****   /* Check the parameters */
 432:Drivers/STM32G0xx_HAL_Driver/Src/stm32g0xx_hal_gpio.c ****   assert_param(IS_GPIO_PIN(GPIO_Pin));
 433:Drivers/STM32G0xx_HAL_Driver/Src/stm32g0xx_hal_gpio.c **** 
 434:Drivers/STM32G0xx_HAL_Driver/Src/stm32g0xx_hal_gpio.c ****   /* get current Output Data Register value */
 435:Drivers/STM32G0xx_HAL_Driver/Src/stm32g0xx_hal_gpio.c ****   odr = GPIOx->ODR;
 623              		.loc 1 435 0
 624 0000 4269     		ldr	r2, [r0, #20]
 625              	.LVL65:
 436:Drivers/STM32G0xx_HAL_Driver/Src/stm32g0xx_hal_gpio.c **** 
 437:Drivers/STM32G0xx_HAL_Driver/Src/stm32g0xx_hal_gpio.c ****   /* Set selected pins that were at low level, and reset ones that were high */
 438:Drivers/STM32G0xx_HAL_Driver/Src/stm32g0xx_hal_gpio.c ****   GPIOx->BSRR = ((odr & GPIO_Pin) << GPIO_NUMBER) | (~odr & GPIO_Pin);
 626              		.loc 1 438 0
 627 0002 0B00     		movs	r3, r1
 628 0004 1340     		ands	r3, r2
 629 0006 1B04     		lsls	r3, r3, #16
 630 0008 9143     		bics	r1, r2
 631              	.LVL66:
 632 000a 1943     		orrs	r1, r3
 633 000c 8161     		str	r1, [r0, #24]
 439:Drivers/STM32G0xx_HAL_Driver/Src/stm32g0xx_hal_gpio.c **** }
 634              		.loc 1 439 0
 635              		@ sp needed
 636 000e 7047     		bx	lr
 637              		.cfi_endproc
 638              	.LFE314:
 640              		.section	.text.HAL_GPIO_LockPin,"ax",%progbits
 641              		.align	2
 642              		.global	HAL_GPIO_LockPin
 643              		.code	16
 644              		.thumb_func
 646              	HAL_GPIO_LockPin:
 647              	.LFB315:
 440:Drivers/STM32G0xx_HAL_Driver/Src/stm32g0xx_hal_gpio.c **** 
 441:Drivers/STM32G0xx_HAL_Driver/Src/stm32g0xx_hal_gpio.c **** /**
 442:Drivers/STM32G0xx_HAL_Driver/Src/stm32g0xx_hal_gpio.c **** * @brief  Lock GPIO Pins configuration registers.
 443:Drivers/STM32G0xx_HAL_Driver/Src/stm32g0xx_hal_gpio.c ****   * @note   The locked registers are GPIOx_MODER, GPIOx_OTYPER, GPIOx_OSPEEDR,
 444:Drivers/STM32G0xx_HAL_Driver/Src/stm32g0xx_hal_gpio.c ****   *         GPIOx_PUPDR, GPIOx_AFRL and GPIOx_AFRH.
 445:Drivers/STM32G0xx_HAL_Driver/Src/stm32g0xx_hal_gpio.c ****   * @note   The configuration of the locked GPIO pins can no longer be modified
ARM GAS  /tmp/cc1ymi2F.s 			page 20


 446:Drivers/STM32G0xx_HAL_Driver/Src/stm32g0xx_hal_gpio.c ****   *         until the next reset.
 447:Drivers/STM32G0xx_HAL_Driver/Src/stm32g0xx_hal_gpio.c ****   * @param  GPIOx where x can be (A..F) to select the GPIO peripheral for STM32G0xx family
 448:Drivers/STM32G0xx_HAL_Driver/Src/stm32g0xx_hal_gpio.c ****   * @param  GPIO_Pin specifies the port bits to be locked.
 449:Drivers/STM32G0xx_HAL_Driver/Src/stm32g0xx_hal_gpio.c ****   *         This parameter can be any combination of GPIO_Pin_x where x can be (0..15).
 450:Drivers/STM32G0xx_HAL_Driver/Src/stm32g0xx_hal_gpio.c ****   * @retval None
 451:Drivers/STM32G0xx_HAL_Driver/Src/stm32g0xx_hal_gpio.c ****   */
 452:Drivers/STM32G0xx_HAL_Driver/Src/stm32g0xx_hal_gpio.c **** HAL_StatusTypeDef HAL_GPIO_LockPin(GPIO_TypeDef *GPIOx, uint16_t GPIO_Pin)
 453:Drivers/STM32G0xx_HAL_Driver/Src/stm32g0xx_hal_gpio.c **** {
 648              		.loc 1 453 0
 649              		.cfi_startproc
 650              		@ args = 0, pretend = 0, frame = 8
 651              		@ frame_needed = 0, uses_anonymous_args = 0
 652              		@ link register save eliminated.
 653              	.LVL67:
 654 0000 82B0     		sub	sp, sp, #8
 655              	.LCFI3:
 656              		.cfi_def_cfa_offset 8
 454:Drivers/STM32G0xx_HAL_Driver/Src/stm32g0xx_hal_gpio.c ****   __IO uint32_t tmp = GPIO_LCKR_LCKK;
 657              		.loc 1 454 0
 658 0002 8022     		movs	r2, #128
 659 0004 5202     		lsls	r2, r2, #9
 660 0006 0192     		str	r2, [sp, #4]
 455:Drivers/STM32G0xx_HAL_Driver/Src/stm32g0xx_hal_gpio.c **** 
 456:Drivers/STM32G0xx_HAL_Driver/Src/stm32g0xx_hal_gpio.c ****   /* Check the parameters */
 457:Drivers/STM32G0xx_HAL_Driver/Src/stm32g0xx_hal_gpio.c ****   assert_param(IS_GPIO_LOCK_INSTANCE(GPIOx));
 458:Drivers/STM32G0xx_HAL_Driver/Src/stm32g0xx_hal_gpio.c ****   assert_param(IS_GPIO_PIN(GPIO_Pin));
 459:Drivers/STM32G0xx_HAL_Driver/Src/stm32g0xx_hal_gpio.c **** 
 460:Drivers/STM32G0xx_HAL_Driver/Src/stm32g0xx_hal_gpio.c ****   /* Apply lock key write sequence */
 461:Drivers/STM32G0xx_HAL_Driver/Src/stm32g0xx_hal_gpio.c ****   tmp |= GPIO_Pin;
 661              		.loc 1 461 0
 662 0008 019B     		ldr	r3, [sp, #4]
 663 000a 0B43     		orrs	r3, r1
 664 000c 0193     		str	r3, [sp, #4]
 462:Drivers/STM32G0xx_HAL_Driver/Src/stm32g0xx_hal_gpio.c ****   /* Set LCKx bit(s): LCKK='1' + LCK[15-0] */
 463:Drivers/STM32G0xx_HAL_Driver/Src/stm32g0xx_hal_gpio.c ****   GPIOx->LCKR = tmp;
 665              		.loc 1 463 0
 666 000e 019B     		ldr	r3, [sp, #4]
 667 0010 C361     		str	r3, [r0, #28]
 464:Drivers/STM32G0xx_HAL_Driver/Src/stm32g0xx_hal_gpio.c ****   /* Reset LCKx bit(s): LCKK='0' + LCK[15-0] */
 465:Drivers/STM32G0xx_HAL_Driver/Src/stm32g0xx_hal_gpio.c ****   GPIOx->LCKR = GPIO_Pin;
 668              		.loc 1 465 0
 669 0012 C161     		str	r1, [r0, #28]
 466:Drivers/STM32G0xx_HAL_Driver/Src/stm32g0xx_hal_gpio.c ****   /* Set LCKx bit(s): LCKK='1' + LCK[15-0] */
 467:Drivers/STM32G0xx_HAL_Driver/Src/stm32g0xx_hal_gpio.c ****   GPIOx->LCKR = tmp;
 670              		.loc 1 467 0
 671 0014 019B     		ldr	r3, [sp, #4]
 672 0016 C361     		str	r3, [r0, #28]
 468:Drivers/STM32G0xx_HAL_Driver/Src/stm32g0xx_hal_gpio.c ****   /* Read LCKK register. This read is mandatory to complete key lock sequence */
 469:Drivers/STM32G0xx_HAL_Driver/Src/stm32g0xx_hal_gpio.c ****   tmp = GPIOx->LCKR;
 673              		.loc 1 469 0
 674 0018 C369     		ldr	r3, [r0, #28]
 675 001a 0193     		str	r3, [sp, #4]
 470:Drivers/STM32G0xx_HAL_Driver/Src/stm32g0xx_hal_gpio.c **** 
 471:Drivers/STM32G0xx_HAL_Driver/Src/stm32g0xx_hal_gpio.c ****   /* read again in order to confirm lock is active */
 472:Drivers/STM32G0xx_HAL_Driver/Src/stm32g0xx_hal_gpio.c ****   if ((GPIOx->LCKR & GPIO_LCKR_LCKK) != 0x00u)
 676              		.loc 1 472 0
 677 001c C369     		ldr	r3, [r0, #28]
ARM GAS  /tmp/cc1ymi2F.s 			page 21


 678 001e 1342     		tst	r3, r2
 679 0020 01D0     		beq	.L40
 473:Drivers/STM32G0xx_HAL_Driver/Src/stm32g0xx_hal_gpio.c ****   {
 474:Drivers/STM32G0xx_HAL_Driver/Src/stm32g0xx_hal_gpio.c ****     return HAL_OK;
 680              		.loc 1 474 0
 681 0022 0020     		movs	r0, #0
 682              	.LVL68:
 683 0024 00E0     		b	.L39
 684              	.LVL69:
 685              	.L40:
 475:Drivers/STM32G0xx_HAL_Driver/Src/stm32g0xx_hal_gpio.c ****   }
 476:Drivers/STM32G0xx_HAL_Driver/Src/stm32g0xx_hal_gpio.c ****   else
 477:Drivers/STM32G0xx_HAL_Driver/Src/stm32g0xx_hal_gpio.c ****   {
 478:Drivers/STM32G0xx_HAL_Driver/Src/stm32g0xx_hal_gpio.c ****     return HAL_ERROR;
 686              		.loc 1 478 0
 687 0026 0120     		movs	r0, #1
 688              	.LVL70:
 689              	.L39:
 479:Drivers/STM32G0xx_HAL_Driver/Src/stm32g0xx_hal_gpio.c ****   }
 480:Drivers/STM32G0xx_HAL_Driver/Src/stm32g0xx_hal_gpio.c **** }
 690              		.loc 1 480 0
 691 0028 02B0     		add	sp, sp, #8
 692              		@ sp needed
 693 002a 7047     		bx	lr
 694              		.cfi_endproc
 695              	.LFE315:
 697              		.section	.text.HAL_GPIO_EXTI_Rising_Callback,"ax",%progbits
 698              		.align	2
 699              		.weak	HAL_GPIO_EXTI_Rising_Callback
 700              		.code	16
 701              		.thumb_func
 703              	HAL_GPIO_EXTI_Rising_Callback:
 704              	.LFB317:
 481:Drivers/STM32G0xx_HAL_Driver/Src/stm32g0xx_hal_gpio.c **** 
 482:Drivers/STM32G0xx_HAL_Driver/Src/stm32g0xx_hal_gpio.c **** /**
 483:Drivers/STM32G0xx_HAL_Driver/Src/stm32g0xx_hal_gpio.c ****   * @brief  Handle EXTI interrupt request.
 484:Drivers/STM32G0xx_HAL_Driver/Src/stm32g0xx_hal_gpio.c ****   * @param  GPIO_Pin Specifies the port pin connected to corresponding EXTI line.
 485:Drivers/STM32G0xx_HAL_Driver/Src/stm32g0xx_hal_gpio.c ****   * @retval None
 486:Drivers/STM32G0xx_HAL_Driver/Src/stm32g0xx_hal_gpio.c ****   */
 487:Drivers/STM32G0xx_HAL_Driver/Src/stm32g0xx_hal_gpio.c **** void HAL_GPIO_EXTI_IRQHandler(uint16_t GPIO_Pin)
 488:Drivers/STM32G0xx_HAL_Driver/Src/stm32g0xx_hal_gpio.c **** {
 489:Drivers/STM32G0xx_HAL_Driver/Src/stm32g0xx_hal_gpio.c ****   /* EXTI line interrupt detected */
 490:Drivers/STM32G0xx_HAL_Driver/Src/stm32g0xx_hal_gpio.c ****   if (__HAL_GPIO_EXTI_GET_RISING_IT(GPIO_Pin) != 0x00u)
 491:Drivers/STM32G0xx_HAL_Driver/Src/stm32g0xx_hal_gpio.c ****   {
 492:Drivers/STM32G0xx_HAL_Driver/Src/stm32g0xx_hal_gpio.c ****     __HAL_GPIO_EXTI_CLEAR_RISING_IT(GPIO_Pin);
 493:Drivers/STM32G0xx_HAL_Driver/Src/stm32g0xx_hal_gpio.c ****     HAL_GPIO_EXTI_Rising_Callback(GPIO_Pin);
 494:Drivers/STM32G0xx_HAL_Driver/Src/stm32g0xx_hal_gpio.c ****   }
 495:Drivers/STM32G0xx_HAL_Driver/Src/stm32g0xx_hal_gpio.c **** 
 496:Drivers/STM32G0xx_HAL_Driver/Src/stm32g0xx_hal_gpio.c ****   if (__HAL_GPIO_EXTI_GET_FALLING_IT(GPIO_Pin) != 0x00u)
 497:Drivers/STM32G0xx_HAL_Driver/Src/stm32g0xx_hal_gpio.c ****   {
 498:Drivers/STM32G0xx_HAL_Driver/Src/stm32g0xx_hal_gpio.c ****     __HAL_GPIO_EXTI_CLEAR_FALLING_IT(GPIO_Pin);
 499:Drivers/STM32G0xx_HAL_Driver/Src/stm32g0xx_hal_gpio.c ****     HAL_GPIO_EXTI_Falling_Callback(GPIO_Pin);
 500:Drivers/STM32G0xx_HAL_Driver/Src/stm32g0xx_hal_gpio.c ****   }
 501:Drivers/STM32G0xx_HAL_Driver/Src/stm32g0xx_hal_gpio.c **** }
 502:Drivers/STM32G0xx_HAL_Driver/Src/stm32g0xx_hal_gpio.c **** 
 503:Drivers/STM32G0xx_HAL_Driver/Src/stm32g0xx_hal_gpio.c **** /**
 504:Drivers/STM32G0xx_HAL_Driver/Src/stm32g0xx_hal_gpio.c ****   * @brief  EXTI line detection callback.
ARM GAS  /tmp/cc1ymi2F.s 			page 22


 505:Drivers/STM32G0xx_HAL_Driver/Src/stm32g0xx_hal_gpio.c ****   * @param  GPIO_Pin Specifies the port pin connected to corresponding EXTI line.
 506:Drivers/STM32G0xx_HAL_Driver/Src/stm32g0xx_hal_gpio.c ****   * @retval None
 507:Drivers/STM32G0xx_HAL_Driver/Src/stm32g0xx_hal_gpio.c ****   */
 508:Drivers/STM32G0xx_HAL_Driver/Src/stm32g0xx_hal_gpio.c **** __weak void HAL_GPIO_EXTI_Rising_Callback(uint16_t GPIO_Pin)
 509:Drivers/STM32G0xx_HAL_Driver/Src/stm32g0xx_hal_gpio.c **** {
 705              		.loc 1 509 0
 706              		.cfi_startproc
 707              		@ args = 0, pretend = 0, frame = 0
 708              		@ frame_needed = 0, uses_anonymous_args = 0
 709              		@ link register save eliminated.
 710              	.LVL71:
 510:Drivers/STM32G0xx_HAL_Driver/Src/stm32g0xx_hal_gpio.c ****   /* Prevent unused argument(s) compilation warning */
 511:Drivers/STM32G0xx_HAL_Driver/Src/stm32g0xx_hal_gpio.c ****   UNUSED(GPIO_Pin);
 512:Drivers/STM32G0xx_HAL_Driver/Src/stm32g0xx_hal_gpio.c **** 
 513:Drivers/STM32G0xx_HAL_Driver/Src/stm32g0xx_hal_gpio.c ****   /* NOTE: This function should not be modified, when the callback is needed,
 514:Drivers/STM32G0xx_HAL_Driver/Src/stm32g0xx_hal_gpio.c ****            the HAL_GPIO_EXTI_Rising_Callback could be implemented in the user file
 515:Drivers/STM32G0xx_HAL_Driver/Src/stm32g0xx_hal_gpio.c ****    */
 516:Drivers/STM32G0xx_HAL_Driver/Src/stm32g0xx_hal_gpio.c **** }
 711              		.loc 1 516 0
 712              		@ sp needed
 713 0000 7047     		bx	lr
 714              		.cfi_endproc
 715              	.LFE317:
 717 0002 C046     		.section	.text.HAL_GPIO_EXTI_Falling_Callback,"ax",%progbits
 718              		.align	2
 719              		.weak	HAL_GPIO_EXTI_Falling_Callback
 720              		.code	16
 721              		.thumb_func
 723              	HAL_GPIO_EXTI_Falling_Callback:
 724              	.LFB318:
 517:Drivers/STM32G0xx_HAL_Driver/Src/stm32g0xx_hal_gpio.c **** 
 518:Drivers/STM32G0xx_HAL_Driver/Src/stm32g0xx_hal_gpio.c **** /**
 519:Drivers/STM32G0xx_HAL_Driver/Src/stm32g0xx_hal_gpio.c ****   * @brief  EXTI line detection callback.
 520:Drivers/STM32G0xx_HAL_Driver/Src/stm32g0xx_hal_gpio.c ****   * @param  GPIO_Pin Specifies the port pin connected to corresponding EXTI line.
 521:Drivers/STM32G0xx_HAL_Driver/Src/stm32g0xx_hal_gpio.c ****   * @retval None
 522:Drivers/STM32G0xx_HAL_Driver/Src/stm32g0xx_hal_gpio.c ****   */
 523:Drivers/STM32G0xx_HAL_Driver/Src/stm32g0xx_hal_gpio.c **** __weak void HAL_GPIO_EXTI_Falling_Callback(uint16_t GPIO_Pin)
 524:Drivers/STM32G0xx_HAL_Driver/Src/stm32g0xx_hal_gpio.c **** {
 725              		.loc 1 524 0
 726              		.cfi_startproc
 727              		@ args = 0, pretend = 0, frame = 0
 728              		@ frame_needed = 0, uses_anonymous_args = 0
 729              		@ link register save eliminated.
 730              	.LVL72:
 525:Drivers/STM32G0xx_HAL_Driver/Src/stm32g0xx_hal_gpio.c ****   /* Prevent unused argument(s) compilation warning */
 526:Drivers/STM32G0xx_HAL_Driver/Src/stm32g0xx_hal_gpio.c ****   UNUSED(GPIO_Pin);
 527:Drivers/STM32G0xx_HAL_Driver/Src/stm32g0xx_hal_gpio.c **** 
 528:Drivers/STM32G0xx_HAL_Driver/Src/stm32g0xx_hal_gpio.c ****   /* NOTE: This function should not be modified, when the callback is needed,
 529:Drivers/STM32G0xx_HAL_Driver/Src/stm32g0xx_hal_gpio.c ****            the HAL_GPIO_EXTI_Falling_Callback could be implemented in the user file
 530:Drivers/STM32G0xx_HAL_Driver/Src/stm32g0xx_hal_gpio.c ****    */
 531:Drivers/STM32G0xx_HAL_Driver/Src/stm32g0xx_hal_gpio.c **** }
 731              		.loc 1 531 0
 732              		@ sp needed
 733 0000 7047     		bx	lr
 734              		.cfi_endproc
 735              	.LFE318:
 737 0002 C046     		.section	.text.HAL_GPIO_EXTI_IRQHandler,"ax",%progbits
ARM GAS  /tmp/cc1ymi2F.s 			page 23


 738              		.align	2
 739              		.global	HAL_GPIO_EXTI_IRQHandler
 740              		.code	16
 741              		.thumb_func
 743              	HAL_GPIO_EXTI_IRQHandler:
 744              	.LFB316:
 488:Drivers/STM32G0xx_HAL_Driver/Src/stm32g0xx_hal_gpio.c ****   /* EXTI line interrupt detected */
 745              		.loc 1 488 0
 746              		.cfi_startproc
 747              		@ args = 0, pretend = 0, frame = 0
 748              		@ frame_needed = 0, uses_anonymous_args = 0
 749              	.LVL73:
 750 0000 10B5     		push	{r4, lr}
 751              	.LCFI4:
 752              		.cfi_def_cfa_offset 8
 753              		.cfi_offset 4, -8
 754              		.cfi_offset 14, -4
 755 0002 0400     		movs	r4, r0
 490:Drivers/STM32G0xx_HAL_Driver/Src/stm32g0xx_hal_gpio.c ****   {
 756              		.loc 1 490 0
 757 0004 084B     		ldr	r3, .L46
 758 0006 DB68     		ldr	r3, [r3, #12]
 759 0008 1842     		tst	r0, r3
 760 000a 03D0     		beq	.L44
 492:Drivers/STM32G0xx_HAL_Driver/Src/stm32g0xx_hal_gpio.c ****     HAL_GPIO_EXTI_Rising_Callback(GPIO_Pin);
 761              		.loc 1 492 0
 762 000c 064B     		ldr	r3, .L46
 763 000e D860     		str	r0, [r3, #12]
 493:Drivers/STM32G0xx_HAL_Driver/Src/stm32g0xx_hal_gpio.c ****   }
 764              		.loc 1 493 0
 765 0010 FFF7FEFF 		bl	HAL_GPIO_EXTI_Rising_Callback
 766              	.LVL74:
 767              	.L44:
 496:Drivers/STM32G0xx_HAL_Driver/Src/stm32g0xx_hal_gpio.c ****   {
 768              		.loc 1 496 0
 769 0014 044B     		ldr	r3, .L46
 770 0016 1B69     		ldr	r3, [r3, #16]
 771 0018 2342     		tst	r3, r4
 772 001a 04D0     		beq	.L43
 498:Drivers/STM32G0xx_HAL_Driver/Src/stm32g0xx_hal_gpio.c ****     HAL_GPIO_EXTI_Falling_Callback(GPIO_Pin);
 773              		.loc 1 498 0
 774 001c 024B     		ldr	r3, .L46
 775 001e 1C61     		str	r4, [r3, #16]
 499:Drivers/STM32G0xx_HAL_Driver/Src/stm32g0xx_hal_gpio.c ****   }
 776              		.loc 1 499 0
 777 0020 2000     		movs	r0, r4
 778 0022 FFF7FEFF 		bl	HAL_GPIO_EXTI_Falling_Callback
 779              	.LVL75:
 780              	.L43:
 501:Drivers/STM32G0xx_HAL_Driver/Src/stm32g0xx_hal_gpio.c **** 
 781              		.loc 1 501 0
 782              		@ sp needed
 783 0026 10BD     		pop	{r4, pc}
 784              	.L47:
 785              		.align	2
 786              	.L46:
 787 0028 00180240 		.word	1073879040
ARM GAS  /tmp/cc1ymi2F.s 			page 24


 788              		.cfi_endproc
 789              	.LFE316:
 791              		.text
 792              	.Letext0:
 793              		.file 2 "/home/yuan/gcc-arm-none-eabi-5_4-2016q3/arm-none-eabi/include/machine/_default_types.h"
 794              		.file 3 "/home/yuan/gcc-arm-none-eabi-5_4-2016q3/arm-none-eabi/include/sys/_stdint.h"
 795              		.file 4 "Drivers/CMSIS/Device/ST/STM32G0xx/Include/stm32g070xx.h"
 796              		.file 5 "Drivers/STM32G0xx_HAL_Driver/Inc/stm32g0xx_hal_def.h"
 797              		.file 6 "Drivers/STM32G0xx_HAL_Driver/Inc/stm32g0xx_hal_gpio.h"
 798              		.file 7 "Drivers/STM32G0xx_HAL_Driver/Inc/stm32g0xx_ll_dma.h"
 799              		.file 8 "Drivers/CMSIS/Include/cmsis_gcc.h"
ARM GAS  /tmp/cc1ymi2F.s 			page 25


DEFINED SYMBOLS
                            *ABS*:00000000 stm32g0xx_hal_gpio.c
     /tmp/cc1ymi2F.s:20     .text.HAL_GPIO_Init:00000000 $t
     /tmp/cc1ymi2F.s:25     .text.HAL_GPIO_Init:00000000 HAL_GPIO_Init
     /tmp/cc1ymi2F.s:337    .text.HAL_GPIO_Init:0000015c $d
     /tmp/cc1ymi2F.s:345    .text.HAL_GPIO_DeInit:00000000 $t
     /tmp/cc1ymi2F.s:350    .text.HAL_GPIO_DeInit:00000000 HAL_GPIO_DeInit
     /tmp/cc1ymi2F.s:538    .text.HAL_GPIO_DeInit:000000ec $d
     /tmp/cc1ymi2F.s:546    .text.HAL_GPIO_ReadPin:00000000 $t
     /tmp/cc1ymi2F.s:551    .text.HAL_GPIO_ReadPin:00000000 HAL_GPIO_ReadPin
     /tmp/cc1ymi2F.s:580    .text.HAL_GPIO_WritePin:00000000 $t
     /tmp/cc1ymi2F.s:585    .text.HAL_GPIO_WritePin:00000000 HAL_GPIO_WritePin
     /tmp/cc1ymi2F.s:610    .text.HAL_GPIO_TogglePin:00000000 $t
     /tmp/cc1ymi2F.s:615    .text.HAL_GPIO_TogglePin:00000000 HAL_GPIO_TogglePin
     /tmp/cc1ymi2F.s:641    .text.HAL_GPIO_LockPin:00000000 $t
     /tmp/cc1ymi2F.s:646    .text.HAL_GPIO_LockPin:00000000 HAL_GPIO_LockPin
     /tmp/cc1ymi2F.s:698    .text.HAL_GPIO_EXTI_Rising_Callback:00000000 $t
     /tmp/cc1ymi2F.s:703    .text.HAL_GPIO_EXTI_Rising_Callback:00000000 HAL_GPIO_EXTI_Rising_Callback
     /tmp/cc1ymi2F.s:718    .text.HAL_GPIO_EXTI_Falling_Callback:00000000 $t
     /tmp/cc1ymi2F.s:723    .text.HAL_GPIO_EXTI_Falling_Callback:00000000 HAL_GPIO_EXTI_Falling_Callback
     /tmp/cc1ymi2F.s:738    .text.HAL_GPIO_EXTI_IRQHandler:00000000 $t
     /tmp/cc1ymi2F.s:743    .text.HAL_GPIO_EXTI_IRQHandler:00000000 HAL_GPIO_EXTI_IRQHandler
     /tmp/cc1ymi2F.s:787    .text.HAL_GPIO_EXTI_IRQHandler:00000028 $d
                     .debug_frame:00000010 $d

NO UNDEFINED SYMBOLS
