ARM GAS  /tmp/cc8Sb9qy.s 			page 1


   1              		.syntax unified
   2              		.cpu cortex-m0plus
   3              		.fpu softvfp
   4              		.eabi_attribute 20, 1
   5              		.eabi_attribute 21, 1
   6              		.eabi_attribute 23, 3
   7              		.eabi_attribute 24, 1
   8              		.eabi_attribute 25, 1
   9              		.eabi_attribute 26, 1
  10              		.eabi_attribute 30, 1
  11              		.eabi_attribute 34, 0
  12              		.eabi_attribute 18, 4
  13              		.thumb
  14              		.syntax unified
  15              		.file	"stm32g0xx_hal_i2c_ex.c"
  16              		.text
  17              	.Ltext0:
  18              		.cfi_sections	.debug_frame
  19              		.section	.text.HAL_I2CEx_ConfigAnalogFilter,"ax",%progbits
  20              		.align	2
  21              		.global	HAL_I2CEx_ConfigAnalogFilter
  22              		.code	16
  23              		.thumb_func
  25              	HAL_I2CEx_ConfigAnalogFilter:
  26              	.LFB310:
  27              		.file 1 "Drivers/STM32G0xx_HAL_Driver/Src/stm32g0xx_hal_i2c_ex.c"
   1:Drivers/STM32G0xx_HAL_Driver/Src/stm32g0xx_hal_i2c_ex.c **** /**
   2:Drivers/STM32G0xx_HAL_Driver/Src/stm32g0xx_hal_i2c_ex.c ****   ******************************************************************************
   3:Drivers/STM32G0xx_HAL_Driver/Src/stm32g0xx_hal_i2c_ex.c ****   * @file    stm32g0xx_hal_i2c_ex.c
   4:Drivers/STM32G0xx_HAL_Driver/Src/stm32g0xx_hal_i2c_ex.c ****   * @author  MCD Application Team
   5:Drivers/STM32G0xx_HAL_Driver/Src/stm32g0xx_hal_i2c_ex.c ****   * @brief   I2C Extended HAL module driver.
   6:Drivers/STM32G0xx_HAL_Driver/Src/stm32g0xx_hal_i2c_ex.c ****   *          This file provides firmware functions to manage the following
   7:Drivers/STM32G0xx_HAL_Driver/Src/stm32g0xx_hal_i2c_ex.c ****   *          functionalities of I2C Extended peripheral:
   8:Drivers/STM32G0xx_HAL_Driver/Src/stm32g0xx_hal_i2c_ex.c ****   *           + Filter Mode Functions
   9:Drivers/STM32G0xx_HAL_Driver/Src/stm32g0xx_hal_i2c_ex.c ****   *           + WakeUp Mode Functions
  10:Drivers/STM32G0xx_HAL_Driver/Src/stm32g0xx_hal_i2c_ex.c ****   *           + FastModePlus Functions
  11:Drivers/STM32G0xx_HAL_Driver/Src/stm32g0xx_hal_i2c_ex.c ****   *
  12:Drivers/STM32G0xx_HAL_Driver/Src/stm32g0xx_hal_i2c_ex.c ****   ******************************************************************************
  13:Drivers/STM32G0xx_HAL_Driver/Src/stm32g0xx_hal_i2c_ex.c ****   * @attention
  14:Drivers/STM32G0xx_HAL_Driver/Src/stm32g0xx_hal_i2c_ex.c ****   *
  15:Drivers/STM32G0xx_HAL_Driver/Src/stm32g0xx_hal_i2c_ex.c ****   * Copyright (c) 2018 STMicroelectronics.
  16:Drivers/STM32G0xx_HAL_Driver/Src/stm32g0xx_hal_i2c_ex.c ****   * All rights reserved.
  17:Drivers/STM32G0xx_HAL_Driver/Src/stm32g0xx_hal_i2c_ex.c ****   *
  18:Drivers/STM32G0xx_HAL_Driver/Src/stm32g0xx_hal_i2c_ex.c ****   * This software is licensed under terms that can be found in the LICENSE file
  19:Drivers/STM32G0xx_HAL_Driver/Src/stm32g0xx_hal_i2c_ex.c ****   * in the root directory of this software component.
  20:Drivers/STM32G0xx_HAL_Driver/Src/stm32g0xx_hal_i2c_ex.c ****   * If no LICENSE file comes with this software, it is provided AS-IS.
  21:Drivers/STM32G0xx_HAL_Driver/Src/stm32g0xx_hal_i2c_ex.c ****   *
  22:Drivers/STM32G0xx_HAL_Driver/Src/stm32g0xx_hal_i2c_ex.c ****   ******************************************************************************
  23:Drivers/STM32G0xx_HAL_Driver/Src/stm32g0xx_hal_i2c_ex.c ****   @verbatim
  24:Drivers/STM32G0xx_HAL_Driver/Src/stm32g0xx_hal_i2c_ex.c ****   ==============================================================================
  25:Drivers/STM32G0xx_HAL_Driver/Src/stm32g0xx_hal_i2c_ex.c ****                ##### I2C peripheral Extended features  #####
  26:Drivers/STM32G0xx_HAL_Driver/Src/stm32g0xx_hal_i2c_ex.c ****   ==============================================================================
  27:Drivers/STM32G0xx_HAL_Driver/Src/stm32g0xx_hal_i2c_ex.c **** 
  28:Drivers/STM32G0xx_HAL_Driver/Src/stm32g0xx_hal_i2c_ex.c ****   [..] Comparing to other previous devices, the I2C interface for STM32G0xx
  29:Drivers/STM32G0xx_HAL_Driver/Src/stm32g0xx_hal_i2c_ex.c ****        devices contains the following additional features
  30:Drivers/STM32G0xx_HAL_Driver/Src/stm32g0xx_hal_i2c_ex.c **** 
  31:Drivers/STM32G0xx_HAL_Driver/Src/stm32g0xx_hal_i2c_ex.c ****        (+) Possibility to disable or enable Analog Noise Filter
ARM GAS  /tmp/cc8Sb9qy.s 			page 2


  32:Drivers/STM32G0xx_HAL_Driver/Src/stm32g0xx_hal_i2c_ex.c ****        (+) Use of a configured Digital Noise Filter
  33:Drivers/STM32G0xx_HAL_Driver/Src/stm32g0xx_hal_i2c_ex.c ****        (+) Disable or enable wakeup from Stop mode(s)
  34:Drivers/STM32G0xx_HAL_Driver/Src/stm32g0xx_hal_i2c_ex.c ****        (+) Disable or enable Fast Mode Plus
  35:Drivers/STM32G0xx_HAL_Driver/Src/stm32g0xx_hal_i2c_ex.c **** 
  36:Drivers/STM32G0xx_HAL_Driver/Src/stm32g0xx_hal_i2c_ex.c ****                      ##### How to use this driver #####
  37:Drivers/STM32G0xx_HAL_Driver/Src/stm32g0xx_hal_i2c_ex.c ****   ==============================================================================
  38:Drivers/STM32G0xx_HAL_Driver/Src/stm32g0xx_hal_i2c_ex.c ****   [..] This driver provides functions to configure Noise Filter and Wake Up Feature
  39:Drivers/STM32G0xx_HAL_Driver/Src/stm32g0xx_hal_i2c_ex.c ****     (#) Configure I2C Analog noise filter using the function HAL_I2CEx_ConfigAnalogFilter()
  40:Drivers/STM32G0xx_HAL_Driver/Src/stm32g0xx_hal_i2c_ex.c ****     (#) Configure I2C Digital noise filter using the function HAL_I2CEx_ConfigDigitalFilter()
  41:Drivers/STM32G0xx_HAL_Driver/Src/stm32g0xx_hal_i2c_ex.c ****     (#) Configure the enable or disable of I2C Wake Up Mode using the functions :
  42:Drivers/STM32G0xx_HAL_Driver/Src/stm32g0xx_hal_i2c_ex.c ****           (++) HAL_I2CEx_EnableWakeUp()
  43:Drivers/STM32G0xx_HAL_Driver/Src/stm32g0xx_hal_i2c_ex.c ****           (++) HAL_I2CEx_DisableWakeUp()
  44:Drivers/STM32G0xx_HAL_Driver/Src/stm32g0xx_hal_i2c_ex.c ****     (#) Configure the enable or disable of fast mode plus driving capability using the functions :
  45:Drivers/STM32G0xx_HAL_Driver/Src/stm32g0xx_hal_i2c_ex.c ****           (++) HAL_I2CEx_EnableFastModePlus()
  46:Drivers/STM32G0xx_HAL_Driver/Src/stm32g0xx_hal_i2c_ex.c ****           (++) HAL_I2CEx_DisableFastModePlus()
  47:Drivers/STM32G0xx_HAL_Driver/Src/stm32g0xx_hal_i2c_ex.c ****   @endverbatim
  48:Drivers/STM32G0xx_HAL_Driver/Src/stm32g0xx_hal_i2c_ex.c ****   */
  49:Drivers/STM32G0xx_HAL_Driver/Src/stm32g0xx_hal_i2c_ex.c **** 
  50:Drivers/STM32G0xx_HAL_Driver/Src/stm32g0xx_hal_i2c_ex.c **** /* Includes ------------------------------------------------------------------*/
  51:Drivers/STM32G0xx_HAL_Driver/Src/stm32g0xx_hal_i2c_ex.c **** #include "stm32g0xx_hal.h"
  52:Drivers/STM32G0xx_HAL_Driver/Src/stm32g0xx_hal_i2c_ex.c **** 
  53:Drivers/STM32G0xx_HAL_Driver/Src/stm32g0xx_hal_i2c_ex.c **** /** @addtogroup STM32G0xx_HAL_Driver
  54:Drivers/STM32G0xx_HAL_Driver/Src/stm32g0xx_hal_i2c_ex.c ****   * @{
  55:Drivers/STM32G0xx_HAL_Driver/Src/stm32g0xx_hal_i2c_ex.c ****   */
  56:Drivers/STM32G0xx_HAL_Driver/Src/stm32g0xx_hal_i2c_ex.c **** 
  57:Drivers/STM32G0xx_HAL_Driver/Src/stm32g0xx_hal_i2c_ex.c **** /** @defgroup I2CEx I2CEx
  58:Drivers/STM32G0xx_HAL_Driver/Src/stm32g0xx_hal_i2c_ex.c ****   * @brief I2C Extended HAL module driver
  59:Drivers/STM32G0xx_HAL_Driver/Src/stm32g0xx_hal_i2c_ex.c ****   * @{
  60:Drivers/STM32G0xx_HAL_Driver/Src/stm32g0xx_hal_i2c_ex.c ****   */
  61:Drivers/STM32G0xx_HAL_Driver/Src/stm32g0xx_hal_i2c_ex.c **** 
  62:Drivers/STM32G0xx_HAL_Driver/Src/stm32g0xx_hal_i2c_ex.c **** #ifdef HAL_I2C_MODULE_ENABLED
  63:Drivers/STM32G0xx_HAL_Driver/Src/stm32g0xx_hal_i2c_ex.c **** 
  64:Drivers/STM32G0xx_HAL_Driver/Src/stm32g0xx_hal_i2c_ex.c **** /* Private typedef -----------------------------------------------------------*/
  65:Drivers/STM32G0xx_HAL_Driver/Src/stm32g0xx_hal_i2c_ex.c **** /* Private define ------------------------------------------------------------*/
  66:Drivers/STM32G0xx_HAL_Driver/Src/stm32g0xx_hal_i2c_ex.c **** /* Private macro -------------------------------------------------------------*/
  67:Drivers/STM32G0xx_HAL_Driver/Src/stm32g0xx_hal_i2c_ex.c **** /* Private variables ---------------------------------------------------------*/
  68:Drivers/STM32G0xx_HAL_Driver/Src/stm32g0xx_hal_i2c_ex.c **** /* Private function prototypes -----------------------------------------------*/
  69:Drivers/STM32G0xx_HAL_Driver/Src/stm32g0xx_hal_i2c_ex.c **** /* Private functions ---------------------------------------------------------*/
  70:Drivers/STM32G0xx_HAL_Driver/Src/stm32g0xx_hal_i2c_ex.c **** 
  71:Drivers/STM32G0xx_HAL_Driver/Src/stm32g0xx_hal_i2c_ex.c **** /** @defgroup I2CEx_Exported_Functions I2C Extended Exported Functions
  72:Drivers/STM32G0xx_HAL_Driver/Src/stm32g0xx_hal_i2c_ex.c ****   * @{
  73:Drivers/STM32G0xx_HAL_Driver/Src/stm32g0xx_hal_i2c_ex.c ****   */
  74:Drivers/STM32G0xx_HAL_Driver/Src/stm32g0xx_hal_i2c_ex.c **** 
  75:Drivers/STM32G0xx_HAL_Driver/Src/stm32g0xx_hal_i2c_ex.c **** /** @defgroup I2CEx_Exported_Functions_Group1 Filter Mode Functions
  76:Drivers/STM32G0xx_HAL_Driver/Src/stm32g0xx_hal_i2c_ex.c ****   * @brief    Filter Mode Functions
  77:Drivers/STM32G0xx_HAL_Driver/Src/stm32g0xx_hal_i2c_ex.c ****   *
  78:Drivers/STM32G0xx_HAL_Driver/Src/stm32g0xx_hal_i2c_ex.c **** @verbatim
  79:Drivers/STM32G0xx_HAL_Driver/Src/stm32g0xx_hal_i2c_ex.c ****  ===============================================================================
  80:Drivers/STM32G0xx_HAL_Driver/Src/stm32g0xx_hal_i2c_ex.c ****                       ##### Filter Mode Functions #####
  81:Drivers/STM32G0xx_HAL_Driver/Src/stm32g0xx_hal_i2c_ex.c ****  ===============================================================================
  82:Drivers/STM32G0xx_HAL_Driver/Src/stm32g0xx_hal_i2c_ex.c ****     [..] This section provides functions allowing to:
  83:Drivers/STM32G0xx_HAL_Driver/Src/stm32g0xx_hal_i2c_ex.c ****       (+) Configure Noise Filters
  84:Drivers/STM32G0xx_HAL_Driver/Src/stm32g0xx_hal_i2c_ex.c **** 
  85:Drivers/STM32G0xx_HAL_Driver/Src/stm32g0xx_hal_i2c_ex.c **** @endverbatim
  86:Drivers/STM32G0xx_HAL_Driver/Src/stm32g0xx_hal_i2c_ex.c ****   * @{
  87:Drivers/STM32G0xx_HAL_Driver/Src/stm32g0xx_hal_i2c_ex.c ****   */
  88:Drivers/STM32G0xx_HAL_Driver/Src/stm32g0xx_hal_i2c_ex.c **** 
ARM GAS  /tmp/cc8Sb9qy.s 			page 3


  89:Drivers/STM32G0xx_HAL_Driver/Src/stm32g0xx_hal_i2c_ex.c **** /**
  90:Drivers/STM32G0xx_HAL_Driver/Src/stm32g0xx_hal_i2c_ex.c ****   * @brief  Configure I2C Analog noise filter.
  91:Drivers/STM32G0xx_HAL_Driver/Src/stm32g0xx_hal_i2c_ex.c ****   * @param  hi2c Pointer to a I2C_HandleTypeDef structure that contains
  92:Drivers/STM32G0xx_HAL_Driver/Src/stm32g0xx_hal_i2c_ex.c ****   *                the configuration information for the specified I2Cx peripheral.
  93:Drivers/STM32G0xx_HAL_Driver/Src/stm32g0xx_hal_i2c_ex.c ****   * @param  AnalogFilter New state of the Analog filter.
  94:Drivers/STM32G0xx_HAL_Driver/Src/stm32g0xx_hal_i2c_ex.c ****   * @retval HAL status
  95:Drivers/STM32G0xx_HAL_Driver/Src/stm32g0xx_hal_i2c_ex.c ****   */
  96:Drivers/STM32G0xx_HAL_Driver/Src/stm32g0xx_hal_i2c_ex.c **** HAL_StatusTypeDef HAL_I2CEx_ConfigAnalogFilter(I2C_HandleTypeDef *hi2c, uint32_t AnalogFilter)
  97:Drivers/STM32G0xx_HAL_Driver/Src/stm32g0xx_hal_i2c_ex.c **** {
  28              		.loc 1 97 0
  29              		.cfi_startproc
  30              		@ args = 0, pretend = 0, frame = 0
  31              		@ frame_needed = 0, uses_anonymous_args = 0
  32              	.LVL0:
  33 0000 F0B5     		push	{r4, r5, r6, r7, lr}
  34              	.LCFI0:
  35              		.cfi_def_cfa_offset 20
  36              		.cfi_offset 4, -20
  37              		.cfi_offset 5, -16
  38              		.cfi_offset 6, -12
  39              		.cfi_offset 7, -8
  40              		.cfi_offset 14, -4
  98:Drivers/STM32G0xx_HAL_Driver/Src/stm32g0xx_hal_i2c_ex.c ****   /* Check the parameters */
  99:Drivers/STM32G0xx_HAL_Driver/Src/stm32g0xx_hal_i2c_ex.c ****   assert_param(IS_I2C_ALL_INSTANCE(hi2c->Instance));
 100:Drivers/STM32G0xx_HAL_Driver/Src/stm32g0xx_hal_i2c_ex.c ****   assert_param(IS_I2C_ANALOG_FILTER(AnalogFilter));
 101:Drivers/STM32G0xx_HAL_Driver/Src/stm32g0xx_hal_i2c_ex.c **** 
 102:Drivers/STM32G0xx_HAL_Driver/Src/stm32g0xx_hal_i2c_ex.c ****   if (hi2c->State == HAL_I2C_STATE_READY)
  41              		.loc 1 102 0
  42 0002 4123     		movs	r3, #65
  43 0004 C35C     		ldrb	r3, [r0, r3]
  44 0006 202B     		cmp	r3, #32
  45 0008 20D1     		bne	.L3
 103:Drivers/STM32G0xx_HAL_Driver/Src/stm32g0xx_hal_i2c_ex.c ****   {
 104:Drivers/STM32G0xx_HAL_Driver/Src/stm32g0xx_hal_i2c_ex.c ****     /* Process Locked */
 105:Drivers/STM32G0xx_HAL_Driver/Src/stm32g0xx_hal_i2c_ex.c ****     __HAL_LOCK(hi2c);
  46              		.loc 1 105 0
  47 000a 2033     		adds	r3, r3, #32
  48 000c C35C     		ldrb	r3, [r0, r3]
  49 000e 012B     		cmp	r3, #1
  50 0010 1ED0     		beq	.L4
  51              		.loc 1 105 0 is_stmt 0 discriminator 2
  52 0012 4024     		movs	r4, #64
  53 0014 0123     		movs	r3, #1
  54 0016 0355     		strb	r3, [r0, r4]
 106:Drivers/STM32G0xx_HAL_Driver/Src/stm32g0xx_hal_i2c_ex.c **** 
 107:Drivers/STM32G0xx_HAL_Driver/Src/stm32g0xx_hal_i2c_ex.c ****     hi2c->State = HAL_I2C_STATE_BUSY;
  55              		.loc 1 107 0 is_stmt 1 discriminator 2
  56 0018 4125     		movs	r5, #65
  57 001a 2422     		movs	r2, #36
  58 001c 4255     		strb	r2, [r0, r5]
 108:Drivers/STM32G0xx_HAL_Driver/Src/stm32g0xx_hal_i2c_ex.c **** 
 109:Drivers/STM32G0xx_HAL_Driver/Src/stm32g0xx_hal_i2c_ex.c ****     /* Disable the selected I2C peripheral */
 110:Drivers/STM32G0xx_HAL_Driver/Src/stm32g0xx_hal_i2c_ex.c ****     __HAL_I2C_DISABLE(hi2c);
  59              		.loc 1 110 0 discriminator 2
  60 001e 0668     		ldr	r6, [r0]
  61 0020 3268     		ldr	r2, [r6]
  62 0022 9A43     		bics	r2, r3
ARM GAS  /tmp/cc8Sb9qy.s 			page 4


  63 0024 3260     		str	r2, [r6]
 111:Drivers/STM32G0xx_HAL_Driver/Src/stm32g0xx_hal_i2c_ex.c **** 
 112:Drivers/STM32G0xx_HAL_Driver/Src/stm32g0xx_hal_i2c_ex.c ****     /* Reset I2Cx ANOFF bit */
 113:Drivers/STM32G0xx_HAL_Driver/Src/stm32g0xx_hal_i2c_ex.c ****     hi2c->Instance->CR1 &= ~(I2C_CR1_ANFOFF);
  64              		.loc 1 113 0 discriminator 2
  65 0026 0668     		ldr	r6, [r0]
  66 0028 3768     		ldr	r7, [r6]
  67 002a 0A4A     		ldr	r2, .L5
  68 002c 3A40     		ands	r2, r7
  69 002e 3260     		str	r2, [r6]
 114:Drivers/STM32G0xx_HAL_Driver/Src/stm32g0xx_hal_i2c_ex.c **** 
 115:Drivers/STM32G0xx_HAL_Driver/Src/stm32g0xx_hal_i2c_ex.c ****     /* Set analog filter bit*/
 116:Drivers/STM32G0xx_HAL_Driver/Src/stm32g0xx_hal_i2c_ex.c ****     hi2c->Instance->CR1 |= AnalogFilter;
  70              		.loc 1 116 0 discriminator 2
  71 0030 0268     		ldr	r2, [r0]
  72 0032 1668     		ldr	r6, [r2]
  73 0034 3143     		orrs	r1, r6
  74              	.LVL1:
  75 0036 1160     		str	r1, [r2]
 117:Drivers/STM32G0xx_HAL_Driver/Src/stm32g0xx_hal_i2c_ex.c **** 
 118:Drivers/STM32G0xx_HAL_Driver/Src/stm32g0xx_hal_i2c_ex.c ****     __HAL_I2C_ENABLE(hi2c);
  76              		.loc 1 118 0 discriminator 2
  77 0038 0268     		ldr	r2, [r0]
  78 003a 1168     		ldr	r1, [r2]
  79 003c 0B43     		orrs	r3, r1
  80 003e 1360     		str	r3, [r2]
 119:Drivers/STM32G0xx_HAL_Driver/Src/stm32g0xx_hal_i2c_ex.c **** 
 120:Drivers/STM32G0xx_HAL_Driver/Src/stm32g0xx_hal_i2c_ex.c ****     hi2c->State = HAL_I2C_STATE_READY;
  81              		.loc 1 120 0 discriminator 2
  82 0040 2023     		movs	r3, #32
  83 0042 4355     		strb	r3, [r0, r5]
 121:Drivers/STM32G0xx_HAL_Driver/Src/stm32g0xx_hal_i2c_ex.c **** 
 122:Drivers/STM32G0xx_HAL_Driver/Src/stm32g0xx_hal_i2c_ex.c ****     /* Process Unlocked */
 123:Drivers/STM32G0xx_HAL_Driver/Src/stm32g0xx_hal_i2c_ex.c ****     __HAL_UNLOCK(hi2c);
  84              		.loc 1 123 0 discriminator 2
  85 0044 0023     		movs	r3, #0
  86 0046 0355     		strb	r3, [r0, r4]
 124:Drivers/STM32G0xx_HAL_Driver/Src/stm32g0xx_hal_i2c_ex.c **** 
 125:Drivers/STM32G0xx_HAL_Driver/Src/stm32g0xx_hal_i2c_ex.c ****     return HAL_OK;
  87              		.loc 1 125 0 discriminator 2
  88 0048 0020     		movs	r0, #0
  89              	.LVL2:
  90 004a 02E0     		b	.L2
  91              	.LVL3:
  92              	.L3:
 126:Drivers/STM32G0xx_HAL_Driver/Src/stm32g0xx_hal_i2c_ex.c ****   }
 127:Drivers/STM32G0xx_HAL_Driver/Src/stm32g0xx_hal_i2c_ex.c ****   else
 128:Drivers/STM32G0xx_HAL_Driver/Src/stm32g0xx_hal_i2c_ex.c ****   {
 129:Drivers/STM32G0xx_HAL_Driver/Src/stm32g0xx_hal_i2c_ex.c ****     return HAL_BUSY;
  93              		.loc 1 129 0
  94 004c 0220     		movs	r0, #2
  95              	.LVL4:
  96 004e 00E0     		b	.L2
  97              	.LVL5:
  98              	.L4:
 105:Drivers/STM32G0xx_HAL_Driver/Src/stm32g0xx_hal_i2c_ex.c **** 
  99              		.loc 1 105 0
ARM GAS  /tmp/cc8Sb9qy.s 			page 5


 100 0050 0220     		movs	r0, #2
 101              	.LVL6:
 102              	.L2:
 130:Drivers/STM32G0xx_HAL_Driver/Src/stm32g0xx_hal_i2c_ex.c ****   }
 131:Drivers/STM32G0xx_HAL_Driver/Src/stm32g0xx_hal_i2c_ex.c **** }
 103              		.loc 1 131 0
 104              		@ sp needed
 105 0052 F0BD     		pop	{r4, r5, r6, r7, pc}
 106              	.L6:
 107              		.align	2
 108              	.L5:
 109 0054 FFEFFFFF 		.word	-4097
 110              		.cfi_endproc
 111              	.LFE310:
 113              		.section	.text.HAL_I2CEx_ConfigDigitalFilter,"ax",%progbits
 114              		.align	2
 115              		.global	HAL_I2CEx_ConfigDigitalFilter
 116              		.code	16
 117              		.thumb_func
 119              	HAL_I2CEx_ConfigDigitalFilter:
 120              	.LFB311:
 132:Drivers/STM32G0xx_HAL_Driver/Src/stm32g0xx_hal_i2c_ex.c **** 
 133:Drivers/STM32G0xx_HAL_Driver/Src/stm32g0xx_hal_i2c_ex.c **** /**
 134:Drivers/STM32G0xx_HAL_Driver/Src/stm32g0xx_hal_i2c_ex.c ****   * @brief  Configure I2C Digital noise filter.
 135:Drivers/STM32G0xx_HAL_Driver/Src/stm32g0xx_hal_i2c_ex.c ****   * @param  hi2c Pointer to a I2C_HandleTypeDef structure that contains
 136:Drivers/STM32G0xx_HAL_Driver/Src/stm32g0xx_hal_i2c_ex.c ****   *                the configuration information for the specified I2Cx peripheral.
 137:Drivers/STM32G0xx_HAL_Driver/Src/stm32g0xx_hal_i2c_ex.c ****   * @param  DigitalFilter Coefficient of digital noise filter between Min_Data=0x00 and Max_Data=0x
 138:Drivers/STM32G0xx_HAL_Driver/Src/stm32g0xx_hal_i2c_ex.c ****   * @retval HAL status
 139:Drivers/STM32G0xx_HAL_Driver/Src/stm32g0xx_hal_i2c_ex.c ****   */
 140:Drivers/STM32G0xx_HAL_Driver/Src/stm32g0xx_hal_i2c_ex.c **** HAL_StatusTypeDef HAL_I2CEx_ConfigDigitalFilter(I2C_HandleTypeDef *hi2c, uint32_t DigitalFilter)
 141:Drivers/STM32G0xx_HAL_Driver/Src/stm32g0xx_hal_i2c_ex.c **** {
 121              		.loc 1 141 0
 122              		.cfi_startproc
 123              		@ args = 0, pretend = 0, frame = 0
 124              		@ frame_needed = 0, uses_anonymous_args = 0
 125              	.LVL7:
 126 0000 F0B5     		push	{r4, r5, r6, r7, lr}
 127              	.LCFI1:
 128              		.cfi_def_cfa_offset 20
 129              		.cfi_offset 4, -20
 130              		.cfi_offset 5, -16
 131              		.cfi_offset 6, -12
 132              		.cfi_offset 7, -8
 133              		.cfi_offset 14, -4
 142:Drivers/STM32G0xx_HAL_Driver/Src/stm32g0xx_hal_i2c_ex.c ****   uint32_t tmpreg;
 143:Drivers/STM32G0xx_HAL_Driver/Src/stm32g0xx_hal_i2c_ex.c **** 
 144:Drivers/STM32G0xx_HAL_Driver/Src/stm32g0xx_hal_i2c_ex.c ****   /* Check the parameters */
 145:Drivers/STM32G0xx_HAL_Driver/Src/stm32g0xx_hal_i2c_ex.c ****   assert_param(IS_I2C_ALL_INSTANCE(hi2c->Instance));
 146:Drivers/STM32G0xx_HAL_Driver/Src/stm32g0xx_hal_i2c_ex.c ****   assert_param(IS_I2C_DIGITAL_FILTER(DigitalFilter));
 147:Drivers/STM32G0xx_HAL_Driver/Src/stm32g0xx_hal_i2c_ex.c **** 
 148:Drivers/STM32G0xx_HAL_Driver/Src/stm32g0xx_hal_i2c_ex.c ****   if (hi2c->State == HAL_I2C_STATE_READY)
 134              		.loc 1 148 0
 135 0002 4123     		movs	r3, #65
 136 0004 C35C     		ldrb	r3, [r0, r3]
 137 0006 202B     		cmp	r3, #32
 138 0008 1ED1     		bne	.L9
 149:Drivers/STM32G0xx_HAL_Driver/Src/stm32g0xx_hal_i2c_ex.c ****   {
ARM GAS  /tmp/cc8Sb9qy.s 			page 6


 150:Drivers/STM32G0xx_HAL_Driver/Src/stm32g0xx_hal_i2c_ex.c ****     /* Process Locked */
 151:Drivers/STM32G0xx_HAL_Driver/Src/stm32g0xx_hal_i2c_ex.c ****     __HAL_LOCK(hi2c);
 139              		.loc 1 151 0
 140 000a 2033     		adds	r3, r3, #32
 141 000c C35C     		ldrb	r3, [r0, r3]
 142 000e 012B     		cmp	r3, #1
 143 0010 1CD0     		beq	.L10
 144              		.loc 1 151 0 is_stmt 0 discriminator 2
 145 0012 4024     		movs	r4, #64
 146 0014 0123     		movs	r3, #1
 147 0016 0355     		strb	r3, [r0, r4]
 152:Drivers/STM32G0xx_HAL_Driver/Src/stm32g0xx_hal_i2c_ex.c **** 
 153:Drivers/STM32G0xx_HAL_Driver/Src/stm32g0xx_hal_i2c_ex.c ****     hi2c->State = HAL_I2C_STATE_BUSY;
 148              		.loc 1 153 0 is_stmt 1 discriminator 2
 149 0018 4125     		movs	r5, #65
 150 001a 2422     		movs	r2, #36
 151 001c 4255     		strb	r2, [r0, r5]
 154:Drivers/STM32G0xx_HAL_Driver/Src/stm32g0xx_hal_i2c_ex.c **** 
 155:Drivers/STM32G0xx_HAL_Driver/Src/stm32g0xx_hal_i2c_ex.c ****     /* Disable the selected I2C peripheral */
 156:Drivers/STM32G0xx_HAL_Driver/Src/stm32g0xx_hal_i2c_ex.c ****     __HAL_I2C_DISABLE(hi2c);
 152              		.loc 1 156 0 discriminator 2
 153 001e 0668     		ldr	r6, [r0]
 154 0020 3268     		ldr	r2, [r6]
 155 0022 9A43     		bics	r2, r3
 156 0024 3260     		str	r2, [r6]
 157:Drivers/STM32G0xx_HAL_Driver/Src/stm32g0xx_hal_i2c_ex.c **** 
 158:Drivers/STM32G0xx_HAL_Driver/Src/stm32g0xx_hal_i2c_ex.c ****     /* Get the old register value */
 159:Drivers/STM32G0xx_HAL_Driver/Src/stm32g0xx_hal_i2c_ex.c ****     tmpreg = hi2c->Instance->CR1;
 157              		.loc 1 159 0 discriminator 2
 158 0026 0668     		ldr	r6, [r0]
 159 0028 3768     		ldr	r7, [r6]
 160              	.LVL8:
 160:Drivers/STM32G0xx_HAL_Driver/Src/stm32g0xx_hal_i2c_ex.c **** 
 161:Drivers/STM32G0xx_HAL_Driver/Src/stm32g0xx_hal_i2c_ex.c ****     /* Reset I2Cx DNF bits [11:8] */
 162:Drivers/STM32G0xx_HAL_Driver/Src/stm32g0xx_hal_i2c_ex.c ****     tmpreg &= ~(I2C_CR1_DNF);
 161              		.loc 1 162 0 discriminator 2
 162 002a 094A     		ldr	r2, .L11
 163 002c 3A40     		ands	r2, r7
 164              	.LVL9:
 163:Drivers/STM32G0xx_HAL_Driver/Src/stm32g0xx_hal_i2c_ex.c **** 
 164:Drivers/STM32G0xx_HAL_Driver/Src/stm32g0xx_hal_i2c_ex.c ****     /* Set I2Cx DNF coefficient */
 165:Drivers/STM32G0xx_HAL_Driver/Src/stm32g0xx_hal_i2c_ex.c ****     tmpreg |= DigitalFilter << 8U;
 165              		.loc 1 165 0 discriminator 2
 166 002e 0902     		lsls	r1, r1, #8
 167              	.LVL10:
 168 0030 1143     		orrs	r1, r2
 169              	.LVL11:
 166:Drivers/STM32G0xx_HAL_Driver/Src/stm32g0xx_hal_i2c_ex.c **** 
 167:Drivers/STM32G0xx_HAL_Driver/Src/stm32g0xx_hal_i2c_ex.c ****     /* Store the new register value */
 168:Drivers/STM32G0xx_HAL_Driver/Src/stm32g0xx_hal_i2c_ex.c ****     hi2c->Instance->CR1 = tmpreg;
 170              		.loc 1 168 0 discriminator 2
 171 0032 3160     		str	r1, [r6]
 169:Drivers/STM32G0xx_HAL_Driver/Src/stm32g0xx_hal_i2c_ex.c **** 
 170:Drivers/STM32G0xx_HAL_Driver/Src/stm32g0xx_hal_i2c_ex.c ****     __HAL_I2C_ENABLE(hi2c);
 172              		.loc 1 170 0 discriminator 2
 173 0034 0268     		ldr	r2, [r0]
 174 0036 1168     		ldr	r1, [r2]
ARM GAS  /tmp/cc8Sb9qy.s 			page 7


 175              	.LVL12:
 176 0038 0B43     		orrs	r3, r1
 177 003a 1360     		str	r3, [r2]
 178              	.LVL13:
 171:Drivers/STM32G0xx_HAL_Driver/Src/stm32g0xx_hal_i2c_ex.c **** 
 172:Drivers/STM32G0xx_HAL_Driver/Src/stm32g0xx_hal_i2c_ex.c ****     hi2c->State = HAL_I2C_STATE_READY;
 179              		.loc 1 172 0 discriminator 2
 180 003c 2023     		movs	r3, #32
 181 003e 4355     		strb	r3, [r0, r5]
 173:Drivers/STM32G0xx_HAL_Driver/Src/stm32g0xx_hal_i2c_ex.c **** 
 174:Drivers/STM32G0xx_HAL_Driver/Src/stm32g0xx_hal_i2c_ex.c ****     /* Process Unlocked */
 175:Drivers/STM32G0xx_HAL_Driver/Src/stm32g0xx_hal_i2c_ex.c ****     __HAL_UNLOCK(hi2c);
 182              		.loc 1 175 0 discriminator 2
 183 0040 0023     		movs	r3, #0
 184 0042 0355     		strb	r3, [r0, r4]
 176:Drivers/STM32G0xx_HAL_Driver/Src/stm32g0xx_hal_i2c_ex.c **** 
 177:Drivers/STM32G0xx_HAL_Driver/Src/stm32g0xx_hal_i2c_ex.c ****     return HAL_OK;
 185              		.loc 1 177 0 discriminator 2
 186 0044 0020     		movs	r0, #0
 187              	.LVL14:
 188 0046 02E0     		b	.L8
 189              	.LVL15:
 190              	.L9:
 178:Drivers/STM32G0xx_HAL_Driver/Src/stm32g0xx_hal_i2c_ex.c ****   }
 179:Drivers/STM32G0xx_HAL_Driver/Src/stm32g0xx_hal_i2c_ex.c ****   else
 180:Drivers/STM32G0xx_HAL_Driver/Src/stm32g0xx_hal_i2c_ex.c ****   {
 181:Drivers/STM32G0xx_HAL_Driver/Src/stm32g0xx_hal_i2c_ex.c ****     return HAL_BUSY;
 191              		.loc 1 181 0
 192 0048 0220     		movs	r0, #2
 193              	.LVL16:
 194 004a 00E0     		b	.L8
 195              	.LVL17:
 196              	.L10:
 151:Drivers/STM32G0xx_HAL_Driver/Src/stm32g0xx_hal_i2c_ex.c **** 
 197              		.loc 1 151 0
 198 004c 0220     		movs	r0, #2
 199              	.LVL18:
 200              	.L8:
 182:Drivers/STM32G0xx_HAL_Driver/Src/stm32g0xx_hal_i2c_ex.c ****   }
 183:Drivers/STM32G0xx_HAL_Driver/Src/stm32g0xx_hal_i2c_ex.c **** }
 201              		.loc 1 183 0
 202              		@ sp needed
 203 004e F0BD     		pop	{r4, r5, r6, r7, pc}
 204              	.L12:
 205              		.align	2
 206              	.L11:
 207 0050 FFF0FFFF 		.word	-3841
 208              		.cfi_endproc
 209              	.LFE311:
 211              		.section	.text.HAL_I2CEx_EnableWakeUp,"ax",%progbits
 212              		.align	2
 213              		.global	HAL_I2CEx_EnableWakeUp
 214              		.code	16
 215              		.thumb_func
 217              	HAL_I2CEx_EnableWakeUp:
 218              	.LFB312:
 184:Drivers/STM32G0xx_HAL_Driver/Src/stm32g0xx_hal_i2c_ex.c **** /**
ARM GAS  /tmp/cc8Sb9qy.s 			page 8


 185:Drivers/STM32G0xx_HAL_Driver/Src/stm32g0xx_hal_i2c_ex.c ****   * @}
 186:Drivers/STM32G0xx_HAL_Driver/Src/stm32g0xx_hal_i2c_ex.c ****   */
 187:Drivers/STM32G0xx_HAL_Driver/Src/stm32g0xx_hal_i2c_ex.c **** 
 188:Drivers/STM32G0xx_HAL_Driver/Src/stm32g0xx_hal_i2c_ex.c **** /** @defgroup I2CEx_Exported_Functions_Group2 WakeUp Mode Functions
 189:Drivers/STM32G0xx_HAL_Driver/Src/stm32g0xx_hal_i2c_ex.c ****   * @brief    WakeUp Mode Functions
 190:Drivers/STM32G0xx_HAL_Driver/Src/stm32g0xx_hal_i2c_ex.c ****   *
 191:Drivers/STM32G0xx_HAL_Driver/Src/stm32g0xx_hal_i2c_ex.c **** @verbatim
 192:Drivers/STM32G0xx_HAL_Driver/Src/stm32g0xx_hal_i2c_ex.c ****  ===============================================================================
 193:Drivers/STM32G0xx_HAL_Driver/Src/stm32g0xx_hal_i2c_ex.c ****                       ##### WakeUp Mode Functions #####
 194:Drivers/STM32G0xx_HAL_Driver/Src/stm32g0xx_hal_i2c_ex.c ****  ===============================================================================
 195:Drivers/STM32G0xx_HAL_Driver/Src/stm32g0xx_hal_i2c_ex.c ****     [..] This section provides functions allowing to:
 196:Drivers/STM32G0xx_HAL_Driver/Src/stm32g0xx_hal_i2c_ex.c ****       (+) Configure Wake Up Feature
 197:Drivers/STM32G0xx_HAL_Driver/Src/stm32g0xx_hal_i2c_ex.c **** 
 198:Drivers/STM32G0xx_HAL_Driver/Src/stm32g0xx_hal_i2c_ex.c **** @endverbatim
 199:Drivers/STM32G0xx_HAL_Driver/Src/stm32g0xx_hal_i2c_ex.c ****   * @{
 200:Drivers/STM32G0xx_HAL_Driver/Src/stm32g0xx_hal_i2c_ex.c ****   */
 201:Drivers/STM32G0xx_HAL_Driver/Src/stm32g0xx_hal_i2c_ex.c **** 
 202:Drivers/STM32G0xx_HAL_Driver/Src/stm32g0xx_hal_i2c_ex.c **** /**
 203:Drivers/STM32G0xx_HAL_Driver/Src/stm32g0xx_hal_i2c_ex.c ****   * @brief  Enable I2C wakeup from Stop mode(s).
 204:Drivers/STM32G0xx_HAL_Driver/Src/stm32g0xx_hal_i2c_ex.c ****   * @param  hi2c Pointer to a I2C_HandleTypeDef structure that contains
 205:Drivers/STM32G0xx_HAL_Driver/Src/stm32g0xx_hal_i2c_ex.c ****   *                the configuration information for the specified I2Cx peripheral.
 206:Drivers/STM32G0xx_HAL_Driver/Src/stm32g0xx_hal_i2c_ex.c ****   * @retval HAL status
 207:Drivers/STM32G0xx_HAL_Driver/Src/stm32g0xx_hal_i2c_ex.c ****   */
 208:Drivers/STM32G0xx_HAL_Driver/Src/stm32g0xx_hal_i2c_ex.c **** HAL_StatusTypeDef HAL_I2CEx_EnableWakeUp(I2C_HandleTypeDef *hi2c)
 209:Drivers/STM32G0xx_HAL_Driver/Src/stm32g0xx_hal_i2c_ex.c **** {
 219              		.loc 1 209 0
 220              		.cfi_startproc
 221              		@ args = 0, pretend = 0, frame = 0
 222              		@ frame_needed = 0, uses_anonymous_args = 0
 223              	.LVL19:
 224 0000 70B5     		push	{r4, r5, r6, lr}
 225              	.LCFI2:
 226              		.cfi_def_cfa_offset 16
 227              		.cfi_offset 4, -16
 228              		.cfi_offset 5, -12
 229              		.cfi_offset 6, -8
 230              		.cfi_offset 14, -4
 210:Drivers/STM32G0xx_HAL_Driver/Src/stm32g0xx_hal_i2c_ex.c ****   /* Check the parameters */
 211:Drivers/STM32G0xx_HAL_Driver/Src/stm32g0xx_hal_i2c_ex.c ****   assert_param(IS_I2C_WAKEUP_FROMSTOP_INSTANCE(hi2c->Instance));
 212:Drivers/STM32G0xx_HAL_Driver/Src/stm32g0xx_hal_i2c_ex.c **** 
 213:Drivers/STM32G0xx_HAL_Driver/Src/stm32g0xx_hal_i2c_ex.c ****   if (hi2c->State == HAL_I2C_STATE_READY)
 231              		.loc 1 213 0
 232 0002 4123     		movs	r3, #65
 233 0004 C35C     		ldrb	r3, [r0, r3]
 234 0006 202B     		cmp	r3, #32
 235 0008 1DD1     		bne	.L15
 214:Drivers/STM32G0xx_HAL_Driver/Src/stm32g0xx_hal_i2c_ex.c ****   {
 215:Drivers/STM32G0xx_HAL_Driver/Src/stm32g0xx_hal_i2c_ex.c ****     /* Process Locked */
 216:Drivers/STM32G0xx_HAL_Driver/Src/stm32g0xx_hal_i2c_ex.c ****     __HAL_LOCK(hi2c);
 236              		.loc 1 216 0
 237 000a 2033     		adds	r3, r3, #32
 238 000c C35C     		ldrb	r3, [r0, r3]
 239 000e 012B     		cmp	r3, #1
 240 0010 1BD0     		beq	.L16
 241              		.loc 1 216 0 is_stmt 0 discriminator 2
 242 0012 4021     		movs	r1, #64
 243 0014 0123     		movs	r3, #1
ARM GAS  /tmp/cc8Sb9qy.s 			page 9


 244 0016 4354     		strb	r3, [r0, r1]
 217:Drivers/STM32G0xx_HAL_Driver/Src/stm32g0xx_hal_i2c_ex.c **** 
 218:Drivers/STM32G0xx_HAL_Driver/Src/stm32g0xx_hal_i2c_ex.c ****     hi2c->State = HAL_I2C_STATE_BUSY;
 245              		.loc 1 218 0 is_stmt 1 discriminator 2
 246 0018 4124     		movs	r4, #65
 247 001a 2422     		movs	r2, #36
 248 001c 0255     		strb	r2, [r0, r4]
 219:Drivers/STM32G0xx_HAL_Driver/Src/stm32g0xx_hal_i2c_ex.c **** 
 220:Drivers/STM32G0xx_HAL_Driver/Src/stm32g0xx_hal_i2c_ex.c ****     /* Disable the selected I2C peripheral */
 221:Drivers/STM32G0xx_HAL_Driver/Src/stm32g0xx_hal_i2c_ex.c ****     __HAL_I2C_DISABLE(hi2c);
 249              		.loc 1 221 0 discriminator 2
 250 001e 0568     		ldr	r5, [r0]
 251 0020 2A68     		ldr	r2, [r5]
 252 0022 9A43     		bics	r2, r3
 253 0024 2A60     		str	r2, [r5]
 222:Drivers/STM32G0xx_HAL_Driver/Src/stm32g0xx_hal_i2c_ex.c **** 
 223:Drivers/STM32G0xx_HAL_Driver/Src/stm32g0xx_hal_i2c_ex.c ****     /* Enable wakeup from stop mode */
 224:Drivers/STM32G0xx_HAL_Driver/Src/stm32g0xx_hal_i2c_ex.c ****     hi2c->Instance->CR1 |= I2C_CR1_WUPEN;
 254              		.loc 1 224 0 discriminator 2
 255 0026 0568     		ldr	r5, [r0]
 256 0028 2A68     		ldr	r2, [r5]
 257 002a 8026     		movs	r6, #128
 258 002c F602     		lsls	r6, r6, #11
 259 002e 3243     		orrs	r2, r6
 260 0030 2A60     		str	r2, [r5]
 225:Drivers/STM32G0xx_HAL_Driver/Src/stm32g0xx_hal_i2c_ex.c **** 
 226:Drivers/STM32G0xx_HAL_Driver/Src/stm32g0xx_hal_i2c_ex.c ****     __HAL_I2C_ENABLE(hi2c);
 261              		.loc 1 226 0 discriminator 2
 262 0032 0268     		ldr	r2, [r0]
 263 0034 1568     		ldr	r5, [r2]
 264 0036 2B43     		orrs	r3, r5
 265 0038 1360     		str	r3, [r2]
 227:Drivers/STM32G0xx_HAL_Driver/Src/stm32g0xx_hal_i2c_ex.c **** 
 228:Drivers/STM32G0xx_HAL_Driver/Src/stm32g0xx_hal_i2c_ex.c ****     hi2c->State = HAL_I2C_STATE_READY;
 266              		.loc 1 228 0 discriminator 2
 267 003a 2023     		movs	r3, #32
 268 003c 0355     		strb	r3, [r0, r4]
 229:Drivers/STM32G0xx_HAL_Driver/Src/stm32g0xx_hal_i2c_ex.c **** 
 230:Drivers/STM32G0xx_HAL_Driver/Src/stm32g0xx_hal_i2c_ex.c ****     /* Process Unlocked */
 231:Drivers/STM32G0xx_HAL_Driver/Src/stm32g0xx_hal_i2c_ex.c ****     __HAL_UNLOCK(hi2c);
 269              		.loc 1 231 0 discriminator 2
 270 003e 0023     		movs	r3, #0
 271 0040 4354     		strb	r3, [r0, r1]
 232:Drivers/STM32G0xx_HAL_Driver/Src/stm32g0xx_hal_i2c_ex.c **** 
 233:Drivers/STM32G0xx_HAL_Driver/Src/stm32g0xx_hal_i2c_ex.c ****     return HAL_OK;
 272              		.loc 1 233 0 discriminator 2
 273 0042 0020     		movs	r0, #0
 274              	.LVL20:
 275 0044 02E0     		b	.L14
 276              	.LVL21:
 277              	.L15:
 234:Drivers/STM32G0xx_HAL_Driver/Src/stm32g0xx_hal_i2c_ex.c ****   }
 235:Drivers/STM32G0xx_HAL_Driver/Src/stm32g0xx_hal_i2c_ex.c ****   else
 236:Drivers/STM32G0xx_HAL_Driver/Src/stm32g0xx_hal_i2c_ex.c ****   {
 237:Drivers/STM32G0xx_HAL_Driver/Src/stm32g0xx_hal_i2c_ex.c ****     return HAL_BUSY;
 278              		.loc 1 237 0
 279 0046 0220     		movs	r0, #2
ARM GAS  /tmp/cc8Sb9qy.s 			page 10


 280              	.LVL22:
 281 0048 00E0     		b	.L14
 282              	.LVL23:
 283              	.L16:
 216:Drivers/STM32G0xx_HAL_Driver/Src/stm32g0xx_hal_i2c_ex.c **** 
 284              		.loc 1 216 0
 285 004a 0220     		movs	r0, #2
 286              	.LVL24:
 287              	.L14:
 238:Drivers/STM32G0xx_HAL_Driver/Src/stm32g0xx_hal_i2c_ex.c ****   }
 239:Drivers/STM32G0xx_HAL_Driver/Src/stm32g0xx_hal_i2c_ex.c **** }
 288              		.loc 1 239 0
 289              		@ sp needed
 290 004c 70BD     		pop	{r4, r5, r6, pc}
 291              		.cfi_endproc
 292              	.LFE312:
 294 004e C046     		.section	.text.HAL_I2CEx_DisableWakeUp,"ax",%progbits
 295              		.align	2
 296              		.global	HAL_I2CEx_DisableWakeUp
 297              		.code	16
 298              		.thumb_func
 300              	HAL_I2CEx_DisableWakeUp:
 301              	.LFB313:
 240:Drivers/STM32G0xx_HAL_Driver/Src/stm32g0xx_hal_i2c_ex.c **** 
 241:Drivers/STM32G0xx_HAL_Driver/Src/stm32g0xx_hal_i2c_ex.c **** /**
 242:Drivers/STM32G0xx_HAL_Driver/Src/stm32g0xx_hal_i2c_ex.c ****   * @brief  Disable I2C wakeup from Stop mode(s).
 243:Drivers/STM32G0xx_HAL_Driver/Src/stm32g0xx_hal_i2c_ex.c ****   * @param  hi2c Pointer to a I2C_HandleTypeDef structure that contains
 244:Drivers/STM32G0xx_HAL_Driver/Src/stm32g0xx_hal_i2c_ex.c ****   *                the configuration information for the specified I2Cx peripheral.
 245:Drivers/STM32G0xx_HAL_Driver/Src/stm32g0xx_hal_i2c_ex.c ****   * @retval HAL status
 246:Drivers/STM32G0xx_HAL_Driver/Src/stm32g0xx_hal_i2c_ex.c ****   */
 247:Drivers/STM32G0xx_HAL_Driver/Src/stm32g0xx_hal_i2c_ex.c **** HAL_StatusTypeDef HAL_I2CEx_DisableWakeUp(I2C_HandleTypeDef *hi2c)
 248:Drivers/STM32G0xx_HAL_Driver/Src/stm32g0xx_hal_i2c_ex.c **** {
 302              		.loc 1 248 0
 303              		.cfi_startproc
 304              		@ args = 0, pretend = 0, frame = 0
 305              		@ frame_needed = 0, uses_anonymous_args = 0
 306              	.LVL25:
 307 0000 70B5     		push	{r4, r5, r6, lr}
 308              	.LCFI3:
 309              		.cfi_def_cfa_offset 16
 310              		.cfi_offset 4, -16
 311              		.cfi_offset 5, -12
 312              		.cfi_offset 6, -8
 313              		.cfi_offset 14, -4
 249:Drivers/STM32G0xx_HAL_Driver/Src/stm32g0xx_hal_i2c_ex.c ****   /* Check the parameters */
 250:Drivers/STM32G0xx_HAL_Driver/Src/stm32g0xx_hal_i2c_ex.c ****   assert_param(IS_I2C_WAKEUP_FROMSTOP_INSTANCE(hi2c->Instance));
 251:Drivers/STM32G0xx_HAL_Driver/Src/stm32g0xx_hal_i2c_ex.c **** 
 252:Drivers/STM32G0xx_HAL_Driver/Src/stm32g0xx_hal_i2c_ex.c ****   if (hi2c->State == HAL_I2C_STATE_READY)
 314              		.loc 1 252 0
 315 0002 4123     		movs	r3, #65
 316 0004 C35C     		ldrb	r3, [r0, r3]
 317 0006 202B     		cmp	r3, #32
 318 0008 1CD1     		bne	.L19
 253:Drivers/STM32G0xx_HAL_Driver/Src/stm32g0xx_hal_i2c_ex.c ****   {
 254:Drivers/STM32G0xx_HAL_Driver/Src/stm32g0xx_hal_i2c_ex.c ****     /* Process Locked */
 255:Drivers/STM32G0xx_HAL_Driver/Src/stm32g0xx_hal_i2c_ex.c ****     __HAL_LOCK(hi2c);
 319              		.loc 1 255 0
ARM GAS  /tmp/cc8Sb9qy.s 			page 11


 320 000a 2033     		adds	r3, r3, #32
 321 000c C35C     		ldrb	r3, [r0, r3]
 322 000e 012B     		cmp	r3, #1
 323 0010 1AD0     		beq	.L20
 324              		.loc 1 255 0 is_stmt 0 discriminator 2
 325 0012 4021     		movs	r1, #64
 326 0014 0123     		movs	r3, #1
 327 0016 4354     		strb	r3, [r0, r1]
 256:Drivers/STM32G0xx_HAL_Driver/Src/stm32g0xx_hal_i2c_ex.c **** 
 257:Drivers/STM32G0xx_HAL_Driver/Src/stm32g0xx_hal_i2c_ex.c ****     hi2c->State = HAL_I2C_STATE_BUSY;
 328              		.loc 1 257 0 is_stmt 1 discriminator 2
 329 0018 4124     		movs	r4, #65
 330 001a 2422     		movs	r2, #36
 331 001c 0255     		strb	r2, [r0, r4]
 258:Drivers/STM32G0xx_HAL_Driver/Src/stm32g0xx_hal_i2c_ex.c **** 
 259:Drivers/STM32G0xx_HAL_Driver/Src/stm32g0xx_hal_i2c_ex.c ****     /* Disable the selected I2C peripheral */
 260:Drivers/STM32G0xx_HAL_Driver/Src/stm32g0xx_hal_i2c_ex.c ****     __HAL_I2C_DISABLE(hi2c);
 332              		.loc 1 260 0 discriminator 2
 333 001e 0568     		ldr	r5, [r0]
 334 0020 2A68     		ldr	r2, [r5]
 335 0022 9A43     		bics	r2, r3
 336 0024 2A60     		str	r2, [r5]
 261:Drivers/STM32G0xx_HAL_Driver/Src/stm32g0xx_hal_i2c_ex.c **** 
 262:Drivers/STM32G0xx_HAL_Driver/Src/stm32g0xx_hal_i2c_ex.c ****     /* Enable wakeup from stop mode */
 263:Drivers/STM32G0xx_HAL_Driver/Src/stm32g0xx_hal_i2c_ex.c ****     hi2c->Instance->CR1 &= ~(I2C_CR1_WUPEN);
 337              		.loc 1 263 0 discriminator 2
 338 0026 0568     		ldr	r5, [r0]
 339 0028 2E68     		ldr	r6, [r5]
 340 002a 084A     		ldr	r2, .L21
 341 002c 3240     		ands	r2, r6
 342 002e 2A60     		str	r2, [r5]
 264:Drivers/STM32G0xx_HAL_Driver/Src/stm32g0xx_hal_i2c_ex.c **** 
 265:Drivers/STM32G0xx_HAL_Driver/Src/stm32g0xx_hal_i2c_ex.c ****     __HAL_I2C_ENABLE(hi2c);
 343              		.loc 1 265 0 discriminator 2
 344 0030 0268     		ldr	r2, [r0]
 345 0032 1568     		ldr	r5, [r2]
 346 0034 2B43     		orrs	r3, r5
 347 0036 1360     		str	r3, [r2]
 266:Drivers/STM32G0xx_HAL_Driver/Src/stm32g0xx_hal_i2c_ex.c **** 
 267:Drivers/STM32G0xx_HAL_Driver/Src/stm32g0xx_hal_i2c_ex.c ****     hi2c->State = HAL_I2C_STATE_READY;
 348              		.loc 1 267 0 discriminator 2
 349 0038 2023     		movs	r3, #32
 350 003a 0355     		strb	r3, [r0, r4]
 268:Drivers/STM32G0xx_HAL_Driver/Src/stm32g0xx_hal_i2c_ex.c **** 
 269:Drivers/STM32G0xx_HAL_Driver/Src/stm32g0xx_hal_i2c_ex.c ****     /* Process Unlocked */
 270:Drivers/STM32G0xx_HAL_Driver/Src/stm32g0xx_hal_i2c_ex.c ****     __HAL_UNLOCK(hi2c);
 351              		.loc 1 270 0 discriminator 2
 352 003c 0023     		movs	r3, #0
 353 003e 4354     		strb	r3, [r0, r1]
 271:Drivers/STM32G0xx_HAL_Driver/Src/stm32g0xx_hal_i2c_ex.c **** 
 272:Drivers/STM32G0xx_HAL_Driver/Src/stm32g0xx_hal_i2c_ex.c ****     return HAL_OK;
 354              		.loc 1 272 0 discriminator 2
 355 0040 0020     		movs	r0, #0
 356              	.LVL26:
 357 0042 02E0     		b	.L18
 358              	.LVL27:
 359              	.L19:
ARM GAS  /tmp/cc8Sb9qy.s 			page 12


 273:Drivers/STM32G0xx_HAL_Driver/Src/stm32g0xx_hal_i2c_ex.c ****   }
 274:Drivers/STM32G0xx_HAL_Driver/Src/stm32g0xx_hal_i2c_ex.c ****   else
 275:Drivers/STM32G0xx_HAL_Driver/Src/stm32g0xx_hal_i2c_ex.c ****   {
 276:Drivers/STM32G0xx_HAL_Driver/Src/stm32g0xx_hal_i2c_ex.c ****     return HAL_BUSY;
 360              		.loc 1 276 0
 361 0044 0220     		movs	r0, #2
 362              	.LVL28:
 363 0046 00E0     		b	.L18
 364              	.LVL29:
 365              	.L20:
 255:Drivers/STM32G0xx_HAL_Driver/Src/stm32g0xx_hal_i2c_ex.c **** 
 366              		.loc 1 255 0
 367 0048 0220     		movs	r0, #2
 368              	.LVL30:
 369              	.L18:
 277:Drivers/STM32G0xx_HAL_Driver/Src/stm32g0xx_hal_i2c_ex.c ****   }
 278:Drivers/STM32G0xx_HAL_Driver/Src/stm32g0xx_hal_i2c_ex.c **** }
 370              		.loc 1 278 0
 371              		@ sp needed
 372 004a 70BD     		pop	{r4, r5, r6, pc}
 373              	.L22:
 374              		.align	2
 375              	.L21:
 376 004c FFFFFBFF 		.word	-262145
 377              		.cfi_endproc
 378              	.LFE313:
 380              		.section	.text.HAL_I2CEx_EnableFastModePlus,"ax",%progbits
 381              		.align	2
 382              		.global	HAL_I2CEx_EnableFastModePlus
 383              		.code	16
 384              		.thumb_func
 386              	HAL_I2CEx_EnableFastModePlus:
 387              	.LFB314:
 279:Drivers/STM32G0xx_HAL_Driver/Src/stm32g0xx_hal_i2c_ex.c **** /**
 280:Drivers/STM32G0xx_HAL_Driver/Src/stm32g0xx_hal_i2c_ex.c ****   * @}
 281:Drivers/STM32G0xx_HAL_Driver/Src/stm32g0xx_hal_i2c_ex.c ****   */
 282:Drivers/STM32G0xx_HAL_Driver/Src/stm32g0xx_hal_i2c_ex.c **** 
 283:Drivers/STM32G0xx_HAL_Driver/Src/stm32g0xx_hal_i2c_ex.c **** /** @defgroup I2CEx_Exported_Functions_Group3 Fast Mode Plus Functions
 284:Drivers/STM32G0xx_HAL_Driver/Src/stm32g0xx_hal_i2c_ex.c ****   * @brief    Fast Mode Plus Functions
 285:Drivers/STM32G0xx_HAL_Driver/Src/stm32g0xx_hal_i2c_ex.c ****   *
 286:Drivers/STM32G0xx_HAL_Driver/Src/stm32g0xx_hal_i2c_ex.c **** @verbatim
 287:Drivers/STM32G0xx_HAL_Driver/Src/stm32g0xx_hal_i2c_ex.c ****  ===============================================================================
 288:Drivers/STM32G0xx_HAL_Driver/Src/stm32g0xx_hal_i2c_ex.c ****                       ##### Fast Mode Plus Functions #####
 289:Drivers/STM32G0xx_HAL_Driver/Src/stm32g0xx_hal_i2c_ex.c ****  ===============================================================================
 290:Drivers/STM32G0xx_HAL_Driver/Src/stm32g0xx_hal_i2c_ex.c ****     [..] This section provides functions allowing to:
 291:Drivers/STM32G0xx_HAL_Driver/Src/stm32g0xx_hal_i2c_ex.c ****       (+) Configure Fast Mode Plus
 292:Drivers/STM32G0xx_HAL_Driver/Src/stm32g0xx_hal_i2c_ex.c **** 
 293:Drivers/STM32G0xx_HAL_Driver/Src/stm32g0xx_hal_i2c_ex.c **** @endverbatim
 294:Drivers/STM32G0xx_HAL_Driver/Src/stm32g0xx_hal_i2c_ex.c ****   * @{
 295:Drivers/STM32G0xx_HAL_Driver/Src/stm32g0xx_hal_i2c_ex.c ****   */
 296:Drivers/STM32G0xx_HAL_Driver/Src/stm32g0xx_hal_i2c_ex.c **** 
 297:Drivers/STM32G0xx_HAL_Driver/Src/stm32g0xx_hal_i2c_ex.c **** /**
 298:Drivers/STM32G0xx_HAL_Driver/Src/stm32g0xx_hal_i2c_ex.c ****   * @brief Enable the I2C fast mode plus driving capability.
 299:Drivers/STM32G0xx_HAL_Driver/Src/stm32g0xx_hal_i2c_ex.c ****   * @param ConfigFastModePlus Selects the pin.
 300:Drivers/STM32G0xx_HAL_Driver/Src/stm32g0xx_hal_i2c_ex.c ****   *   This parameter can be one of the @ref I2CEx_FastModePlus values
 301:Drivers/STM32G0xx_HAL_Driver/Src/stm32g0xx_hal_i2c_ex.c ****   * @note  For I2C1, fast mode plus driving capability can be enabled on all selected
 302:Drivers/STM32G0xx_HAL_Driver/Src/stm32g0xx_hal_i2c_ex.c ****   *        I2C1 pins using I2C_FASTMODEPLUS_I2C1 parameter or independently
ARM GAS  /tmp/cc8Sb9qy.s 			page 13


 303:Drivers/STM32G0xx_HAL_Driver/Src/stm32g0xx_hal_i2c_ex.c ****   *        on each one of the following pins PB6, PB7, PB8 and PB9.
 304:Drivers/STM32G0xx_HAL_Driver/Src/stm32g0xx_hal_i2c_ex.c ****   * @note  For remaining I2C1 pins (PA14, PA15...) fast mode plus driving capability
 305:Drivers/STM32G0xx_HAL_Driver/Src/stm32g0xx_hal_i2c_ex.c ****   *        can be enabled only by using I2C_FASTMODEPLUS_I2C1 parameter.
 306:Drivers/STM32G0xx_HAL_Driver/Src/stm32g0xx_hal_i2c_ex.c ****   * @note  For all I2C2 pins fast mode plus driving capability can be enabled
 307:Drivers/STM32G0xx_HAL_Driver/Src/stm32g0xx_hal_i2c_ex.c ****   *        only by using I2C_FASTMODEPLUS_I2C2 parameter.
 308:Drivers/STM32G0xx_HAL_Driver/Src/stm32g0xx_hal_i2c_ex.c ****   * @note  For all I2C3 pins fast mode plus driving capability can be enabled
 309:Drivers/STM32G0xx_HAL_Driver/Src/stm32g0xx_hal_i2c_ex.c ****   *        only by using I2C_FASTMODEPLUS_I2C3 parameter.
 310:Drivers/STM32G0xx_HAL_Driver/Src/stm32g0xx_hal_i2c_ex.c ****   * @retval None
 311:Drivers/STM32G0xx_HAL_Driver/Src/stm32g0xx_hal_i2c_ex.c ****   */
 312:Drivers/STM32G0xx_HAL_Driver/Src/stm32g0xx_hal_i2c_ex.c **** void HAL_I2CEx_EnableFastModePlus(uint32_t ConfigFastModePlus)
 313:Drivers/STM32G0xx_HAL_Driver/Src/stm32g0xx_hal_i2c_ex.c **** {
 388              		.loc 1 313 0
 389              		.cfi_startproc
 390              		@ args = 0, pretend = 0, frame = 8
 391              		@ frame_needed = 0, uses_anonymous_args = 0
 392              	.LVL31:
 393 0000 10B5     		push	{r4, lr}
 394              	.LCFI4:
 395              		.cfi_def_cfa_offset 8
 396              		.cfi_offset 4, -8
 397              		.cfi_offset 14, -4
 398 0002 82B0     		sub	sp, sp, #8
 399              	.LCFI5:
 400              		.cfi_def_cfa_offset 16
 401              	.LBB2:
 314:Drivers/STM32G0xx_HAL_Driver/Src/stm32g0xx_hal_i2c_ex.c ****   /* Check the parameter */
 315:Drivers/STM32G0xx_HAL_Driver/Src/stm32g0xx_hal_i2c_ex.c ****   assert_param(IS_I2C_FASTMODEPLUS(ConfigFastModePlus));
 316:Drivers/STM32G0xx_HAL_Driver/Src/stm32g0xx_hal_i2c_ex.c **** 
 317:Drivers/STM32G0xx_HAL_Driver/Src/stm32g0xx_hal_i2c_ex.c ****   /* Enable SYSCFG clock */
 318:Drivers/STM32G0xx_HAL_Driver/Src/stm32g0xx_hal_i2c_ex.c ****   __HAL_RCC_SYSCFG_CLK_ENABLE();
 402              		.loc 1 318 0
 403 0004 074A     		ldr	r2, .L24
 404 0006 116C     		ldr	r1, [r2, #64]
 405 0008 0124     		movs	r4, #1
 406 000a 2143     		orrs	r1, r4
 407 000c 1164     		str	r1, [r2, #64]
 408 000e 136C     		ldr	r3, [r2, #64]
 409 0010 2340     		ands	r3, r4
 410 0012 0193     		str	r3, [sp, #4]
 411 0014 019B     		ldr	r3, [sp, #4]
 412              	.LBE2:
 319:Drivers/STM32G0xx_HAL_Driver/Src/stm32g0xx_hal_i2c_ex.c **** 
 320:Drivers/STM32G0xx_HAL_Driver/Src/stm32g0xx_hal_i2c_ex.c ****   /* Enable fast mode plus driving capability for selected pin */
 321:Drivers/STM32G0xx_HAL_Driver/Src/stm32g0xx_hal_i2c_ex.c ****   SET_BIT(SYSCFG->CFGR1, (uint32_t)ConfigFastModePlus);
 413              		.loc 1 321 0
 414 0016 044B     		ldr	r3, .L24+4
 415 0018 1A68     		ldr	r2, [r3]
 416 001a 1043     		orrs	r0, r2
 417              	.LVL32:
 418 001c 1860     		str	r0, [r3]
 322:Drivers/STM32G0xx_HAL_Driver/Src/stm32g0xx_hal_i2c_ex.c **** }
 419              		.loc 1 322 0
 420 001e 02B0     		add	sp, sp, #8
 421              		@ sp needed
 422 0020 10BD     		pop	{r4, pc}
 423              	.L25:
 424 0022 C046     		.align	2
ARM GAS  /tmp/cc8Sb9qy.s 			page 14


 425              	.L24:
 426 0024 00100240 		.word	1073876992
 427 0028 00000140 		.word	1073807360
 428              		.cfi_endproc
 429              	.LFE314:
 431              		.section	.text.HAL_I2CEx_DisableFastModePlus,"ax",%progbits
 432              		.align	2
 433              		.global	HAL_I2CEx_DisableFastModePlus
 434              		.code	16
 435              		.thumb_func
 437              	HAL_I2CEx_DisableFastModePlus:
 438              	.LFB315:
 323:Drivers/STM32G0xx_HAL_Driver/Src/stm32g0xx_hal_i2c_ex.c **** 
 324:Drivers/STM32G0xx_HAL_Driver/Src/stm32g0xx_hal_i2c_ex.c **** /**
 325:Drivers/STM32G0xx_HAL_Driver/Src/stm32g0xx_hal_i2c_ex.c ****   * @brief Disable the I2C fast mode plus driving capability.
 326:Drivers/STM32G0xx_HAL_Driver/Src/stm32g0xx_hal_i2c_ex.c ****   * @param ConfigFastModePlus Selects the pin.
 327:Drivers/STM32G0xx_HAL_Driver/Src/stm32g0xx_hal_i2c_ex.c ****   *   This parameter can be one of the @ref I2CEx_FastModePlus values
 328:Drivers/STM32G0xx_HAL_Driver/Src/stm32g0xx_hal_i2c_ex.c ****   * @note  For I2C1, fast mode plus driving capability can be disabled on all selected
 329:Drivers/STM32G0xx_HAL_Driver/Src/stm32g0xx_hal_i2c_ex.c ****   *        I2C1 pins using I2C_FASTMODEPLUS_I2C1 parameter or independently
 330:Drivers/STM32G0xx_HAL_Driver/Src/stm32g0xx_hal_i2c_ex.c ****   *        on each one of the following pins PB6, PB7, PB8 and PB9.
 331:Drivers/STM32G0xx_HAL_Driver/Src/stm32g0xx_hal_i2c_ex.c ****   * @note  For remaining I2C1 pins (PA14, PA15...) fast mode plus driving capability
 332:Drivers/STM32G0xx_HAL_Driver/Src/stm32g0xx_hal_i2c_ex.c ****   *        can be disabled only by using I2C_FASTMODEPLUS_I2C1 parameter.
 333:Drivers/STM32G0xx_HAL_Driver/Src/stm32g0xx_hal_i2c_ex.c ****   * @note  For all I2C2 pins fast mode plus driving capability can be disabled
 334:Drivers/STM32G0xx_HAL_Driver/Src/stm32g0xx_hal_i2c_ex.c ****   *        only by using I2C_FASTMODEPLUS_I2C2 parameter.
 335:Drivers/STM32G0xx_HAL_Driver/Src/stm32g0xx_hal_i2c_ex.c ****   * @note  For all I2C3 pins fast mode plus driving capability can be disabled
 336:Drivers/STM32G0xx_HAL_Driver/Src/stm32g0xx_hal_i2c_ex.c ****   *        only by using I2C_FASTMODEPLUS_I2C3 parameter.
 337:Drivers/STM32G0xx_HAL_Driver/Src/stm32g0xx_hal_i2c_ex.c ****   * @retval None
 338:Drivers/STM32G0xx_HAL_Driver/Src/stm32g0xx_hal_i2c_ex.c ****   */
 339:Drivers/STM32G0xx_HAL_Driver/Src/stm32g0xx_hal_i2c_ex.c **** void HAL_I2CEx_DisableFastModePlus(uint32_t ConfigFastModePlus)
 340:Drivers/STM32G0xx_HAL_Driver/Src/stm32g0xx_hal_i2c_ex.c **** {
 439              		.loc 1 340 0
 440              		.cfi_startproc
 441              		@ args = 0, pretend = 0, frame = 8
 442              		@ frame_needed = 0, uses_anonymous_args = 0
 443              	.LVL33:
 444 0000 10B5     		push	{r4, lr}
 445              	.LCFI6:
 446              		.cfi_def_cfa_offset 8
 447              		.cfi_offset 4, -8
 448              		.cfi_offset 14, -4
 449 0002 82B0     		sub	sp, sp, #8
 450              	.LCFI7:
 451              		.cfi_def_cfa_offset 16
 452              	.LBB3:
 341:Drivers/STM32G0xx_HAL_Driver/Src/stm32g0xx_hal_i2c_ex.c ****   /* Check the parameter */
 342:Drivers/STM32G0xx_HAL_Driver/Src/stm32g0xx_hal_i2c_ex.c ****   assert_param(IS_I2C_FASTMODEPLUS(ConfigFastModePlus));
 343:Drivers/STM32G0xx_HAL_Driver/Src/stm32g0xx_hal_i2c_ex.c **** 
 344:Drivers/STM32G0xx_HAL_Driver/Src/stm32g0xx_hal_i2c_ex.c ****   /* Enable SYSCFG clock */
 345:Drivers/STM32G0xx_HAL_Driver/Src/stm32g0xx_hal_i2c_ex.c ****   __HAL_RCC_SYSCFG_CLK_ENABLE();
 453              		.loc 1 345 0
 454 0004 074A     		ldr	r2, .L27
 455 0006 116C     		ldr	r1, [r2, #64]
 456 0008 0124     		movs	r4, #1
 457 000a 2143     		orrs	r1, r4
 458 000c 1164     		str	r1, [r2, #64]
 459 000e 136C     		ldr	r3, [r2, #64]
 460 0010 2340     		ands	r3, r4
ARM GAS  /tmp/cc8Sb9qy.s 			page 15


 461 0012 0193     		str	r3, [sp, #4]
 462 0014 019B     		ldr	r3, [sp, #4]
 463              	.LBE3:
 346:Drivers/STM32G0xx_HAL_Driver/Src/stm32g0xx_hal_i2c_ex.c **** 
 347:Drivers/STM32G0xx_HAL_Driver/Src/stm32g0xx_hal_i2c_ex.c ****   /* Disable fast mode plus driving capability for selected pin */
 348:Drivers/STM32G0xx_HAL_Driver/Src/stm32g0xx_hal_i2c_ex.c ****   CLEAR_BIT(SYSCFG->CFGR1, (uint32_t)ConfigFastModePlus);
 464              		.loc 1 348 0
 465 0016 044A     		ldr	r2, .L27+4
 466 0018 1368     		ldr	r3, [r2]
 467 001a 8343     		bics	r3, r0
 468 001c 1360     		str	r3, [r2]
 349:Drivers/STM32G0xx_HAL_Driver/Src/stm32g0xx_hal_i2c_ex.c **** }
 469              		.loc 1 349 0
 470 001e 02B0     		add	sp, sp, #8
 471              		@ sp needed
 472 0020 10BD     		pop	{r4, pc}
 473              	.L28:
 474 0022 C046     		.align	2
 475              	.L27:
 476 0024 00100240 		.word	1073876992
 477 0028 00000140 		.word	1073807360
 478              		.cfi_endproc
 479              	.LFE315:
 481              		.text
 482              	.Letext0:
 483              		.file 2 "/home/yuan/gcc-arm-none-eabi-5_4-2016q3/arm-none-eabi/include/machine/_default_types.h"
 484              		.file 3 "/home/yuan/gcc-arm-none-eabi-5_4-2016q3/arm-none-eabi/include/sys/_stdint.h"
 485              		.file 4 "Drivers/CMSIS/Device/ST/STM32G0xx/Include/stm32g070xx.h"
 486              		.file 5 "Drivers/STM32G0xx_HAL_Driver/Inc/stm32g0xx_hal_def.h"
 487              		.file 6 "Drivers/STM32G0xx_HAL_Driver/Inc/stm32g0xx_hal_dma.h"
 488              		.file 7 "Drivers/STM32G0xx_HAL_Driver/Inc/stm32g0xx_hal_i2c.h"
 489              		.file 8 "Drivers/STM32G0xx_HAL_Driver/Inc/stm32g0xx_ll_dma.h"
 490              		.file 9 "Drivers/CMSIS/Include/cmsis_gcc.h"
ARM GAS  /tmp/cc8Sb9qy.s 			page 16


DEFINED SYMBOLS
                            *ABS*:00000000 stm32g0xx_hal_i2c_ex.c
     /tmp/cc8Sb9qy.s:20     .text.HAL_I2CEx_ConfigAnalogFilter:00000000 $t
     /tmp/cc8Sb9qy.s:25     .text.HAL_I2CEx_ConfigAnalogFilter:00000000 HAL_I2CEx_ConfigAnalogFilter
     /tmp/cc8Sb9qy.s:109    .text.HAL_I2CEx_ConfigAnalogFilter:00000054 $d
     /tmp/cc8Sb9qy.s:114    .text.HAL_I2CEx_ConfigDigitalFilter:00000000 $t
     /tmp/cc8Sb9qy.s:119    .text.HAL_I2CEx_ConfigDigitalFilter:00000000 HAL_I2CEx_ConfigDigitalFilter
     /tmp/cc8Sb9qy.s:207    .text.HAL_I2CEx_ConfigDigitalFilter:00000050 $d
     /tmp/cc8Sb9qy.s:212    .text.HAL_I2CEx_EnableWakeUp:00000000 $t
     /tmp/cc8Sb9qy.s:217    .text.HAL_I2CEx_EnableWakeUp:00000000 HAL_I2CEx_EnableWakeUp
     /tmp/cc8Sb9qy.s:295    .text.HAL_I2CEx_DisableWakeUp:00000000 $t
     /tmp/cc8Sb9qy.s:300    .text.HAL_I2CEx_DisableWakeUp:00000000 HAL_I2CEx_DisableWakeUp
     /tmp/cc8Sb9qy.s:376    .text.HAL_I2CEx_DisableWakeUp:0000004c $d
     /tmp/cc8Sb9qy.s:381    .text.HAL_I2CEx_EnableFastModePlus:00000000 $t
     /tmp/cc8Sb9qy.s:386    .text.HAL_I2CEx_EnableFastModePlus:00000000 HAL_I2CEx_EnableFastModePlus
     /tmp/cc8Sb9qy.s:426    .text.HAL_I2CEx_EnableFastModePlus:00000024 $d
     /tmp/cc8Sb9qy.s:432    .text.HAL_I2CEx_DisableFastModePlus:00000000 $t
     /tmp/cc8Sb9qy.s:437    .text.HAL_I2CEx_DisableFastModePlus:00000000 HAL_I2CEx_DisableFastModePlus
     /tmp/cc8Sb9qy.s:476    .text.HAL_I2CEx_DisableFastModePlus:00000024 $d
                     .debug_frame:00000010 $d

NO UNDEFINED SYMBOLS
