ARM GAS  /tmp/ccC52H2e.s 			page 1


   1              		.syntax unified
   2              		.cpu cortex-m0plus
   3              		.fpu softvfp
   4              		.eabi_attribute 20, 1
   5              		.eabi_attribute 21, 1
   6              		.eabi_attribute 23, 3
   7              		.eabi_attribute 24, 1
   8              		.eabi_attribute 25, 1
   9              		.eabi_attribute 26, 1
  10              		.eabi_attribute 30, 1
  11              		.eabi_attribute 34, 0
  12              		.eabi_attribute 18, 4
  13              		.thumb
  14              		.syntax unified
  15              		.file	"at24c02.c"
  16              		.text
  17              	.Ltext0:
  18              		.cfi_sections	.debug_frame
  19              		.section	.text.ina3221_set_reg_pointer,"ax",%progbits
  20              		.align	2
  21              		.code	16
  22              		.thumb_func
  24              	ina3221_set_reg_pointer:
  25              	.LFB311:
  26              		.file 1 "Core/Driver/eeprom/at24c02.c"
   1:Core/Driver/eeprom/at24c02.c **** 
   2:Core/Driver/eeprom/at24c02.c **** #include "at24c02.h"
   3:Core/Driver/eeprom/at24c02.c **** 
   4:Core/Driver/eeprom/at24c02.c **** #ifdef AT24C02_DEBUG
   5:Core/Driver/eeprom/at24c02.c **** #define CPRINTF(format, args...) PRINTF("AT24C02: " format, ##args)
   6:Core/Driver/eeprom/at24c02.c **** #else
   7:Core/Driver/eeprom/at24c02.c **** #define CPRINTF(format, args...) 
   8:Core/Driver/eeprom/at24c02.c **** #endif
   9:Core/Driver/eeprom/at24c02.c **** 
  10:Core/Driver/eeprom/at24c02.c **** static int ina3221_set_reg_pointer(uint8_t reg)
  11:Core/Driver/eeprom/at24c02.c **** {
  27              		.loc 1 11 0
  28              		.cfi_startproc
  29              		@ args = 0, pretend = 0, frame = 8
  30              		@ frame_needed = 0, uses_anonymous_args = 0
  31              	.LVL0:
  32 0000 10B5     		push	{r4, lr}
  33              	.LCFI0:
  34              		.cfi_def_cfa_offset 8
  35              		.cfi_offset 4, -8
  36              		.cfi_offset 14, -4
  37 0002 84B0     		sub	sp, sp, #16
  38              	.LCFI1:
  39              		.cfi_def_cfa_offset 24
  40 0004 0F22     		movs	r2, #15
  41 0006 6A44     		add	r2, r2, sp
  42 0008 1070     		strb	r0, [r2]
  12:Core/Driver/eeprom/at24c02.c **** 	uint8_t re;
  13:Core/Driver/eeprom/at24c02.c **** 
  14:Core/Driver/eeprom/at24c02.c **** 	re = HAL_I2C_Master_Transmit(&hi2c1, (AT24C02_I2C_ADDR << 1),
  43              		.loc 1 14 0
  44 000a FA23     		movs	r3, #250
ARM GAS  /tmp/ccC52H2e.s 			page 2


  45 000c 9B00     		lsls	r3, r3, #2
  46 000e 0093     		str	r3, [sp]
  47 0010 0123     		movs	r3, #1
  48 0012 A021     		movs	r1, #160
  49 0014 0548     		ldr	r0, .L3
  50              	.LVL1:
  51 0016 FFF7FEFF 		bl	HAL_I2C_Master_Transmit
  52              	.LVL2:
  53 001a 041E     		subs	r4, r0, #0
  54              	.LVL3:
  15:Core/Driver/eeprom/at24c02.c **** 						&reg, sizeof(reg), 1000);
  16:Core/Driver/eeprom/at24c02.c **** 
  17:Core/Driver/eeprom/at24c02.c **** 	if (re != HAL_OK)
  55              		.loc 1 17 0
  56 001c 03D0     		beq	.L2
  18:Core/Driver/eeprom/at24c02.c **** 		CPRINTF("setup reg pointer fail! (%d)", re);
  57              		.loc 1 18 0
  58 001e 0100     		movs	r1, r0
  59 0020 0348     		ldr	r0, .L3+4
  60              	.LVL4:
  61 0022 FFF7FEFF 		bl	printf
  62              	.LVL5:
  63              	.L2:
  19:Core/Driver/eeprom/at24c02.c **** 
  20:Core/Driver/eeprom/at24c02.c **** 	return re;
  21:Core/Driver/eeprom/at24c02.c **** }
  64              		.loc 1 21 0
  65 0026 2000     		movs	r0, r4
  66 0028 04B0     		add	sp, sp, #16
  67              		@ sp needed
  68 002a 10BD     		pop	{r4, pc}
  69              	.L4:
  70              		.align	2
  71              	.L3:
  72 002c 00000000 		.word	hi2c1
  73 0030 00000000 		.word	.LC2
  74              		.cfi_endproc
  75              	.LFE311:
  77              		.section	.text.at24c02_read,"ax",%progbits
  78              		.align	2
  79              		.global	at24c02_read
  80              		.code	16
  81              		.thumb_func
  83              	at24c02_read:
  84              	.LFB312:
  22:Core/Driver/eeprom/at24c02.c **** 
  23:Core/Driver/eeprom/at24c02.c **** int at24c02_read(uint8_t reg, uint8_t *data, int size) {
  85              		.loc 1 23 0
  86              		.cfi_startproc
  87              		@ args = 0, pretend = 0, frame = 0
  88              		@ frame_needed = 0, uses_anonymous_args = 0
  89              	.LVL6:
  90 0000 30B5     		push	{r4, r5, lr}
  91              	.LCFI2:
  92              		.cfi_def_cfa_offset 12
  93              		.cfi_offset 4, -12
  94              		.cfi_offset 5, -8
ARM GAS  /tmp/ccC52H2e.s 			page 3


  95              		.cfi_offset 14, -4
  96 0002 83B0     		sub	sp, sp, #12
  97              	.LCFI3:
  98              		.cfi_def_cfa_offset 24
  99 0004 0D00     		movs	r5, r1
 100 0006 1400     		movs	r4, r2
  24:Core/Driver/eeprom/at24c02.c **** 
  25:Core/Driver/eeprom/at24c02.c **** 	int re;
  26:Core/Driver/eeprom/at24c02.c **** 
  27:Core/Driver/eeprom/at24c02.c **** 	/* set offset*/
  28:Core/Driver/eeprom/at24c02.c **** 	ina3221_set_reg_pointer(reg);
 101              		.loc 1 28 0
 102 0008 FFF7FEFF 		bl	ina3221_set_reg_pointer
 103              	.LVL7:
  29:Core/Driver/eeprom/at24c02.c **** 
  30:Core/Driver/eeprom/at24c02.c **** 	re = HAL_I2C_Master_Receive(&AT24C02_I2C_PORT, (AT24C02_I2C_ADDR << 1),
 104              		.loc 1 30 0
 105 000c A3B2     		uxth	r3, r4
 106 000e FA22     		movs	r2, #250
 107 0010 9200     		lsls	r2, r2, #2
 108 0012 0092     		str	r2, [sp]
 109 0014 2A00     		movs	r2, r5
 110 0016 A021     		movs	r1, #160
 111 0018 0548     		ldr	r0, .L7
 112 001a FFF7FEFF 		bl	HAL_I2C_Master_Receive
 113              	.LVL8:
 114 001e 041E     		subs	r4, r0, #0
 115              	.LVL9:
  31:Core/Driver/eeprom/at24c02.c **** 			data, size, 1000);
  32:Core/Driver/eeprom/at24c02.c **** 
  33:Core/Driver/eeprom/at24c02.c **** 	if (re != HAL_OK)
 116              		.loc 1 33 0
 117 0020 02D0     		beq	.L6
  34:Core/Driver/eeprom/at24c02.c **** 		CPRINTF("read failed\n\r");
 118              		.loc 1 34 0
 119 0022 0448     		ldr	r0, .L7+4
 120              	.LVL10:
 121 0024 FFF7FEFF 		bl	printf
 122              	.LVL11:
 123              	.L6:
  35:Core/Driver/eeprom/at24c02.c **** 
  36:Core/Driver/eeprom/at24c02.c **** 	return re;
  37:Core/Driver/eeprom/at24c02.c **** }
 124              		.loc 1 37 0
 125 0028 2000     		movs	r0, r4
 126 002a 03B0     		add	sp, sp, #12
 127              		@ sp needed
 128              	.LVL12:
 129              	.LVL13:
 130 002c 30BD     		pop	{r4, r5, pc}
 131              	.L8:
 132 002e C046     		.align	2
 133              	.L7:
 134 0030 00000000 		.word	hi2c1
 135 0034 28000000 		.word	.LC5
 136              		.cfi_endproc
 137              	.LFE312:
ARM GAS  /tmp/ccC52H2e.s 			page 4


 139              		.section	.text.at24c02_write,"ax",%progbits
 140              		.align	2
 141              		.global	at24c02_write
 142              		.code	16
 143              		.thumb_func
 145              	at24c02_write:
 146              	.LFB313:
  38:Core/Driver/eeprom/at24c02.c **** 
  39:Core/Driver/eeprom/at24c02.c **** int at24c02_write(uint8_t reg, uint8_t *data, int size) {
 147              		.loc 1 39 0
 148              		.cfi_startproc
 149              		@ args = 0, pretend = 0, frame = 0
 150              		@ frame_needed = 1, uses_anonymous_args = 0
 151              	.LVL14:
 152 0000 B0B5     		push	{r4, r5, r7, lr}
 153              	.LCFI4:
 154              		.cfi_def_cfa_offset 16
 155              		.cfi_offset 4, -16
 156              		.cfi_offset 5, -12
 157              		.cfi_offset 7, -8
 158              		.cfi_offset 14, -4
 159 0002 82B0     		sub	sp, sp, #8
 160              	.LCFI5:
 161              		.cfi_def_cfa_offset 24
 162 0004 02AF     		add	r7, sp, #8
 163              	.LCFI6:
 164              		.cfi_def_cfa 7, 16
  40:Core/Driver/eeprom/at24c02.c **** 
  41:Core/Driver/eeprom/at24c02.c **** 	int i, re;
  42:Core/Driver/eeprom/at24c02.c **** 	uint8_t data_write[size + 1];
 165              		.loc 1 42 0
 166 0006 531C     		adds	r3, r2, #1
 167              	.LVL15:
 168 0008 0832     		adds	r2, r2, #8
 169              	.LVL16:
 170 000a D208     		lsrs	r2, r2, #3
 171              	.LVL17:
 172 000c D200     		lsls	r2, r2, #3
 173 000e 6C46     		mov	r4, sp
 174 0010 A21A     		subs	r2, r4, r2
 175 0012 9546     		mov	sp, r2
 176 0014 02AA     		add	r2, sp, #8
 177 0016 1500     		movs	r5, r2
 178              	.LVL18:
  43:Core/Driver/eeprom/at24c02.c **** 
  44:Core/Driver/eeprom/at24c02.c **** 	data_write[0] = reg;
 179              		.loc 1 44 0
 180 0018 1070     		strb	r0, [r2]
 181              	.LVL19:
  45:Core/Driver/eeprom/at24c02.c **** 
  46:Core/Driver/eeprom/at24c02.c **** 	for (i = 1; i < (size + 1); i++)
 182              		.loc 1 46 0
 183 001a 0120     		movs	r0, #1
 184              	.LVL20:
 185 001c 04E0     		b	.L10
 186              	.LVL21:
 187              	.L11:
ARM GAS  /tmp/ccC52H2e.s 			page 5


  47:Core/Driver/eeprom/at24c02.c **** 		data_write[i] = data[i - 1];
 188              		.loc 1 47 0 discriminator 3
 189 001e 0C18     		adds	r4, r1, r0
 190 0020 013C     		subs	r4, r4, #1
 191 0022 2478     		ldrb	r4, [r4]
 192 0024 2C54     		strb	r4, [r5, r0]
  46:Core/Driver/eeprom/at24c02.c **** 		data_write[i] = data[i - 1];
 193              		.loc 1 46 0 discriminator 3
 194 0026 0130     		adds	r0, r0, #1
 195              	.LVL22:
 196              	.L10:
  46:Core/Driver/eeprom/at24c02.c **** 		data_write[i] = data[i - 1];
 197              		.loc 1 46 0 is_stmt 0 discriminator 1
 198 0028 9842     		cmp	r0, r3
 199 002a F8DB     		blt	.L11
  48:Core/Driver/eeprom/at24c02.c **** 
  49:Core/Driver/eeprom/at24c02.c **** 	re = HAL_I2C_Master_Transmit(&AT24C02_I2C_PORT, (AT24C02_I2C_ADDR << 1),
 200              		.loc 1 49 0 is_stmt 1
 201 002c 9BB2     		uxth	r3, r3
 202              	.LVL23:
 203 002e FA21     		movs	r1, #250
 204              	.LVL24:
 205 0030 8900     		lsls	r1, r1, #2
 206 0032 0091     		str	r1, [sp]
 207 0034 A021     		movs	r1, #160
 208 0036 0248     		ldr	r0, .L12
 209              	.LVL25:
 210 0038 FFF7FEFF 		bl	HAL_I2C_Master_Transmit
 211              	.LVL26:
  50:Core/Driver/eeprom/at24c02.c **** 			data_write, sizeof(data_write), 1000);
  51:Core/Driver/eeprom/at24c02.c **** 
  52:Core/Driver/eeprom/at24c02.c **** 	return re;
  53:Core/Driver/eeprom/at24c02.c **** }
 212              		.loc 1 53 0
 213 003c BD46     		mov	sp, r7
 214              		@ sp needed
 215              	.LVL27:
 216 003e B0BD     		pop	{r4, r5, r7, pc}
 217              	.L13:
 218              		.align	2
 219              	.L12:
 220 0040 00000000 		.word	hi2c1
 221              		.cfi_endproc
 222              	.LFE313:
 224              		.section	.text.at24c02_read_write_test,"ax",%progbits
 225              		.align	2
 226              		.code	16
 227              		.thumb_func
 229              	at24c02_read_write_test:
 230              	.LFB315:
  54:Core/Driver/eeprom/at24c02.c **** 
  55:Core/Driver/eeprom/at24c02.c **** void at24c02_dump(uint8_t size) {
  56:Core/Driver/eeprom/at24c02.c **** 
  57:Core/Driver/eeprom/at24c02.c **** 	uint8_t v;
  58:Core/Driver/eeprom/at24c02.c **** 	int i;
  59:Core/Driver/eeprom/at24c02.c **** 
  60:Core/Driver/eeprom/at24c02.c **** 	CPRINTF("dump:");
ARM GAS  /tmp/ccC52H2e.s 			page 6


  61:Core/Driver/eeprom/at24c02.c **** 
  62:Core/Driver/eeprom/at24c02.c **** 	for (i = 0; i < size; i++) {
  63:Core/Driver/eeprom/at24c02.c **** 
  64:Core/Driver/eeprom/at24c02.c **** 		if (i % 8 == 0)
  65:Core/Driver/eeprom/at24c02.c **** 			PRINTF("\r\n0x%02x: ", i);
  66:Core/Driver/eeprom/at24c02.c **** 
  67:Core/Driver/eeprom/at24c02.c ****     		if (at24c02_read(i, &v, sizeof(v)) != HAL_OK)
  68:Core/Driver/eeprom/at24c02.c ****       			PRINTF("\r\n 0x%2x read fail\r\n", i);
  69:Core/Driver/eeprom/at24c02.c ****     		else
  70:Core/Driver/eeprom/at24c02.c ****       			PRINTF("%2x ", v);
  71:Core/Driver/eeprom/at24c02.c **** 	}
  72:Core/Driver/eeprom/at24c02.c **** 	PRINTF("\r\n");
  73:Core/Driver/eeprom/at24c02.c **** }
  74:Core/Driver/eeprom/at24c02.c **** 
  75:Core/Driver/eeprom/at24c02.c **** static int at24c02_read_write_test(void) {
 231              		.loc 1 75 0
 232              		.cfi_startproc
 233              		@ args = 0, pretend = 0, frame = 16
 234              		@ frame_needed = 0, uses_anonymous_args = 0
 235 0000 10B5     		push	{r4, lr}
 236              	.LCFI7:
 237              		.cfi_def_cfa_offset 8
 238              		.cfi_offset 4, -8
 239              		.cfi_offset 14, -4
 240 0002 84B0     		sub	sp, sp, #16
 241              	.LCFI8:
 242              		.cfi_def_cfa_offset 24
 243              	.LVL28:
  76:Core/Driver/eeprom/at24c02.c **** 
  77:Core/Driver/eeprom/at24c02.c **** 	int i;
  78:Core/Driver/eeprom/at24c02.c **** 	uint8_t reg = 0x00;
  79:Core/Driver/eeprom/at24c02.c **** 	uint8_t buf[] = {0x53, 0x54, 0x4d, 0x33, 0x32};
 244              		.loc 1 79 0
 245 0004 0522     		movs	r2, #5
 246 0006 1D49     		ldr	r1, .L21
 247 0008 02A8     		add	r0, sp, #8
 248 000a FFF7FEFF 		bl	memcpy
 249              	.LVL29:
  80:Core/Driver/eeprom/at24c02.c **** 	uint8_t buf_read[sizeof(buf)];
  81:Core/Driver/eeprom/at24c02.c **** 
  82:Core/Driver/eeprom/at24c02.c **** 	CPRINTF("read_write_test\r\n");
 250              		.loc 1 82 0
 251 000e 1C48     		ldr	r0, .L21+4
 252 0010 FFF7FEFF 		bl	puts
 253              	.LVL30:
  83:Core/Driver/eeprom/at24c02.c **** 
  84:Core/Driver/eeprom/at24c02.c **** 	CPRINTF("reg: %02x, data: ", reg);
 254              		.loc 1 84 0
 255 0014 0021     		movs	r1, #0
 256 0016 1B48     		ldr	r0, .L21+8
 257 0018 FFF7FEFF 		bl	printf
 258              	.LVL31:
  85:Core/Driver/eeprom/at24c02.c **** 	for (i = 0; i < sizeof(buf); i++)
 259              		.loc 1 85 0
 260 001c 0024     		movs	r4, #0
 261 001e 05E0     		b	.L15
 262              	.LVL32:
ARM GAS  /tmp/ccC52H2e.s 			page 7


 263              	.L16:
  86:Core/Driver/eeprom/at24c02.c **** 		PRINTF("%02x ", buf[i]);
 264              		.loc 1 86 0 discriminator 3
 265 0020 02AB     		add	r3, sp, #8
 266 0022 195D     		ldrb	r1, [r3, r4]
 267 0024 1848     		ldr	r0, .L21+12
 268 0026 FFF7FEFF 		bl	printf
 269              	.LVL33:
  85:Core/Driver/eeprom/at24c02.c **** 	for (i = 0; i < sizeof(buf); i++)
 270              		.loc 1 85 0 discriminator 3
 271 002a 0134     		adds	r4, r4, #1
 272              	.LVL34:
 273              	.L15:
  85:Core/Driver/eeprom/at24c02.c **** 	for (i = 0; i < sizeof(buf); i++)
 274              		.loc 1 85 0 is_stmt 0 discriminator 1
 275 002c 042C     		cmp	r4, #4
 276 002e F7D9     		bls	.L16
  87:Core/Driver/eeprom/at24c02.c **** 	PRINTF("\r\n");
 277              		.loc 1 87 0 is_stmt 1
 278 0030 1648     		ldr	r0, .L21+16
 279 0032 FFF7FEFF 		bl	puts
 280              	.LVL35:
  88:Core/Driver/eeprom/at24c02.c **** 
  89:Core/Driver/eeprom/at24c02.c **** 	at24c02_write(reg, buf, sizeof(buf));
 281              		.loc 1 89 0
 282 0036 0522     		movs	r2, #5
 283 0038 02A9     		add	r1, sp, #8
 284 003a 0020     		movs	r0, #0
 285 003c FFF7FEFF 		bl	at24c02_write
 286              	.LVL36:
  90:Core/Driver/eeprom/at24c02.c **** 	HAL_Delay(100);
 287              		.loc 1 90 0
 288 0040 6420     		movs	r0, #100
 289 0042 FFF7FEFF 		bl	HAL_Delay
 290              	.LVL37:
  91:Core/Driver/eeprom/at24c02.c **** 	at24c02_read(reg, buf_read, sizeof(buf_read));
 291              		.loc 1 91 0
 292 0046 0522     		movs	r2, #5
 293 0048 6946     		mov	r1, sp
 294 004a 0020     		movs	r0, #0
 295 004c FFF7FEFF 		bl	at24c02_read
 296              	.LVL38:
  92:Core/Driver/eeprom/at24c02.c **** 
  93:Core/Driver/eeprom/at24c02.c **** 	for (i = 0; i < sizeof(buf); i++) {
 297              		.loc 1 93 0
 298 0050 0021     		movs	r1, #0
 299 0052 0BE0     		b	.L17
 300              	.LVL39:
 301              	.L20:
  94:Core/Driver/eeprom/at24c02.c **** 		if (buf[i] != buf_read[i]) {
 302              		.loc 1 94 0
 303 0054 02AB     		add	r3, sp, #8
 304 0056 5A5C     		ldrb	r2, [r3, r1]
 305 0058 6B46     		mov	r3, sp
 306 005a 5B5C     		ldrb	r3, [r3, r1]
 307 005c 9A42     		cmp	r2, r3
 308 005e 04D0     		beq	.L18
ARM GAS  /tmp/ccC52H2e.s 			page 8


  95:Core/Driver/eeprom/at24c02.c **** 			CPRINTF("reg: %02x, test fail: %02x %02x\n\r",
 309              		.loc 1 95 0
 310 0060 0B48     		ldr	r0, .L21+20
 311 0062 FFF7FEFF 		bl	printf
 312              	.LVL40:
  96:Core/Driver/eeprom/at24c02.c **** 					i, buf[i], buf_read[i]);
  97:Core/Driver/eeprom/at24c02.c **** 			return HAL_ERROR;
 313              		.loc 1 97 0
 314 0066 0120     		movs	r0, #1
 315 0068 06E0     		b	.L19
 316              	.LVL41:
 317              	.L18:
  93:Core/Driver/eeprom/at24c02.c **** 		if (buf[i] != buf_read[i]) {
 318              		.loc 1 93 0 discriminator 2
 319 006a 0131     		adds	r1, r1, #1
 320              	.LVL42:
 321              	.L17:
  93:Core/Driver/eeprom/at24c02.c **** 		if (buf[i] != buf_read[i]) {
 322              		.loc 1 93 0 is_stmt 0 discriminator 1
 323 006c 0429     		cmp	r1, #4
 324 006e F1D9     		bls	.L20
  98:Core/Driver/eeprom/at24c02.c **** 		}
  99:Core/Driver/eeprom/at24c02.c **** 	}
 100:Core/Driver/eeprom/at24c02.c **** 
 101:Core/Driver/eeprom/at24c02.c **** 	CPRINTF("test pass\r\n");
 325              		.loc 1 101 0 is_stmt 1
 326 0070 0848     		ldr	r0, .L21+24
 327 0072 FFF7FEFF 		bl	puts
 328              	.LVL43:
 102:Core/Driver/eeprom/at24c02.c **** 	return HAL_OK;
 329              		.loc 1 102 0
 330 0076 0020     		movs	r0, #0
 331              	.L19:
 103:Core/Driver/eeprom/at24c02.c **** }
 332              		.loc 1 103 0
 333 0078 04B0     		add	sp, sp, #16
 334              		@ sp needed
 335 007a 10BD     		pop	{r4, pc}
 336              	.L22:
 337              		.align	2
 338              	.L21:
 339 007c 00000000 		.word	.LANCHOR0
 340 0080 40000000 		.word	.LC9
 341 0084 5C000000 		.word	.LC11
 342 0088 78000000 		.word	.LC13
 343 008c 80000000 		.word	.LC15
 344 0090 84000000 		.word	.LC17
 345 0094 B0000000 		.word	.LC19
 346              		.cfi_endproc
 347              	.LFE315:
 349              		.section	.text.at24c02_dump,"ax",%progbits
 350              		.align	2
 351              		.global	at24c02_dump
 352              		.code	16
 353              		.thumb_func
 355              	at24c02_dump:
 356              	.LFB314:
ARM GAS  /tmp/ccC52H2e.s 			page 9


  55:Core/Driver/eeprom/at24c02.c **** 
 357              		.loc 1 55 0
 358              		.cfi_startproc
 359              		@ args = 0, pretend = 0, frame = 8
 360              		@ frame_needed = 0, uses_anonymous_args = 0
 361              	.LVL44:
 362 0000 30B5     		push	{r4, r5, lr}
 363              	.LCFI9:
 364              		.cfi_def_cfa_offset 12
 365              		.cfi_offset 4, -12
 366              		.cfi_offset 5, -8
 367              		.cfi_offset 14, -4
 368 0002 83B0     		sub	sp, sp, #12
 369              	.LCFI10:
 370              		.cfi_def_cfa_offset 24
 371 0004 0500     		movs	r5, r0
  60:Core/Driver/eeprom/at24c02.c **** 
 372              		.loc 1 60 0
 373 0006 1248     		ldr	r0, .L29
 374              	.LVL45:
 375 0008 FFF7FEFF 		bl	printf
 376              	.LVL46:
  62:Core/Driver/eeprom/at24c02.c **** 
 377              		.loc 1 62 0
 378 000c 0024     		movs	r4, #0
 379 000e 18E0     		b	.L24
 380              	.LVL47:
 381              	.L28:
  64:Core/Driver/eeprom/at24c02.c **** 			PRINTF("\r\n0x%02x: ", i);
 382              		.loc 1 64 0
 383 0010 6307     		lsls	r3, r4, #29
 384 0012 03D1     		bne	.L25
  65:Core/Driver/eeprom/at24c02.c **** 
 385              		.loc 1 65 0
 386 0014 2100     		movs	r1, r4
 387 0016 0F48     		ldr	r0, .L29+4
 388 0018 FFF7FEFF 		bl	printf
 389              	.LVL48:
 390              	.L25:
  67:Core/Driver/eeprom/at24c02.c ****       			PRINTF("\r\n 0x%2x read fail\r\n", i);
 391              		.loc 1 67 0
 392 001c E0B2     		uxtb	r0, r4
 393 001e 0122     		movs	r2, #1
 394 0020 6B46     		mov	r3, sp
 395 0022 D91D     		adds	r1, r3, #7
 396 0024 FFF7FEFF 		bl	at24c02_read
 397              	.LVL49:
 398 0028 0028     		cmp	r0, #0
 399 002a 04D0     		beq	.L26
  68:Core/Driver/eeprom/at24c02.c ****     		else
 400              		.loc 1 68 0
 401 002c 2100     		movs	r1, r4
 402 002e 0A48     		ldr	r0, .L29+8
 403 0030 FFF7FEFF 		bl	printf
 404              	.LVL50:
 405 0034 04E0     		b	.L27
 406              	.L26:
ARM GAS  /tmp/ccC52H2e.s 			page 10


  70:Core/Driver/eeprom/at24c02.c **** 	}
 407              		.loc 1 70 0
 408 0036 6B46     		mov	r3, sp
 409 0038 D979     		ldrb	r1, [r3, #7]
 410 003a 0848     		ldr	r0, .L29+12
 411 003c FFF7FEFF 		bl	printf
 412              	.LVL51:
 413              	.L27:
  62:Core/Driver/eeprom/at24c02.c **** 
 414              		.loc 1 62 0 discriminator 2
 415 0040 0134     		adds	r4, r4, #1
 416              	.LVL52:
 417              	.L24:
  62:Core/Driver/eeprom/at24c02.c **** 
 418              		.loc 1 62 0 is_stmt 0 discriminator 1
 419 0042 AC42     		cmp	r4, r5
 420 0044 E4DB     		blt	.L28
  72:Core/Driver/eeprom/at24c02.c **** }
 421              		.loc 1 72 0 is_stmt 1
 422 0046 0648     		ldr	r0, .L29+16
 423 0048 FFF7FEFF 		bl	puts
 424              	.LVL53:
  73:Core/Driver/eeprom/at24c02.c **** 
 425              		.loc 1 73 0
 426 004c 03B0     		add	sp, sp, #12
 427              		@ sp needed
 428              	.LVL54:
 429 004e 30BD     		pop	{r4, r5, pc}
 430              	.L30:
 431              		.align	2
 432              	.L29:
 433 0050 C4000000 		.word	.LC21
 434 0054 D4000000 		.word	.LC23
 435 0058 E0000000 		.word	.LC25
 436 005c F8000000 		.word	.LC27
 437 0060 80000000 		.word	.LC15
 438              		.cfi_endproc
 439              	.LFE314:
 441              		.section	.text.is_at24c02_ready,"ax",%progbits
 442              		.align	2
 443              		.global	is_at24c02_ready
 444              		.code	16
 445              		.thumb_func
 447              	is_at24c02_ready:
 448              	.LFB316:
 104:Core/Driver/eeprom/at24c02.c **** 
 105:Core/Driver/eeprom/at24c02.c **** /**
 106:Core/Driver/eeprom/at24c02.c ****  * return 0 ,if AT24C02 no respond
 107:Core/Driver/eeprom/at24c02.c ****  * return 1 ,if AT24C02 exist
 108:Core/Driver/eeprom/at24c02.c ****  */
 109:Core/Driver/eeprom/at24c02.c **** int is_at24c02_ready(void)
 110:Core/Driver/eeprom/at24c02.c **** {
 449              		.loc 1 110 0
 450              		.cfi_startproc
 451              		@ args = 0, pretend = 0, frame = 0
 452              		@ frame_needed = 0, uses_anonymous_args = 0
 453 0000 10B5     		push	{r4, lr}
ARM GAS  /tmp/ccC52H2e.s 			page 11


 454              	.LCFI11:
 455              		.cfi_def_cfa_offset 8
 456              		.cfi_offset 4, -8
 457              		.cfi_offset 14, -4
 111:Core/Driver/eeprom/at24c02.c **** 	return !(HAL_I2C_IsDeviceReady(&AT24C02_I2C_PORT,
 458              		.loc 1 111 0
 459 0002 0A23     		movs	r3, #10
 460 0004 0322     		movs	r2, #3
 461 0006 A021     		movs	r1, #160
 462 0008 0248     		ldr	r0, .L32
 463 000a FFF7FEFF 		bl	HAL_I2C_IsDeviceReady
 464              	.LVL55:
 465 000e 4342     		rsbs	r3, r0, #0
 466 0010 5841     		adcs	r0, r0, r3
 112:Core/Driver/eeprom/at24c02.c **** 				(AT24C02_I2C_ADDR << 1), 3, 10));
 113:Core/Driver/eeprom/at24c02.c **** }
 467              		.loc 1 113 0
 468              		@ sp needed
 469 0012 10BD     		pop	{r4, pc}
 470              	.L33:
 471              		.align	2
 472              	.L32:
 473 0014 00000000 		.word	hi2c1
 474              		.cfi_endproc
 475              	.LFE316:
 477              		.section	.text.at24c02_Init,"ax",%progbits
 478              		.align	2
 479              		.global	at24c02_Init
 480              		.code	16
 481              		.thumb_func
 483              	at24c02_Init:
 484              	.LFB317:
 114:Core/Driver/eeprom/at24c02.c **** 
 115:Core/Driver/eeprom/at24c02.c **** int at24c02_Init(void)
 116:Core/Driver/eeprom/at24c02.c **** {
 485              		.loc 1 116 0
 486              		.cfi_startproc
 487              		@ args = 0, pretend = 0, frame = 0
 488              		@ frame_needed = 0, uses_anonymous_args = 0
 489 0000 10B5     		push	{r4, lr}
 490              	.LCFI12:
 491              		.cfi_def_cfa_offset 8
 492              		.cfi_offset 4, -8
 493              		.cfi_offset 14, -4
 117:Core/Driver/eeprom/at24c02.c **** 	CPRINTF("init\r\n");
 494              		.loc 1 117 0
 495 0002 0B48     		ldr	r0, .L38
 496 0004 FFF7FEFF 		bl	puts
 497              	.LVL56:
 118:Core/Driver/eeprom/at24c02.c **** 
 119:Core/Driver/eeprom/at24c02.c **** 	if (!is_at24c02_ready()) {
 498              		.loc 1 119 0
 499 0008 FFF7FEFF 		bl	is_at24c02_ready
 500              	.LVL57:
 501 000c 0028     		cmp	r0, #0
 502 000e 04D1     		bne	.L35
 120:Core/Driver/eeprom/at24c02.c **** 		CPRINTF("Can not found AT24C02!\r\n");
ARM GAS  /tmp/ccC52H2e.s 			page 12


 503              		.loc 1 120 0
 504 0010 0848     		ldr	r0, .L38+4
 505 0012 FFF7FEFF 		bl	puts
 506              	.LVL58:
 121:Core/Driver/eeprom/at24c02.c **** 		return HAL_ERROR;
 507              		.loc 1 121 0
 508 0016 0124     		movs	r4, #1
 509 0018 08E0     		b	.L36
 510              	.L35:
 122:Core/Driver/eeprom/at24c02.c **** 	}
 123:Core/Driver/eeprom/at24c02.c **** 
 124:Core/Driver/eeprom/at24c02.c **** #ifdef AT24C02_SELF_TEST
 125:Core/Driver/eeprom/at24c02.c **** 	if (at24c02_read_write_test()) {
 511              		.loc 1 125 0
 512 001a FFF7FEFF 		bl	at24c02_read_write_test
 513              	.LVL59:
 514 001e 041E     		subs	r4, r0, #0
 515 0020 03D1     		bne	.L37
 126:Core/Driver/eeprom/at24c02.c **** 		return HAL_ERROR;
 127:Core/Driver/eeprom/at24c02.c **** 	}
 128:Core/Driver/eeprom/at24c02.c **** #endif
 129:Core/Driver/eeprom/at24c02.c **** 	at24c02_dump(16);
 516              		.loc 1 129 0
 517 0022 1020     		movs	r0, #16
 518 0024 FFF7FEFF 		bl	at24c02_dump
 519              	.LVL60:
 130:Core/Driver/eeprom/at24c02.c **** 	return HAL_OK;
 520              		.loc 1 130 0
 521 0028 00E0     		b	.L36
 522              	.L37:
 126:Core/Driver/eeprom/at24c02.c **** 		return HAL_ERROR;
 523              		.loc 1 126 0
 524 002a 0124     		movs	r4, #1
 525              	.L36:
 131:Core/Driver/eeprom/at24c02.c **** }
 526              		.loc 1 131 0
 527 002c 2000     		movs	r0, r4
 528              		@ sp needed
 529 002e 10BD     		pop	{r4, pc}
 530              	.L39:
 531              		.align	2
 532              	.L38:
 533 0030 00010000 		.word	.LC31
 534 0034 10010000 		.word	.LC33
 535              		.cfi_endproc
 536              	.LFE317:
 538              		.section	.rodata
 539              		.align	2
 540              		.set	.LANCHOR0,. + 0
 541              	.LC0:
 542 0000 53       		.byte	83
 543 0001 54       		.byte	84
 544 0002 4D       		.byte	77
 545 0003 33       		.byte	51
 546 0004 32       		.byte	50
 547              		.section	.rodata.str1.4,"aMS",%progbits,1
 548              		.align	2
ARM GAS  /tmp/ccC52H2e.s 			page 13


 549              	.LC2:
 550 0000 41543234 		.ascii	"AT24C02: setup reg pointer fail! (%d)\000"
 550      4330323A 
 550      20736574 
 550      75702072 
 550      65672070 
 551 0026 0000     		.space	2
 552              	.LC5:
 553 0028 41543234 		.ascii	"AT24C02: read failed\012\015\000"
 553      4330323A 
 553      20726561 
 553      64206661 
 553      696C6564 
 554 003f 00       		.space	1
 555              	.LC9:
 556 0040 41543234 		.ascii	"AT24C02: read_write_test\015\000"
 556      4330323A 
 556      20726561 
 556      645F7772 
 556      6974655F 
 557 005a 0000     		.space	2
 558              	.LC11:
 559 005c 41543234 		.ascii	"AT24C02: reg: %02x, data: \000"
 559      4330323A 
 559      20726567 
 559      3A202530 
 559      32782C20 
 560 0077 00       		.space	1
 561              	.LC13:
 562 0078 25303278 		.ascii	"%02x \000"
 562      2000
 563 007e 0000     		.space	2
 564              	.LC15:
 565 0080 0D00     		.ascii	"\015\000"
 566 0082 0000     		.space	2
 567              	.LC17:
 568 0084 41543234 		.ascii	"AT24C02: reg: %02x, test fail: %02x %02x\012\015\000"
 568      4330323A 
 568      20726567 
 568      3A202530 
 568      32782C20 
 569 00af 00       		.space	1
 570              	.LC19:
 571 00b0 41543234 		.ascii	"AT24C02: test pass\015\000"
 571      4330323A 
 571      20746573 
 571      74207061 
 571      73730D00 
 572              	.LC21:
 573 00c4 41543234 		.ascii	"AT24C02: dump:\000"
 573      4330323A 
 573      2064756D 
 573      703A00
 574 00d3 00       		.space	1
 575              	.LC23:
 576 00d4 0D0A3078 		.ascii	"\015\0120x%02x: \000"
 576      25303278 
ARM GAS  /tmp/ccC52H2e.s 			page 14


 576      3A2000
 577 00df 00       		.space	1
 578              	.LC25:
 579 00e0 0D0A2030 		.ascii	"\015\012 0x%2x read fail\015\012\000"
 579      78253278 
 579      20726561 
 579      64206661 
 579      696C0D0A 
 580 00f5 000000   		.space	3
 581              	.LC27:
 582 00f8 25327820 		.ascii	"%2x \000"
 582      00
 583 00fd 000000   		.space	3
 584              	.LC31:
 585 0100 41543234 		.ascii	"AT24C02: init\015\000"
 585      4330323A 
 585      20696E69 
 585      740D00
 586 010f 00       		.space	1
 587              	.LC33:
 588 0110 41543234 		.ascii	"AT24C02: Can not found AT24C02!\015\000"
 588      4330323A 
 588      2043616E 
 588      206E6F74 
 588      20666F75 
 589              		.text
 590              	.Letext0:
 591              		.file 2 "/home/yuan/gcc-arm-none-eabi-5_4-2016q3/arm-none-eabi/include/machine/_default_types.h"
 592              		.file 3 "/home/yuan/gcc-arm-none-eabi-5_4-2016q3/arm-none-eabi/include/sys/_stdint.h"
 593              		.file 4 "Drivers/CMSIS/Device/ST/STM32G0xx/Include/stm32g070xx.h"
 594              		.file 5 "Drivers/STM32G0xx_HAL_Driver/Inc/stm32g0xx_hal_def.h"
 595              		.file 6 "Drivers/STM32G0xx_HAL_Driver/Inc/stm32g0xx_hal_dma.h"
 596              		.file 7 "Drivers/STM32G0xx_HAL_Driver/Inc/stm32g0xx_hal_i2c.h"
 597              		.file 8 "Drivers/STM32G0xx_HAL_Driver/Inc/stm32g0xx_ll_dma.h"
 598              		.file 9 "Drivers/CMSIS/Include/cmsis_gcc.h"
 599              		.file 10 "Core/Driver/eeprom/at24c02.h"
 600              		.file 11 "/home/yuan/gcc-arm-none-eabi-5_4-2016q3/arm-none-eabi/include/stdio.h"
 601              		.file 12 "Drivers/STM32G0xx_HAL_Driver/Inc/stm32g0xx_hal.h"
 602              		.file 13 "<built-in>"
ARM GAS  /tmp/ccC52H2e.s 			page 15


DEFINED SYMBOLS
                            *ABS*:00000000 at24c02.c
     /tmp/ccC52H2e.s:20     .text.ina3221_set_reg_pointer:00000000 $t
     /tmp/ccC52H2e.s:24     .text.ina3221_set_reg_pointer:00000000 ina3221_set_reg_pointer
     /tmp/ccC52H2e.s:72     .text.ina3221_set_reg_pointer:0000002c $d
     /tmp/ccC52H2e.s:78     .text.at24c02_read:00000000 $t
     /tmp/ccC52H2e.s:83     .text.at24c02_read:00000000 at24c02_read
     /tmp/ccC52H2e.s:134    .text.at24c02_read:00000030 $d
     /tmp/ccC52H2e.s:140    .text.at24c02_write:00000000 $t
     /tmp/ccC52H2e.s:145    .text.at24c02_write:00000000 at24c02_write
     /tmp/ccC52H2e.s:220    .text.at24c02_write:00000040 $d
     /tmp/ccC52H2e.s:225    .text.at24c02_read_write_test:00000000 $t
     /tmp/ccC52H2e.s:229    .text.at24c02_read_write_test:00000000 at24c02_read_write_test
     /tmp/ccC52H2e.s:339    .text.at24c02_read_write_test:0000007c $d
     /tmp/ccC52H2e.s:350    .text.at24c02_dump:00000000 $t
     /tmp/ccC52H2e.s:355    .text.at24c02_dump:00000000 at24c02_dump
     /tmp/ccC52H2e.s:433    .text.at24c02_dump:00000050 $d
     /tmp/ccC52H2e.s:442    .text.is_at24c02_ready:00000000 $t
     /tmp/ccC52H2e.s:447    .text.is_at24c02_ready:00000000 is_at24c02_ready
     /tmp/ccC52H2e.s:473    .text.is_at24c02_ready:00000014 $d
     /tmp/ccC52H2e.s:478    .text.at24c02_Init:00000000 $t
     /tmp/ccC52H2e.s:483    .text.at24c02_Init:00000000 at24c02_Init
     /tmp/ccC52H2e.s:533    .text.at24c02_Init:00000030 $d
     /tmp/ccC52H2e.s:539    .rodata:00000000 $d
     /tmp/ccC52H2e.s:548    .rodata.str1.4:00000000 $d
                     .debug_frame:00000010 $d

UNDEFINED SYMBOLS
HAL_I2C_Master_Transmit
printf
hi2c1
HAL_I2C_Master_Receive
memcpy
puts
HAL_Delay
HAL_I2C_IsDeviceReady
